[2021-10-09 00:00:02,264] {taskinstance.py:903} INFO - Dependencies all met for <TaskInstance: my_dag.Choose_Best_Model 2021-10-08T00:00:00+00:00 [queued]>
[2021-10-09 00:00:02,285] {taskinstance.py:903} INFO - Dependencies all met for <TaskInstance: my_dag.Choose_Best_Model 2021-10-08T00:00:00+00:00 [queued]>
[2021-10-09 00:00:02,286] {taskinstance.py:1095} INFO - 
--------------------------------------------------------------------------------
[2021-10-09 00:00:02,287] {taskinstance.py:1096} INFO - Starting attempt 1 of 1
[2021-10-09 00:00:02,288] {taskinstance.py:1097} INFO - 
--------------------------------------------------------------------------------
[2021-10-09 00:00:02,298] {taskinstance.py:1115} INFO - Executing <Task(BranchPythonOperator): Choose_Best_Model> on 2021-10-08T00:00:00+00:00
[2021-10-09 00:00:02,307] {standard_task_runner.py:76} INFO - Running: ['***', 'tasks', 'run', 'my_dag', 'Choose_Best_Model', '2021-10-08T00:00:00+00:00', '--job-id', '166', '--pool', 'default_pool', '--raw', '--subdir', 'DAGS_FOLDER/my_dag.py', '--cfg-path', '/tmp/tmp04cv4yy0', '--error-file', '/tmp/tmp3_r3yxvj']
[2021-10-09 00:00:02,303] {standard_task_runner.py:52} INFO - Started process 56720 to run task
[2021-10-09 00:00:02,310] {standard_task_runner.py:77} INFO - Job 166: Subtask Choose_Best_Model
[2021-10-09 00:00:02,364] {logging_mixin.py:109} INFO - Running <TaskInstance: my_dag.Choose_Best_Model 2021-10-08T00:00:00+00:00 [running]> on host d6b4131456ad
[2021-10-09 00:00:02,427] {taskinstance.py:1254} INFO - Exporting the following env vars:
AIRFLOW_CTX_DAG_OWNER=***
AIRFLOW_CTX_DAG_ID=my_dag
AIRFLOW_CTX_TASK_ID=Choose_Best_Model
AIRFLOW_CTX_EXECUTION_DATE=2021-10-08T00:00:00+00:00
AIRFLOW_CTX_DAG_RUN_ID=scheduled__2021-10-08T00:00:00+00:00
[2021-10-09 00:00:02,441] {logging_mixin.py:109} INFO - Accuracies: [3, 2, 6]
[2021-10-09 00:00:02,442] {python.py:151} INFO - Done. Returned value was: Not_Accurate
[2021-10-09 00:00:02,443] {skipmixin.py:124} INFO - Following branch Not_Accurate
[2021-10-09 00:00:02,452] {skipmixin.py:155} INFO - Skipping tasks ['Accurate']
[2021-10-09 00:00:02,547] {taskinstance.py:1219} INFO - Marking task as SUCCESS. dag_id=my_dag, task_id=Choose_Best_Model, execution_date=20211008T000000, start_date=20211009T000002, end_date=20211009T000002
[2021-10-09 00:00:02,607] {local_task_job.py:151} INFO - Task exited with return code 0
[2021-10-09 00:00:02,648] {local_task_job.py:261} INFO - 1 downstream tasks scheduled from follow-on schedule check
