[2021-10-05 14:04:26,964] {taskinstance.py:903} INFO - Dependencies all met for <TaskInstance: my_dag.Choose_Best_Model 2021-10-05T14:04:23.446447+00:00 [queued]>
[2021-10-05 14:04:26,990] {taskinstance.py:903} INFO - Dependencies all met for <TaskInstance: my_dag.Choose_Best_Model 2021-10-05T14:04:23.446447+00:00 [queued]>
[2021-10-05 14:04:27,009] {taskinstance.py:1095} INFO - 
--------------------------------------------------------------------------------
[2021-10-05 14:04:27,010] {taskinstance.py:1096} INFO - Starting attempt 1 of 1
[2021-10-05 14:04:27,012] {taskinstance.py:1097} INFO - 
--------------------------------------------------------------------------------
[2021-10-05 14:04:27,031] {taskinstance.py:1115} INFO - Executing <Task(BranchPythonOperator): Choose_Best_Model> on 2021-10-05T14:04:23.446447+00:00
[2021-10-05 14:04:27,045] {standard_task_runner.py:76} INFO - Running: ['***', 'tasks', 'run', 'my_dag', 'Choose_Best_Model', '2021-10-05T14:04:23.446447+00:00', '--job-id', '136', '--pool', 'default_pool', '--raw', '--subdir', 'DAGS_FOLDER/my_dag.py', '--cfg-path', '/tmp/tmp1v2wc3ug', '--error-file', '/tmp/tmpksvcp_ch']
[2021-10-05 14:04:27,048] {standard_task_runner.py:77} INFO - Job 136: Subtask Choose_Best_Model
[2021-10-05 14:04:27,040] {standard_task_runner.py:52} INFO - Started process 82079 to run task
[2021-10-05 14:04:27,120] {logging_mixin.py:109} INFO - Running <TaskInstance: my_dag.Choose_Best_Model 2021-10-05T14:04:23.446447+00:00 [running]> on host d6b4131456ad
[2021-10-05 14:04:27,234] {taskinstance.py:1254} INFO - Exporting the following env vars:
AIRFLOW_CTX_DAG_OWNER=***
AIRFLOW_CTX_DAG_ID=my_dag
AIRFLOW_CTX_TASK_ID=Choose_Best_Model
AIRFLOW_CTX_EXECUTION_DATE=2021-10-05T14:04:23.446447+00:00
AIRFLOW_CTX_DAG_RUN_ID=manual__2021-10-05T14:04:23.446447+00:00
[2021-10-05 14:04:27,254] {logging_mixin.py:109} INFO - Accuracies: [6, 3, 2]
[2021-10-05 14:04:27,256] {python.py:151} INFO - Done. Returned value was: Accurate
[2021-10-05 14:04:27,259] {skipmixin.py:124} INFO - Following branch Accurate
[2021-10-05 14:04:27,278] {skipmixin.py:155} INFO - Skipping tasks ['Not_Accurate']
[2021-10-05 14:04:27,359] {taskinstance.py:1219} INFO - Marking task as SUCCESS. dag_id=my_dag, task_id=Choose_Best_Model, execution_date=20211005T140423, start_date=20211005T140426, end_date=20211005T140427
[2021-10-05 14:04:27,434] {local_task_job.py:151} INFO - Task exited with return code 0
[2021-10-05 14:04:27,487] {local_task_job.py:261} INFO - 1 downstream tasks scheduled from follow-on schedule check
