[2021-10-03 00:37:07,867] {taskinstance.py:903} INFO - Dependencies all met for <TaskInstance: my_dag.Choose_Best_Model 2021-10-03T00:37:05.394662+00:00 [queued]>
[2021-10-03 00:37:07,885] {taskinstance.py:903} INFO - Dependencies all met for <TaskInstance: my_dag.Choose_Best_Model 2021-10-03T00:37:05.394662+00:00 [queued]>
[2021-10-03 00:37:07,887] {taskinstance.py:1095} INFO - 
--------------------------------------------------------------------------------
[2021-10-03 00:37:07,888] {taskinstance.py:1096} INFO - Starting attempt 1 of 1
[2021-10-03 00:37:07,889] {taskinstance.py:1097} INFO - 
--------------------------------------------------------------------------------
[2021-10-03 00:37:07,900] {taskinstance.py:1115} INFO - Executing <Task(BranchPythonOperator): Choose_Best_Model> on 2021-10-03T00:37:05.394662+00:00
[2021-10-03 00:37:07,905] {standard_task_runner.py:52} INFO - Started process 24220 to run task
[2021-10-03 00:37:07,912] {standard_task_runner.py:76} INFO - Running: ['***', 'tasks', 'run', 'my_dag', 'Choose_Best_Model', '2021-10-03T00:37:05.394662+00:00', '--job-id', '61', '--pool', 'default_pool', '--raw', '--subdir', 'DAGS_FOLDER/my_dag.py', '--cfg-path', '/tmp/tmpwknxy1ts', '--error-file', '/tmp/tmpbizsaa8i']
[2021-10-03 00:37:07,913] {standard_task_runner.py:77} INFO - Job 61: Subtask Choose_Best_Model
[2021-10-03 00:37:07,982] {logging_mixin.py:109} INFO - Running <TaskInstance: my_dag.Choose_Best_Model 2021-10-03T00:37:05.394662+00:00 [running]> on host d6b4131456ad
[2021-10-03 00:37:08,051] {taskinstance.py:1254} INFO - Exporting the following env vars:
AIRFLOW_CTX_DAG_OWNER=***
AIRFLOW_CTX_DAG_ID=my_dag
AIRFLOW_CTX_TASK_ID=Choose_Best_Model
AIRFLOW_CTX_EXECUTION_DATE=2021-10-03T00:37:05.394662+00:00
AIRFLOW_CTX_DAG_RUN_ID=manual__2021-10-03T00:37:05.394662+00:00
[2021-10-03 00:37:08,063] {logging_mixin.py:109} INFO - Accuracies: [3, 6, 2]
[2021-10-03 00:37:08,065] {python.py:151} INFO - Done. Returned value was: Not_Accurate
[2021-10-03 00:37:08,066] {skipmixin.py:124} INFO - Following branch Not_Accurate
[2021-10-03 00:37:08,075] {skipmixin.py:155} INFO - Skipping tasks ['Accurate']
[2021-10-03 00:37:08,129] {taskinstance.py:1219} INFO - Marking task as SUCCESS. dag_id=my_dag, task_id=Choose_Best_Model, execution_date=20211003T003705, start_date=20211003T003707, end_date=20211003T003708
[2021-10-03 00:37:08,168] {local_task_job.py:151} INFO - Task exited with return code 0
[2021-10-03 00:37:08,200] {local_task_job.py:261} INFO - 1 downstream tasks scheduled from follow-on schedule check
