[2021-10-06 00:00:01,122] {taskinstance.py:903} INFO - Dependencies all met for <TaskInstance: my_dag.Training_Model_B 2021-10-05T00:00:00+00:00 [queued]>
[2021-10-06 00:00:01,168] {taskinstance.py:903} INFO - Dependencies all met for <TaskInstance: my_dag.Training_Model_B 2021-10-05T00:00:00+00:00 [queued]>
[2021-10-06 00:00:01,170] {taskinstance.py:1095} INFO - 
--------------------------------------------------------------------------------
[2021-10-06 00:00:01,172] {taskinstance.py:1096} INFO - Starting attempt 1 of 1
[2021-10-06 00:00:01,174] {taskinstance.py:1097} INFO - 
--------------------------------------------------------------------------------
[2021-10-06 00:00:01,194] {taskinstance.py:1115} INFO - Executing <Task(PythonOperator): Training_Model_B> on 2021-10-05T00:00:00+00:00
[2021-10-06 00:00:01,200] {standard_task_runner.py:52} INFO - Started process 15101 to run task
[2021-10-06 00:00:01,221] {standard_task_runner.py:76} INFO - Running: ['***', 'tasks', 'run', 'my_dag', 'Training_Model_B', '2021-10-05T00:00:00+00:00', '--job-id', '148', '--pool', 'default_pool', '--raw', '--subdir', 'DAGS_FOLDER/my_dag.py', '--cfg-path', '/tmp/tmpmd_c9vfh', '--error-file', '/tmp/tmp1zrr8nb4']
[2021-10-06 00:00:01,222] {standard_task_runner.py:77} INFO - Job 148: Subtask Training_Model_B
[2021-10-06 00:00:01,318] {logging_mixin.py:109} INFO - Running <TaskInstance: my_dag.Training_Model_B 2021-10-05T00:00:00+00:00 [running]> on host d6b4131456ad
[2021-10-06 00:00:01,454] {taskinstance.py:1254} INFO - Exporting the following env vars:
AIRFLOW_CTX_DAG_OWNER=***
AIRFLOW_CTX_DAG_ID=my_dag
AIRFLOW_CTX_TASK_ID=Training_Model_B
AIRFLOW_CTX_EXECUTION_DATE=2021-10-05T00:00:00+00:00
AIRFLOW_CTX_DAG_RUN_ID=scheduled__2021-10-05T00:00:00+00:00
[2021-10-06 00:00:01,496] {python.py:151} INFO - Done. Returned value was: None
[2021-10-06 00:00:01,547] {taskinstance.py:1219} INFO - Marking task as SUCCESS. dag_id=my_dag, task_id=Training_Model_B, execution_date=20211005T000000, start_date=20211006T000001, end_date=20211006T000001
[2021-10-06 00:00:01,648] {local_task_job.py:151} INFO - Task exited with return code 0
[2021-10-06 00:00:01,813] {local_task_job.py:261} INFO - 0 downstream tasks scheduled from follow-on schedule check
