[2021-10-05 11:58:41,230] {taskinstance.py:903} INFO - Dependencies all met for <TaskInstance: my_dag.Accurate 2021-10-05T11:58:35.108275+00:00 [queued]>
[2021-10-05 11:58:41,265] {taskinstance.py:903} INFO - Dependencies all met for <TaskInstance: my_dag.Accurate 2021-10-05T11:58:35.108275+00:00 [queued]>
[2021-10-05 11:58:41,266] {taskinstance.py:1095} INFO - 
--------------------------------------------------------------------------------
[2021-10-05 11:58:41,267] {taskinstance.py:1096} INFO - Starting attempt 1 of 1
[2021-10-05 11:58:41,269] {taskinstance.py:1097} INFO - 
--------------------------------------------------------------------------------
[2021-10-05 11:58:41,282] {taskinstance.py:1115} INFO - Executing <Task(BashOperator): Accurate> on 2021-10-05T11:58:35.108275+00:00
[2021-10-05 11:58:41,288] {standard_task_runner.py:52} INFO - Started process 74155 to run task
[2021-10-05 11:58:41,295] {standard_task_runner.py:76} INFO - Running: ['***', 'tasks', 'run', 'my_dag', 'Accurate', '2021-10-05T11:58:35.108275+00:00', '--job-id', '127', '--pool', 'default_pool', '--raw', '--subdir', 'DAGS_FOLDER/my_dag.py', '--cfg-path', '/tmp/tmp0uyrydw0', '--error-file', '/tmp/tmpap9dcvcx']
[2021-10-05 11:58:41,298] {standard_task_runner.py:77} INFO - Job 127: Subtask Accurate
[2021-10-05 11:58:41,368] {logging_mixin.py:109} INFO - Running <TaskInstance: my_dag.Accurate 2021-10-05T11:58:35.108275+00:00 [running]> on host d6b4131456ad
[2021-10-05 11:58:41,469] {taskinstance.py:1254} INFO - Exporting the following env vars:
AIRFLOW_CTX_DAG_OWNER=***
AIRFLOW_CTX_DAG_ID=my_dag
AIRFLOW_CTX_TASK_ID=Accurate
AIRFLOW_CTX_EXECUTION_DATE=2021-10-05T11:58:35.108275+00:00
AIRFLOW_CTX_DAG_RUN_ID=manual__2021-10-05T11:58:35.108275+00:00
[2021-10-05 11:58:41,475] {subprocess.py:52} INFO - Tmp dir root location: 
 /tmp
[2021-10-05 11:58:41,480] {subprocess.py:63} INFO - Running command: ['bash', '-c', "printf '============\n\nAccurate\n\n=============' "]
[2021-10-05 11:58:41,502] {subprocess.py:74} INFO - Output:
[2021-10-05 11:58:41,524] {subprocess.py:78} INFO - ============
[2021-10-05 11:58:41,525] {subprocess.py:78} INFO - 
[2021-10-05 11:58:41,526] {subprocess.py:78} INFO - Accurate
[2021-10-05 11:58:41,528] {subprocess.py:78} INFO - 
[2021-10-05 11:58:41,529] {subprocess.py:78} INFO - =============
[2021-10-05 11:58:41,531] {subprocess.py:82} INFO - Command exited with return code 0
[2021-10-05 11:58:41,585] {taskinstance.py:1219} INFO - Marking task as SUCCESS. dag_id=my_dag, task_id=Accurate, execution_date=20211005T115835, start_date=20211005T115841, end_date=20211005T115841
[2021-10-05 11:58:41,636] {local_task_job.py:151} INFO - Task exited with return code 0
[2021-10-05 11:58:41,672] {local_task_job.py:261} INFO - 0 downstream tasks scheduled from follow-on schedule check
