[2021-10-03 01:43:18,309] {taskinstance.py:903} INFO - Dependencies all met for <TaskInstance: my_dag.Accurate 2021-10-03T01:43:14.233292+00:00 [queued]>
[2021-10-03 01:43:18,330] {taskinstance.py:903} INFO - Dependencies all met for <TaskInstance: my_dag.Accurate 2021-10-03T01:43:14.233292+00:00 [queued]>
[2021-10-03 01:43:18,331] {taskinstance.py:1095} INFO - 
--------------------------------------------------------------------------------
[2021-10-03 01:43:18,332] {taskinstance.py:1096} INFO - Starting attempt 1 of 1
[2021-10-03 01:43:18,333] {taskinstance.py:1097} INFO - 
--------------------------------------------------------------------------------
[2021-10-03 01:43:18,343] {taskinstance.py:1115} INFO - Executing <Task(BashOperator): Accurate> on 2021-10-03T01:43:14.233292+00:00
[2021-10-03 01:43:18,347] {standard_task_runner.py:52} INFO - Started process 27116 to run task
[2021-10-03 01:43:18,351] {standard_task_runner.py:76} INFO - Running: ['***', 'tasks', 'run', 'my_dag', 'Accurate', '2021-10-03T01:43:14.233292+00:00', '--job-id', '112', '--pool', 'default_pool', '--raw', '--subdir', 'DAGS_FOLDER/my_dag.py', '--cfg-path', '/tmp/tmpdc8dnnwg', '--error-file', '/tmp/tmpfmkfuoyp']
[2021-10-03 01:43:18,353] {standard_task_runner.py:77} INFO - Job 112: Subtask Accurate
[2021-10-03 01:43:18,407] {logging_mixin.py:109} INFO - Running <TaskInstance: my_dag.Accurate 2021-10-03T01:43:14.233292+00:00 [running]> on host d6b4131456ad
[2021-10-03 01:43:18,467] {taskinstance.py:1254} INFO - Exporting the following env vars:
AIRFLOW_CTX_DAG_OWNER=***
AIRFLOW_CTX_DAG_ID=my_dag
AIRFLOW_CTX_TASK_ID=Accurate
AIRFLOW_CTX_EXECUTION_DATE=2021-10-03T01:43:14.233292+00:00
AIRFLOW_CTX_DAG_RUN_ID=manual__2021-10-03T01:43:14.233292+00:00
[2021-10-03 01:43:18,471] {subprocess.py:52} INFO - Tmp dir root location: 
 /tmp
[2021-10-03 01:43:18,473] {subprocess.py:63} INFO - Running command: ['bash', '-c', "printf '============\n\nAccurate\n\n=============' "]
[2021-10-03 01:43:18,487] {subprocess.py:74} INFO - Output:
[2021-10-03 01:43:18,488] {subprocess.py:78} INFO - ============
[2021-10-03 01:43:18,490] {subprocess.py:78} INFO - 
[2021-10-03 01:43:18,491] {subprocess.py:78} INFO - Accurate
[2021-10-03 01:43:18,492] {subprocess.py:78} INFO - 
[2021-10-03 01:43:18,493] {subprocess.py:78} INFO - =============
[2021-10-03 01:43:18,495] {subprocess.py:82} INFO - Command exited with return code 0
[2021-10-03 01:43:18,536] {taskinstance.py:1219} INFO - Marking task as SUCCESS. dag_id=my_dag, task_id=Accurate, execution_date=20211003T014314, start_date=20211003T014318, end_date=20211003T014318
[2021-10-03 01:43:18,568] {local_task_job.py:151} INFO - Task exited with return code 0
[2021-10-03 01:43:18,594] {local_task_job.py:261} INFO - 0 downstream tasks scheduled from follow-on schedule check
