[2021-10-05 14:04:25,706] {taskinstance.py:903} INFO - Dependencies all met for <TaskInstance: my_dag.Training_Model_B 2021-10-05T14:04:23.446447+00:00 [queued]>
[2021-10-05 14:04:25,751] {taskinstance.py:903} INFO - Dependencies all met for <TaskInstance: my_dag.Training_Model_B 2021-10-05T14:04:23.446447+00:00 [queued]>
[2021-10-05 14:04:25,753] {taskinstance.py:1095} INFO - 
--------------------------------------------------------------------------------
[2021-10-05 14:04:25,754] {taskinstance.py:1096} INFO - Starting attempt 1 of 1
[2021-10-05 14:04:25,755] {taskinstance.py:1097} INFO - 
--------------------------------------------------------------------------------
[2021-10-05 14:04:25,791] {taskinstance.py:1115} INFO - Executing <Task(PythonOperator): Training_Model_B> on 2021-10-05T14:04:23.446447+00:00
[2021-10-05 14:04:25,800] {standard_task_runner.py:52} INFO - Started process 82064 to run task
[2021-10-05 14:04:25,808] {standard_task_runner.py:76} INFO - Running: ['***', 'tasks', 'run', 'my_dag', 'Training_Model_B', '2021-10-05T14:04:23.446447+00:00', '--job-id', '134', '--pool', 'default_pool', '--raw', '--subdir', 'DAGS_FOLDER/my_dag.py', '--cfg-path', '/tmp/tmp03a9b4pq', '--error-file', '/tmp/tmpr05ynsy3']
[2021-10-05 14:04:25,811] {standard_task_runner.py:77} INFO - Job 134: Subtask Training_Model_B
[2021-10-05 14:04:25,919] {logging_mixin.py:109} INFO - Running <TaskInstance: my_dag.Training_Model_B 2021-10-05T14:04:23.446447+00:00 [running]> on host d6b4131456ad
[2021-10-05 14:04:26,109] {taskinstance.py:1254} INFO - Exporting the following env vars:
AIRFLOW_CTX_DAG_OWNER=***
AIRFLOW_CTX_DAG_ID=my_dag
AIRFLOW_CTX_TASK_ID=Training_Model_B
AIRFLOW_CTX_EXECUTION_DATE=2021-10-05T14:04:23.446447+00:00
AIRFLOW_CTX_DAG_RUN_ID=manual__2021-10-05T14:04:23.446447+00:00
[2021-10-05 14:04:26,182] {python.py:151} INFO - Done. Returned value was: None
[2021-10-05 14:04:26,216] {taskinstance.py:1219} INFO - Marking task as SUCCESS. dag_id=my_dag, task_id=Training_Model_B, execution_date=20211005T140423, start_date=20211005T140425, end_date=20211005T140426
[2021-10-05 14:04:26,327] {local_task_job.py:151} INFO - Task exited with return code 0
[2021-10-05 14:04:26,407] {local_task_job.py:261} INFO - 0 downstream tasks scheduled from follow-on schedule check
