[2021-10-11 00:45:35,627] {taskinstance.py:903} INFO - Dependencies all met for <TaskInstance: my_dag.Choose_Best_Model 2021-10-10T00:00:00+00:00 [queued]>
[2021-10-11 00:45:35,653] {taskinstance.py:903} INFO - Dependencies all met for <TaskInstance: my_dag.Choose_Best_Model 2021-10-10T00:00:00+00:00 [queued]>
[2021-10-11 00:45:35,655] {taskinstance.py:1095} INFO - 
--------------------------------------------------------------------------------
[2021-10-11 00:45:35,656] {taskinstance.py:1096} INFO - Starting attempt 1 of 1
[2021-10-11 00:45:35,657] {taskinstance.py:1097} INFO - 
--------------------------------------------------------------------------------
[2021-10-11 00:45:35,671] {taskinstance.py:1115} INFO - Executing <Task(BranchPythonOperator): Choose_Best_Model> on 2021-10-10T00:00:00+00:00
[2021-10-11 00:45:35,677] {standard_task_runner.py:52} INFO - Started process 69846 to run task
[2021-10-11 00:45:35,684] {standard_task_runner.py:76} INFO - Running: ['***', 'tasks', 'run', 'my_dag', 'Choose_Best_Model', '2021-10-10T00:00:00+00:00', '--job-id', '176', '--pool', 'default_pool', '--raw', '--subdir', 'DAGS_FOLDER/my_dag.py', '--cfg-path', '/tmp/tmpw0ry3rbu', '--error-file', '/tmp/tmpe7nat870']
[2021-10-11 00:45:35,687] {standard_task_runner.py:77} INFO - Job 176: Subtask Choose_Best_Model
[2021-10-11 00:45:35,774] {logging_mixin.py:109} INFO - Running <TaskInstance: my_dag.Choose_Best_Model 2021-10-10T00:00:00+00:00 [running]> on host d6b4131456ad
[2021-10-11 00:45:35,870] {taskinstance.py:1254} INFO - Exporting the following env vars:
AIRFLOW_CTX_DAG_OWNER=***
AIRFLOW_CTX_DAG_ID=my_dag
AIRFLOW_CTX_TASK_ID=Choose_Best_Model
AIRFLOW_CTX_EXECUTION_DATE=2021-10-10T00:00:00+00:00
AIRFLOW_CTX_DAG_RUN_ID=scheduled__2021-10-10T00:00:00+00:00
[2021-10-11 00:45:35,890] {logging_mixin.py:109} INFO - Accuracies: [6, 3, 2]
[2021-10-11 00:45:35,891] {python.py:151} INFO - Done. Returned value was: Accurate
[2021-10-11 00:45:35,893] {skipmixin.py:124} INFO - Following branch Accurate
[2021-10-11 00:45:35,914] {skipmixin.py:155} INFO - Skipping tasks ['Not_Accurate']
[2021-10-11 00:45:36,003] {taskinstance.py:1219} INFO - Marking task as SUCCESS. dag_id=my_dag, task_id=Choose_Best_Model, execution_date=20211010T000000, start_date=20211011T004535, end_date=20211011T004536
[2021-10-11 00:45:36,068] {local_task_job.py:151} INFO - Task exited with return code 0
[2021-10-11 00:45:36,119] {local_task_job.py:261} INFO - 1 downstream tasks scheduled from follow-on schedule check
