[2021-10-15 00:00:01,917] {taskinstance.py:903} INFO - Dependencies all met for <TaskInstance: my_dag.Training_Model_A 2021-10-14T00:00:00+00:00 [queued]>
[2021-10-15 00:00:01,931] {taskinstance.py:903} INFO - Dependencies all met for <TaskInstance: my_dag.Training_Model_A 2021-10-14T00:00:00+00:00 [queued]>
[2021-10-15 00:00:01,932] {taskinstance.py:1095} INFO - 
--------------------------------------------------------------------------------
[2021-10-15 00:00:01,933] {taskinstance.py:1096} INFO - Starting attempt 1 of 1
[2021-10-15 00:00:01,934] {taskinstance.py:1097} INFO - 
--------------------------------------------------------------------------------
[2021-10-15 00:00:01,951] {taskinstance.py:1115} INFO - Executing <Task(PythonOperator): Training_Model_A> on 2021-10-14T00:00:00+00:00
[2021-10-15 00:00:01,956] {standard_task_runner.py:52} INFO - Started process 38255 to run task
[2021-10-15 00:00:01,964] {standard_task_runner.py:76} INFO - Running: ['***', 'tasks', 'run', 'my_dag', 'Training_Model_A', '2021-10-14T00:00:00+00:00', '--job-id', '194', '--pool', 'default_pool', '--raw', '--subdir', 'DAGS_FOLDER/my_dag.py', '--cfg-path', '/tmp/tmpzpgbar61', '--error-file', '/tmp/tmprpi7aaad']
[2021-10-15 00:00:01,965] {standard_task_runner.py:77} INFO - Job 194: Subtask Training_Model_A
[2021-10-15 00:00:02,029] {logging_mixin.py:109} INFO - Running <TaskInstance: my_dag.Training_Model_A 2021-10-14T00:00:00+00:00 [running]> on host d6b4131456ad
[2021-10-15 00:00:02,102] {taskinstance.py:1254} INFO - Exporting the following env vars:
AIRFLOW_CTX_DAG_OWNER=***
AIRFLOW_CTX_DAG_ID=my_dag
AIRFLOW_CTX_TASK_ID=Training_Model_A
AIRFLOW_CTX_EXECUTION_DATE=2021-10-14T00:00:00+00:00
AIRFLOW_CTX_DAG_RUN_ID=scheduled__2021-10-14T00:00:00+00:00
[2021-10-15 00:00:02,128] {python.py:151} INFO - Done. Returned value was: None
[2021-10-15 00:00:02,143] {taskinstance.py:1219} INFO - Marking task as SUCCESS. dag_id=my_dag, task_id=Training_Model_A, execution_date=20211014T000000, start_date=20211015T000001, end_date=20211015T000002
[2021-10-15 00:00:02,182] {local_task_job.py:151} INFO - Task exited with return code 0
[2021-10-15 00:00:02,232] {local_task_job.py:261} INFO - 0 downstream tasks scheduled from follow-on schedule check
