[2021-10-05 11:58:37,657] {taskinstance.py:903} INFO - Dependencies all met for <TaskInstance: my_dag.Training_Model_A 2021-10-05T11:58:35.108275+00:00 [queued]>
[2021-10-05 11:58:37,707] {taskinstance.py:903} INFO - Dependencies all met for <TaskInstance: my_dag.Training_Model_A 2021-10-05T11:58:35.108275+00:00 [queued]>
[2021-10-05 11:58:37,710] {taskinstance.py:1095} INFO - 
--------------------------------------------------------------------------------
[2021-10-05 11:58:37,712] {taskinstance.py:1096} INFO - Starting attempt 1 of 1
[2021-10-05 11:58:37,715] {taskinstance.py:1097} INFO - 
--------------------------------------------------------------------------------
[2021-10-05 11:58:37,741] {taskinstance.py:1115} INFO - Executing <Task(PythonOperator): Training_Model_A> on 2021-10-05T11:58:35.108275+00:00
[2021-10-05 11:58:37,764] {standard_task_runner.py:76} INFO - Running: ['***', 'tasks', 'run', 'my_dag', 'Training_Model_A', '2021-10-05T11:58:35.108275+00:00', '--job-id', '125', '--pool', 'default_pool', '--raw', '--subdir', 'DAGS_FOLDER/my_dag.py', '--cfg-path', '/tmp/tmpq7zzm5ym', '--error-file', '/tmp/tmpz564jeql']
[2021-10-05 11:58:37,767] {standard_task_runner.py:77} INFO - Job 125: Subtask Training_Model_A
[2021-10-05 11:58:37,753] {standard_task_runner.py:52} INFO - Started process 74151 to run task
[2021-10-05 11:58:37,908] {logging_mixin.py:109} INFO - Running <TaskInstance: my_dag.Training_Model_A 2021-10-05T11:58:35.108275+00:00 [running]> on host d6b4131456ad
[2021-10-05 11:58:38,122] {taskinstance.py:1254} INFO - Exporting the following env vars:
AIRFLOW_CTX_DAG_OWNER=***
AIRFLOW_CTX_DAG_ID=my_dag
AIRFLOW_CTX_TASK_ID=Training_Model_A
AIRFLOW_CTX_EXECUTION_DATE=2021-10-05T11:58:35.108275+00:00
AIRFLOW_CTX_DAG_RUN_ID=manual__2021-10-05T11:58:35.108275+00:00
[2021-10-05 11:58:38,171] {python.py:151} INFO - Done. Returned value was: None
[2021-10-05 11:58:38,209] {taskinstance.py:1219} INFO - Marking task as SUCCESS. dag_id=my_dag, task_id=Training_Model_A, execution_date=20211005T115835, start_date=20211005T115837, end_date=20211005T115838
[2021-10-05 11:58:38,255] {local_task_job.py:151} INFO - Task exited with return code 0
[2021-10-05 11:58:38,323] {local_task_job.py:261} INFO - 0 downstream tasks scheduled from follow-on schedule check
