[2021-10-05 00:13:19,874] {taskinstance.py:903} INFO - Dependencies all met for <TaskInstance: my_dag.Accurate 2021-10-04T00:00:00+00:00 [queued]>
[2021-10-05 00:13:19,934] {taskinstance.py:903} INFO - Dependencies all met for <TaskInstance: my_dag.Accurate 2021-10-04T00:00:00+00:00 [queued]>
[2021-10-05 00:13:19,936] {taskinstance.py:1095} INFO - 
--------------------------------------------------------------------------------
[2021-10-05 00:13:19,937] {taskinstance.py:1096} INFO - Starting attempt 1 of 1
[2021-10-05 00:13:19,938] {taskinstance.py:1097} INFO - 
--------------------------------------------------------------------------------
[2021-10-05 00:13:19,962] {taskinstance.py:1115} INFO - Executing <Task(BashOperator): Accurate> on 2021-10-04T00:00:00+00:00
[2021-10-05 00:13:19,987] {standard_task_runner.py:76} INFO - Running: ['***', 'tasks', 'run', 'my_dag', 'Accurate', '2021-10-04T00:00:00+00:00', '--job-id', '122', '--pool', 'default_pool', '--raw', '--subdir', 'DAGS_FOLDER/my_dag.py', '--cfg-path', '/tmp/tmprzdfj82x', '--error-file', '/tmp/tmp6yyg8y43']
[2021-10-05 00:13:19,988] {standard_task_runner.py:77} INFO - Job 122: Subtask Accurate
[2021-10-05 00:13:19,969] {standard_task_runner.py:52} INFO - Started process 66466 to run task
[2021-10-05 00:13:20,128] {logging_mixin.py:109} INFO - Running <TaskInstance: my_dag.Accurate 2021-10-04T00:00:00+00:00 [running]> on host d6b4131456ad
[2021-10-05 00:13:20,309] {taskinstance.py:1254} INFO - Exporting the following env vars:
AIRFLOW_CTX_DAG_OWNER=***
AIRFLOW_CTX_DAG_ID=my_dag
AIRFLOW_CTX_TASK_ID=Accurate
AIRFLOW_CTX_EXECUTION_DATE=2021-10-04T00:00:00+00:00
AIRFLOW_CTX_DAG_RUN_ID=scheduled__2021-10-04T00:00:00+00:00
[2021-10-05 00:13:20,313] {subprocess.py:52} INFO - Tmp dir root location: 
 /tmp
[2021-10-05 00:13:20,317] {subprocess.py:63} INFO - Running command: ['bash', '-c', "printf '============\n\nAccurate\n\n=============' "]
[2021-10-05 00:13:20,370] {subprocess.py:74} INFO - Output:
[2021-10-05 00:13:20,406] {subprocess.py:78} INFO - ============
[2021-10-05 00:13:20,413] {subprocess.py:78} INFO - 
[2021-10-05 00:13:20,415] {subprocess.py:78} INFO - Accurate
[2021-10-05 00:13:20,419] {subprocess.py:78} INFO - 
[2021-10-05 00:13:20,421] {subprocess.py:78} INFO - =============
[2021-10-05 00:13:20,428] {subprocess.py:82} INFO - Command exited with return code 0
[2021-10-05 00:13:20,539] {taskinstance.py:1219} INFO - Marking task as SUCCESS. dag_id=my_dag, task_id=Accurate, execution_date=20211004T000000, start_date=20211005T001319, end_date=20211005T001320
[2021-10-05 00:13:20,625] {local_task_job.py:151} INFO - Task exited with return code 0
[2021-10-05 00:13:20,679] {local_task_job.py:261} INFO - 0 downstream tasks scheduled from follow-on schedule check
