[2021-10-02 19:27:15,275] {taskinstance.py:903} INFO - Dependencies all met for <TaskInstance: my_dag.Training_Model_A 2021-10-02T19:27:13.821631+00:00 [queued]>
[2021-10-02 19:27:15,326] {taskinstance.py:903} INFO - Dependencies all met for <TaskInstance: my_dag.Training_Model_A 2021-10-02T19:27:13.821631+00:00 [queued]>
[2021-10-02 19:27:15,328] {taskinstance.py:1095} INFO - 
--------------------------------------------------------------------------------
[2021-10-02 19:27:15,330] {taskinstance.py:1096} INFO - Starting attempt 1 of 1
[2021-10-02 19:27:15,331] {taskinstance.py:1097} INFO - 
--------------------------------------------------------------------------------
[2021-10-02 19:27:15,353] {taskinstance.py:1115} INFO - Executing <Task(PythonOperator): Training_Model_A> on 2021-10-02T19:27:13.821631+00:00
[2021-10-02 19:27:15,367] {standard_task_runner.py:52} INFO - Started process 20725 to run task
[2021-10-02 19:27:15,378] {standard_task_runner.py:76} INFO - Running: ['***', 'tasks', 'run', 'my_dag', 'Training_Model_A', '2021-10-02T19:27:13.821631+00:00', '--job-id', '33', '--pool', 'default_pool', '--raw', '--subdir', 'DAGS_FOLDER/my_dag.py', '--cfg-path', '/tmp/tmpjcopiqv8', '--error-file', '/tmp/tmp9kq97n29']
[2021-10-02 19:27:15,381] {standard_task_runner.py:77} INFO - Job 33: Subtask Training_Model_A
[2021-10-02 19:27:15,509] {logging_mixin.py:109} INFO - Running <TaskInstance: my_dag.Training_Model_A 2021-10-02T19:27:13.821631+00:00 [running]> on host d6b4131456ad
[2021-10-02 19:27:15,625] {taskinstance.py:1254} INFO - Exporting the following env vars:
AIRFLOW_CTX_DAG_OWNER=***
AIRFLOW_CTX_DAG_ID=my_dag
AIRFLOW_CTX_TASK_ID=Training_Model_A
AIRFLOW_CTX_EXECUTION_DATE=2021-10-02T19:27:13.821631+00:00
AIRFLOW_CTX_DAG_RUN_ID=manual__2021-10-02T19:27:13.821631+00:00
[2021-10-02 19:27:15,666] {python.py:151} INFO - Done. Returned value was: None
[2021-10-02 19:27:15,689] {taskinstance.py:1219} INFO - Marking task as SUCCESS. dag_id=my_dag, task_id=Training_Model_A, execution_date=20211002T192713, start_date=20211002T192715, end_date=20211002T192715
[2021-10-02 19:27:15,765] {local_task_job.py:151} INFO - Task exited with return code 0
[2021-10-02 19:27:15,825] {local_task_job.py:261} INFO - 0 downstream tasks scheduled from follow-on schedule check
