[2021-10-16 00:29:16,579] {taskinstance.py:903} INFO - Dependencies all met for <TaskInstance: my_dag.Accurate 2021-10-15T00:00:00+00:00 [queued]>
[2021-10-16 00:29:16,687] {taskinstance.py:903} INFO - Dependencies all met for <TaskInstance: my_dag.Accurate 2021-10-15T00:00:00+00:00 [queued]>
[2021-10-16 00:29:16,692] {taskinstance.py:1095} INFO - 
--------------------------------------------------------------------------------
[2021-10-16 00:29:16,699] {taskinstance.py:1096} INFO - Starting attempt 1 of 1
[2021-10-16 00:29:16,704] {taskinstance.py:1097} INFO - 
--------------------------------------------------------------------------------
[2021-10-16 00:29:16,788] {taskinstance.py:1115} INFO - Executing <Task(BashOperator): Accurate> on 2021-10-15T00:00:00+00:00
[2021-10-16 00:29:16,845] {standard_task_runner.py:76} INFO - Running: ['***', 'tasks', 'run', 'my_dag', 'Accurate', '2021-10-15T00:00:00+00:00', '--job-id', '203', '--pool', 'default_pool', '--raw', '--subdir', 'DAGS_FOLDER/my_dag.py', '--cfg-path', '/tmp/tmp9s_hujbr', '--error-file', '/tmp/tmpdo1f4b_m']
[2021-10-16 00:29:16,815] {standard_task_runner.py:52} INFO - Started process 33923 to run task
[2021-10-16 00:29:16,859] {standard_task_runner.py:77} INFO - Job 203: Subtask Accurate
[2021-10-16 00:29:17,074] {logging_mixin.py:109} INFO - Running <TaskInstance: my_dag.Accurate 2021-10-15T00:00:00+00:00 [running]> on host d6b4131456ad
[2021-10-16 00:29:17,384] {taskinstance.py:1254} INFO - Exporting the following env vars:
AIRFLOW_CTX_DAG_OWNER=***
AIRFLOW_CTX_DAG_ID=my_dag
AIRFLOW_CTX_TASK_ID=Accurate
AIRFLOW_CTX_EXECUTION_DATE=2021-10-15T00:00:00+00:00
AIRFLOW_CTX_DAG_RUN_ID=scheduled__2021-10-15T00:00:00+00:00
[2021-10-16 00:29:17,391] {subprocess.py:52} INFO - Tmp dir root location: 
 /tmp
[2021-10-16 00:29:17,411] {subprocess.py:63} INFO - Running command: ['bash', '-c', "printf '============\n\nAccurate\n\n=============' "]
[2021-10-16 00:29:17,484] {subprocess.py:74} INFO - Output:
[2021-10-16 00:29:17,541] {subprocess.py:78} INFO - ============
[2021-10-16 00:29:17,543] {subprocess.py:78} INFO - 
[2021-10-16 00:29:17,545] {subprocess.py:78} INFO - Accurate
[2021-10-16 00:29:17,546] {subprocess.py:78} INFO - 
[2021-10-16 00:29:17,548] {subprocess.py:78} INFO - =============
[2021-10-16 00:29:17,550] {subprocess.py:82} INFO - Command exited with return code 0
[2021-10-16 00:29:17,658] {taskinstance.py:1219} INFO - Marking task as SUCCESS. dag_id=my_dag, task_id=Accurate, execution_date=20211015T000000, start_date=20211016T002916, end_date=20211016T002917
[2021-10-16 00:29:17,778] {local_task_job.py:151} INFO - Task exited with return code 0
[2021-10-16 00:29:17,916] {local_task_job.py:261} INFO - 0 downstream tasks scheduled from follow-on schedule check
