[2021-10-18 02:07:36,861] {taskinstance.py:903} INFO - Dependencies all met for <TaskInstance: my_dag.Choose_Best_Model 2021-10-17T00:00:00+00:00 [queued]>
[2021-10-18 02:07:36,891] {taskinstance.py:903} INFO - Dependencies all met for <TaskInstance: my_dag.Choose_Best_Model 2021-10-17T00:00:00+00:00 [queued]>
[2021-10-18 02:07:36,895] {taskinstance.py:1095} INFO - 
--------------------------------------------------------------------------------
[2021-10-18 02:07:36,898] {taskinstance.py:1096} INFO - Starting attempt 1 of 1
[2021-10-18 02:07:36,899] {taskinstance.py:1097} INFO - 
--------------------------------------------------------------------------------
[2021-10-18 02:07:36,951] {taskinstance.py:1115} INFO - Executing <Task(BranchPythonOperator): Choose_Best_Model> on 2021-10-17T00:00:00+00:00
[2021-10-18 02:07:36,966] {standard_task_runner.py:52} INFO - Started process 88751 to run task
[2021-10-18 02:07:36,978] {standard_task_runner.py:76} INFO - Running: ['***', 'tasks', 'run', 'my_dag', 'Choose_Best_Model', '2021-10-17T00:00:00+00:00', '--job-id', '212', '--pool', 'default_pool', '--raw', '--subdir', 'DAGS_FOLDER/my_dag.py', '--cfg-path', '/tmp/tmpvfbe9cr5', '--error-file', '/tmp/tmpxvk_s5ud']
[2021-10-18 02:07:36,992] {standard_task_runner.py:77} INFO - Job 212: Subtask Choose_Best_Model
[2021-10-18 02:07:37,211] {logging_mixin.py:109} INFO - Running <TaskInstance: my_dag.Choose_Best_Model 2021-10-17T00:00:00+00:00 [running]> on host d6b4131456ad
[2021-10-18 02:07:37,406] {taskinstance.py:1254} INFO - Exporting the following env vars:
AIRFLOW_CTX_DAG_OWNER=***
AIRFLOW_CTX_DAG_ID=my_dag
AIRFLOW_CTX_TASK_ID=Choose_Best_Model
AIRFLOW_CTX_EXECUTION_DATE=2021-10-17T00:00:00+00:00
AIRFLOW_CTX_DAG_RUN_ID=scheduled__2021-10-17T00:00:00+00:00
[2021-10-18 02:07:37,443] {logging_mixin.py:109} INFO - Accuracies: [1, 9, 3]
[2021-10-18 02:07:37,445] {python.py:151} INFO - Done. Returned value was: Not_Accurate
[2021-10-18 02:07:37,447] {skipmixin.py:124} INFO - Following branch Not_Accurate
[2021-10-18 02:07:37,474] {skipmixin.py:155} INFO - Skipping tasks ['Accurate']
[2021-10-18 02:07:37,647] {taskinstance.py:1219} INFO - Marking task as SUCCESS. dag_id=my_dag, task_id=Choose_Best_Model, execution_date=20211017T000000, start_date=20211018T020736, end_date=20211018T020737
[2021-10-18 02:07:37,739] {local_task_job.py:151} INFO - Task exited with return code 0
[2021-10-18 02:07:37,889] {local_task_job.py:261} INFO - 1 downstream tasks scheduled from follow-on schedule check
