[2021-10-20 00:00:05,860] {taskinstance.py:903} INFO - Dependencies all met for <TaskInstance: my_dag.Training_Model_B 2021-10-19T00:00:00+00:00 [queued]>
[2021-10-20 00:00:05,908] {taskinstance.py:903} INFO - Dependencies all met for <TaskInstance: my_dag.Training_Model_B 2021-10-19T00:00:00+00:00 [queued]>
[2021-10-20 00:00:05,913] {taskinstance.py:1095} INFO - 
--------------------------------------------------------------------------------
[2021-10-20 00:00:05,916] {taskinstance.py:1096} INFO - Starting attempt 1 of 1
[2021-10-20 00:00:05,919] {taskinstance.py:1097} INFO - 
--------------------------------------------------------------------------------
[2021-10-20 00:00:05,986] {taskinstance.py:1115} INFO - Executing <Task(PythonOperator): Training_Model_B> on 2021-10-19T00:00:00+00:00
[2021-10-20 00:00:06,008] {standard_task_runner.py:52} INFO - Started process 34102 to run task
[2021-10-20 00:00:06,084] {standard_task_runner.py:76} INFO - Running: ['***', 'tasks', 'run', 'my_dag', 'Training_Model_B', '2021-10-19T00:00:00+00:00', '--job-id', '219', '--pool', 'default_pool', '--raw', '--subdir', 'DAGS_FOLDER/my_dag.py', '--cfg-path', '/tmp/tmpmy2li1f_', '--error-file', '/tmp/tmp0b22gcmd']
[2021-10-20 00:00:06,091] {standard_task_runner.py:77} INFO - Job 219: Subtask Training_Model_B
[2021-10-20 00:00:06,238] {logging_mixin.py:109} INFO - Running <TaskInstance: my_dag.Training_Model_B 2021-10-19T00:00:00+00:00 [running]> on host d6b4131456ad
[2021-10-20 00:00:06,376] {taskinstance.py:1254} INFO - Exporting the following env vars:
AIRFLOW_CTX_DAG_OWNER=***
AIRFLOW_CTX_DAG_ID=my_dag
AIRFLOW_CTX_TASK_ID=Training_Model_B
AIRFLOW_CTX_EXECUTION_DATE=2021-10-19T00:00:00+00:00
AIRFLOW_CTX_DAG_RUN_ID=scheduled__2021-10-19T00:00:00+00:00
[2021-10-20 00:00:06,415] {python.py:151} INFO - Done. Returned value was: None
[2021-10-20 00:00:06,440] {taskinstance.py:1219} INFO - Marking task as SUCCESS. dag_id=my_dag, task_id=Training_Model_B, execution_date=20211019T000000, start_date=20211020T000005, end_date=20211020T000006
[2021-10-20 00:00:06,527] {local_task_job.py:151} INFO - Task exited with return code 0
[2021-10-20 00:00:06,583] {local_task_job.py:261} INFO - 1 downstream tasks scheduled from follow-on schedule check
