[2021-10-03 01:43:15,687] {taskinstance.py:903} INFO - Dependencies all met for <TaskInstance: my_dag.Training_Model_B 2021-10-03T01:43:14.233292+00:00 [queued]>
[2021-10-03 01:43:15,722] {taskinstance.py:903} INFO - Dependencies all met for <TaskInstance: my_dag.Training_Model_B 2021-10-03T01:43:14.233292+00:00 [queued]>
[2021-10-03 01:43:15,726] {taskinstance.py:1095} INFO - 
--------------------------------------------------------------------------------
[2021-10-03 01:43:15,728] {taskinstance.py:1096} INFO - Starting attempt 1 of 1
[2021-10-03 01:43:15,732] {taskinstance.py:1097} INFO - 
--------------------------------------------------------------------------------
[2021-10-03 01:43:15,751] {taskinstance.py:1115} INFO - Executing <Task(PythonOperator): Training_Model_B> on 2021-10-03T01:43:14.233292+00:00
[2021-10-03 01:43:15,757] {standard_task_runner.py:52} INFO - Started process 27111 to run task
[2021-10-03 01:43:15,766] {standard_task_runner.py:76} INFO - Running: ['***', 'tasks', 'run', 'my_dag', 'Training_Model_B', '2021-10-03T01:43:14.233292+00:00', '--job-id', '109', '--pool', 'default_pool', '--raw', '--subdir', 'DAGS_FOLDER/my_dag.py', '--cfg-path', '/tmp/tmpiv9oxm0_', '--error-file', '/tmp/tmpg1fwbv26']
[2021-10-03 01:43:15,770] {standard_task_runner.py:77} INFO - Job 109: Subtask Training_Model_B
[2021-10-03 01:43:15,921] {logging_mixin.py:109} INFO - Running <TaskInstance: my_dag.Training_Model_B 2021-10-03T01:43:14.233292+00:00 [running]> on host d6b4131456ad
[2021-10-03 01:43:16,041] {taskinstance.py:1254} INFO - Exporting the following env vars:
AIRFLOW_CTX_DAG_OWNER=***
AIRFLOW_CTX_DAG_ID=my_dag
AIRFLOW_CTX_TASK_ID=Training_Model_B
AIRFLOW_CTX_EXECUTION_DATE=2021-10-03T01:43:14.233292+00:00
AIRFLOW_CTX_DAG_RUN_ID=manual__2021-10-03T01:43:14.233292+00:00
[2021-10-03 01:43:16,068] {python.py:151} INFO - Done. Returned value was: None
[2021-10-03 01:43:16,091] {taskinstance.py:1219} INFO - Marking task as SUCCESS. dag_id=my_dag, task_id=Training_Model_B, execution_date=20211003T014314, start_date=20211003T014315, end_date=20211003T014316
[2021-10-03 01:43:16,155] {local_task_job.py:151} INFO - Task exited with return code 0
[2021-10-03 01:43:16,189] {local_task_job.py:261} INFO - 1 downstream tasks scheduled from follow-on schedule check
