[2021-10-03 01:27:42,323] {taskinstance.py:903} INFO - Dependencies all met for <TaskInstance: my_dag.Choose_Best_Model 2021-10-03T01:27:39.864161+00:00 [queued]>
[2021-10-03 01:27:42,340] {taskinstance.py:903} INFO - Dependencies all met for <TaskInstance: my_dag.Choose_Best_Model 2021-10-03T01:27:39.864161+00:00 [queued]>
[2021-10-03 01:27:42,342] {taskinstance.py:1095} INFO - 
--------------------------------------------------------------------------------
[2021-10-03 01:27:42,343] {taskinstance.py:1096} INFO - Starting attempt 1 of 1
[2021-10-03 01:27:42,343] {taskinstance.py:1097} INFO - 
--------------------------------------------------------------------------------
[2021-10-03 01:27:42,354] {taskinstance.py:1115} INFO - Executing <Task(BranchPythonOperator): Choose_Best_Model> on 2021-10-03T01:27:39.864161+00:00
[2021-10-03 01:27:42,359] {standard_task_runner.py:52} INFO - Started process 25988 to run task
[2021-10-03 01:27:42,363] {standard_task_runner.py:76} INFO - Running: ['***', 'tasks', 'run', 'my_dag', 'Choose_Best_Model', '2021-10-03T01:27:39.864161+00:00', '--job-id', '86', '--pool', 'default_pool', '--raw', '--subdir', 'DAGS_FOLDER/my_dag.py', '--cfg-path', '/tmp/tmpyq6eyrif', '--error-file', '/tmp/tmppf4jxy07']
[2021-10-03 01:27:42,365] {standard_task_runner.py:77} INFO - Job 86: Subtask Choose_Best_Model
[2021-10-03 01:27:42,419] {logging_mixin.py:109} INFO - Running <TaskInstance: my_dag.Choose_Best_Model 2021-10-03T01:27:39.864161+00:00 [running]> on host d6b4131456ad
[2021-10-03 01:27:42,489] {taskinstance.py:1254} INFO - Exporting the following env vars:
AIRFLOW_CTX_DAG_OWNER=***
AIRFLOW_CTX_DAG_ID=my_dag
AIRFLOW_CTX_TASK_ID=Choose_Best_Model
AIRFLOW_CTX_EXECUTION_DATE=2021-10-03T01:27:39.864161+00:00
AIRFLOW_CTX_DAG_RUN_ID=manual__2021-10-03T01:27:39.864161+00:00
[2021-10-03 01:27:42,503] {logging_mixin.py:109} INFO - Accuracies: [3, 2, 6]
[2021-10-03 01:27:42,504] {python.py:151} INFO - Done. Returned value was: Not_Accurate
[2021-10-03 01:27:42,505] {skipmixin.py:124} INFO - Following branch Not_Accurate
[2021-10-03 01:27:42,515] {skipmixin.py:155} INFO - Skipping tasks ['Accurate']
[2021-10-03 01:27:42,576] {taskinstance.py:1219} INFO - Marking task as SUCCESS. dag_id=my_dag, task_id=Choose_Best_Model, execution_date=20211003T012739, start_date=20211003T012742, end_date=20211003T012742
[2021-10-03 01:27:42,621] {local_task_job.py:151} INFO - Task exited with return code 0
[2021-10-03 01:27:42,673] {local_task_job.py:261} INFO - 1 downstream tasks scheduled from follow-on schedule check
