[2021-10-05 11:58:37,641] {taskinstance.py:903} INFO - Dependencies all met for <TaskInstance: my_dag.Training_Model_B 2021-10-05T11:58:35.108275+00:00 [queued]>
[2021-10-05 11:58:37,673] {taskinstance.py:903} INFO - Dependencies all met for <TaskInstance: my_dag.Training_Model_B 2021-10-05T11:58:35.108275+00:00 [queued]>
[2021-10-05 11:58:37,674] {taskinstance.py:1095} INFO - 
--------------------------------------------------------------------------------
[2021-10-05 11:58:37,676] {taskinstance.py:1096} INFO - Starting attempt 1 of 1
[2021-10-05 11:58:37,677] {taskinstance.py:1097} INFO - 
--------------------------------------------------------------------------------
[2021-10-05 11:58:37,696] {taskinstance.py:1115} INFO - Executing <Task(PythonOperator): Training_Model_B> on 2021-10-05T11:58:35.108275+00:00
[2021-10-05 11:58:37,708] {standard_task_runner.py:52} INFO - Started process 74149 to run task
[2021-10-05 11:58:37,713] {standard_task_runner.py:76} INFO - Running: ['***', 'tasks', 'run', 'my_dag', 'Training_Model_B', '2021-10-05T11:58:35.108275+00:00', '--job-id', '124', '--pool', 'default_pool', '--raw', '--subdir', 'DAGS_FOLDER/my_dag.py', '--cfg-path', '/tmp/tmplt5bumeh', '--error-file', '/tmp/tmpj_lh5_0y']
[2021-10-05 11:58:37,729] {standard_task_runner.py:77} INFO - Job 124: Subtask Training_Model_B
[2021-10-05 11:58:37,884] {logging_mixin.py:109} INFO - Running <TaskInstance: my_dag.Training_Model_B 2021-10-05T11:58:35.108275+00:00 [running]> on host d6b4131456ad
[2021-10-05 11:58:38,050] {taskinstance.py:1254} INFO - Exporting the following env vars:
AIRFLOW_CTX_DAG_OWNER=***
AIRFLOW_CTX_DAG_ID=my_dag
AIRFLOW_CTX_TASK_ID=Training_Model_B
AIRFLOW_CTX_EXECUTION_DATE=2021-10-05T11:58:35.108275+00:00
AIRFLOW_CTX_DAG_RUN_ID=manual__2021-10-05T11:58:35.108275+00:00
[2021-10-05 11:58:38,129] {python.py:151} INFO - Done. Returned value was: None
[2021-10-05 11:58:38,161] {taskinstance.py:1219} INFO - Marking task as SUCCESS. dag_id=my_dag, task_id=Training_Model_B, execution_date=20211005T115835, start_date=20211005T115837, end_date=20211005T115838
[2021-10-05 11:58:38,230] {local_task_job.py:151} INFO - Task exited with return code 0
[2021-10-05 11:58:38,309] {local_task_job.py:261} INFO - 1 downstream tasks scheduled from follow-on schedule check
