[2021-10-03 00:37:06,427] {taskinstance.py:903} INFO - Dependencies all met for <TaskInstance: my_dag.Training_Model_A 2021-10-03T00:37:05.394662+00:00 [queued]>
[2021-10-03 00:37:06,478] {taskinstance.py:903} INFO - Dependencies all met for <TaskInstance: my_dag.Training_Model_A 2021-10-03T00:37:05.394662+00:00 [queued]>
[2021-10-03 00:37:06,480] {taskinstance.py:1095} INFO - 
--------------------------------------------------------------------------------
[2021-10-03 00:37:06,481] {taskinstance.py:1096} INFO - Starting attempt 1 of 1
[2021-10-03 00:37:06,483] {taskinstance.py:1097} INFO - 
--------------------------------------------------------------------------------
[2021-10-03 00:37:06,497] {taskinstance.py:1115} INFO - Executing <Task(PythonOperator): Training_Model_A> on 2021-10-03T00:37:05.394662+00:00
[2021-10-03 00:37:06,504] {standard_task_runner.py:52} INFO - Started process 24216 to run task
[2021-10-03 00:37:06,520] {standard_task_runner.py:76} INFO - Running: ['***', 'tasks', 'run', 'my_dag', 'Training_Model_A', '2021-10-03T00:37:05.394662+00:00', '--job-id', '58', '--pool', 'default_pool', '--raw', '--subdir', 'DAGS_FOLDER/my_dag.py', '--cfg-path', '/tmp/tmp3xlnr64p', '--error-file', '/tmp/tmpg9ano8cv']
[2021-10-03 00:37:06,521] {standard_task_runner.py:77} INFO - Job 58: Subtask Training_Model_A
[2021-10-03 00:37:06,622] {logging_mixin.py:109} INFO - Running <TaskInstance: my_dag.Training_Model_A 2021-10-03T00:37:05.394662+00:00 [running]> on host d6b4131456ad
[2021-10-03 00:37:06,736] {taskinstance.py:1254} INFO - Exporting the following env vars:
AIRFLOW_CTX_DAG_OWNER=***
AIRFLOW_CTX_DAG_ID=my_dag
AIRFLOW_CTX_TASK_ID=Training_Model_A
AIRFLOW_CTX_EXECUTION_DATE=2021-10-03T00:37:05.394662+00:00
AIRFLOW_CTX_DAG_RUN_ID=manual__2021-10-03T00:37:05.394662+00:00
[2021-10-03 00:37:06,771] {python.py:151} INFO - Done. Returned value was: None
[2021-10-03 00:37:06,806] {taskinstance.py:1219} INFO - Marking task as SUCCESS. dag_id=my_dag, task_id=Training_Model_A, execution_date=20211003T003705, start_date=20211003T003706, end_date=20211003T003706
[2021-10-03 00:37:06,870] {local_task_job.py:151} INFO - Task exited with return code 0
[2021-10-03 00:37:06,959] {local_task_job.py:261} INFO - 0 downstream tasks scheduled from follow-on schedule check
