[2021-10-22 00:00:02,295] {taskinstance.py:903} INFO - Dependencies all met for <TaskInstance: my_dag.Training_Model_B 2021-10-21T00:00:00+00:00 [queued]>
[2021-10-22 00:00:02,339] {taskinstance.py:903} INFO - Dependencies all met for <TaskInstance: my_dag.Training_Model_B 2021-10-21T00:00:00+00:00 [queued]>
[2021-10-22 00:00:02,341] {taskinstance.py:1095} INFO - 
--------------------------------------------------------------------------------
[2021-10-22 00:00:02,342] {taskinstance.py:1096} INFO - Starting attempt 1 of 1
[2021-10-22 00:00:02,344] {taskinstance.py:1097} INFO - 
--------------------------------------------------------------------------------
[2021-10-22 00:00:02,411] {taskinstance.py:1115} INFO - Executing <Task(PythonOperator): Training_Model_B> on 2021-10-21T00:00:00+00:00
[2021-10-22 00:00:02,474] {standard_task_runner.py:76} INFO - Running: ['***', 'tasks', 'run', 'my_dag', 'Training_Model_B', '2021-10-21T00:00:00+00:00', '--job-id', '230', '--pool', 'default_pool', '--raw', '--subdir', 'DAGS_FOLDER/my_dag.py', '--cfg-path', '/tmp/tmp7t1iswh6', '--error-file', '/tmp/tmpjad9i03r']
[2021-10-22 00:00:02,476] {standard_task_runner.py:77} INFO - Job 230: Subtask Training_Model_B
[2021-10-22 00:00:02,453] {standard_task_runner.py:52} INFO - Started process 24777 to run task
[2021-10-22 00:00:02,660] {logging_mixin.py:109} INFO - Running <TaskInstance: my_dag.Training_Model_B 2021-10-21T00:00:00+00:00 [running]> on host d6b4131456ad
[2021-10-22 00:00:02,775] {taskinstance.py:1254} INFO - Exporting the following env vars:
AIRFLOW_CTX_DAG_OWNER=***
AIRFLOW_CTX_DAG_ID=my_dag
AIRFLOW_CTX_TASK_ID=Training_Model_B
AIRFLOW_CTX_EXECUTION_DATE=2021-10-21T00:00:00+00:00
AIRFLOW_CTX_DAG_RUN_ID=scheduled__2021-10-21T00:00:00+00:00
[2021-10-22 00:00:02,835] {python.py:151} INFO - Done. Returned value was: None
[2021-10-22 00:00:02,870] {taskinstance.py:1219} INFO - Marking task as SUCCESS. dag_id=my_dag, task_id=Training_Model_B, execution_date=20211021T000000, start_date=20211022T000002, end_date=20211022T000002
[2021-10-22 00:00:02,984] {local_task_job.py:151} INFO - Task exited with return code 0
[2021-10-22 00:00:03,071] {local_task_job.py:261} INFO - 0 downstream tasks scheduled from follow-on schedule check
