[2021-10-05 14:05:34,340] {taskinstance.py:903} INFO - Dependencies all met for <TaskInstance: my_dag.Training_Model_B 2021-10-05T14:05:32.544102+00:00 [queued]>
[2021-10-05 14:05:34,391] {taskinstance.py:903} INFO - Dependencies all met for <TaskInstance: my_dag.Training_Model_B 2021-10-05T14:05:32.544102+00:00 [queued]>
[2021-10-05 14:05:34,392] {taskinstance.py:1095} INFO - 
--------------------------------------------------------------------------------
[2021-10-05 14:05:34,393] {taskinstance.py:1096} INFO - Starting attempt 1 of 1
[2021-10-05 14:05:34,394] {taskinstance.py:1097} INFO - 
--------------------------------------------------------------------------------
[2021-10-05 14:05:34,416] {taskinstance.py:1115} INFO - Executing <Task(PythonOperator): Training_Model_B> on 2021-10-05T14:05:32.544102+00:00
[2021-10-05 14:05:34,430] {standard_task_runner.py:52} INFO - Started process 82166 to run task
[2021-10-05 14:05:34,443] {standard_task_runner.py:76} INFO - Running: ['***', 'tasks', 'run', 'my_dag', 'Training_Model_B', '2021-10-05T14:05:32.544102+00:00', '--job-id', '144', '--pool', 'default_pool', '--raw', '--subdir', 'DAGS_FOLDER/my_dag.py', '--cfg-path', '/tmp/tmphdbys2cs', '--error-file', '/tmp/tmpuxuredmm']
[2021-10-05 14:05:34,450] {standard_task_runner.py:77} INFO - Job 144: Subtask Training_Model_B
[2021-10-05 14:05:34,553] {logging_mixin.py:109} INFO - Running <TaskInstance: my_dag.Training_Model_B 2021-10-05T14:05:32.544102+00:00 [running]> on host d6b4131456ad
[2021-10-05 14:05:34,670] {taskinstance.py:1254} INFO - Exporting the following env vars:
AIRFLOW_CTX_DAG_OWNER=***
AIRFLOW_CTX_DAG_ID=my_dag
AIRFLOW_CTX_TASK_ID=Training_Model_B
AIRFLOW_CTX_EXECUTION_DATE=2021-10-05T14:05:32.544102+00:00
AIRFLOW_CTX_DAG_RUN_ID=manual__2021-10-05T14:05:32.544102+00:00
[2021-10-05 14:05:34,731] {python.py:151} INFO - Done. Returned value was: None
[2021-10-05 14:05:34,754] {taskinstance.py:1219} INFO - Marking task as SUCCESS. dag_id=my_dag, task_id=Training_Model_B, execution_date=20211005T140532, start_date=20211005T140534, end_date=20211005T140534
[2021-10-05 14:05:34,801] {local_task_job.py:151} INFO - Task exited with return code 0
[2021-10-05 14:05:34,876] {local_task_job.py:261} INFO - 0 downstream tasks scheduled from follow-on schedule check
