[2021-10-03 01:27:43,558] {taskinstance.py:903} INFO - Dependencies all met for <TaskInstance: my_dag.Not_Accurate 2021-10-03T01:27:39.864161+00:00 [queued]>
[2021-10-03 01:27:43,583] {taskinstance.py:903} INFO - Dependencies all met for <TaskInstance: my_dag.Not_Accurate 2021-10-03T01:27:39.864161+00:00 [queued]>
[2021-10-03 01:27:43,585] {taskinstance.py:1095} INFO - 
--------------------------------------------------------------------------------
[2021-10-03 01:27:43,586] {taskinstance.py:1096} INFO - Starting attempt 1 of 1
[2021-10-03 01:27:43,588] {taskinstance.py:1097} INFO - 
--------------------------------------------------------------------------------
[2021-10-03 01:27:43,603] {taskinstance.py:1115} INFO - Executing <Task(BashOperator): Not_Accurate> on 2021-10-03T01:27:39.864161+00:00
[2021-10-03 01:27:43,609] {standard_task_runner.py:52} INFO - Started process 25990 to run task
[2021-10-03 01:27:43,613] {standard_task_runner.py:76} INFO - Running: ['***', 'tasks', 'run', 'my_dag', 'Not_Accurate', '2021-10-03T01:27:39.864161+00:00', '--job-id', '87', '--pool', 'default_pool', '--raw', '--subdir', 'DAGS_FOLDER/my_dag.py', '--cfg-path', '/tmp/tmpluepg93j', '--error-file', '/tmp/tmprot3nd_d']
[2021-10-03 01:27:43,616] {standard_task_runner.py:77} INFO - Job 87: Subtask Not_Accurate
[2021-10-03 01:27:43,674] {logging_mixin.py:109} INFO - Running <TaskInstance: my_dag.Not_Accurate 2021-10-03T01:27:39.864161+00:00 [running]> on host d6b4131456ad
[2021-10-03 01:27:43,737] {taskinstance.py:1254} INFO - Exporting the following env vars:
AIRFLOW_CTX_DAG_OWNER=***
AIRFLOW_CTX_DAG_ID=my_dag
AIRFLOW_CTX_TASK_ID=Not_Accurate
AIRFLOW_CTX_EXECUTION_DATE=2021-10-03T01:27:39.864161+00:00
AIRFLOW_CTX_DAG_RUN_ID=manual__2021-10-03T01:27:39.864161+00:00
[2021-10-03 01:27:43,740] {subprocess.py:52} INFO - Tmp dir root location: 
 /tmp
[2021-10-03 01:27:43,742] {subprocess.py:63} INFO - Running command: ['bash', '-c', "printf '============\n\nNot Accurate\n\n=============' "]
[2021-10-03 01:27:43,751] {subprocess.py:74} INFO - Output:
[2021-10-03 01:27:43,753] {subprocess.py:78} INFO - ============
[2021-10-03 01:27:43,754] {subprocess.py:78} INFO - 
[2021-10-03 01:27:43,755] {subprocess.py:78} INFO - Not Accurate
[2021-10-03 01:27:43,756] {subprocess.py:78} INFO - 
[2021-10-03 01:27:43,757] {subprocess.py:78} INFO - =============
[2021-10-03 01:27:43,758] {subprocess.py:82} INFO - Command exited with return code 0
[2021-10-03 01:27:43,794] {taskinstance.py:1219} INFO - Marking task as SUCCESS. dag_id=my_dag, task_id=Not_Accurate, execution_date=20211003T012739, start_date=20211003T012743, end_date=20211003T012743
[2021-10-03 01:27:43,831] {local_task_job.py:151} INFO - Task exited with return code 0
[2021-10-03 01:27:43,862] {local_task_job.py:261} INFO - 0 downstream tasks scheduled from follow-on schedule check
