[2021-10-20 00:00:07,521] {taskinstance.py:903} INFO - Dependencies all met for <TaskInstance: my_dag.Choose_Best_Model 2021-10-19T00:00:00+00:00 [queued]>
[2021-10-20 00:00:07,541] {taskinstance.py:903} INFO - Dependencies all met for <TaskInstance: my_dag.Choose_Best_Model 2021-10-19T00:00:00+00:00 [queued]>
[2021-10-20 00:00:07,544] {taskinstance.py:1095} INFO - 
--------------------------------------------------------------------------------
[2021-10-20 00:00:07,547] {taskinstance.py:1096} INFO - Starting attempt 1 of 1
[2021-10-20 00:00:07,550] {taskinstance.py:1097} INFO - 
--------------------------------------------------------------------------------
[2021-10-20 00:00:07,595] {taskinstance.py:1115} INFO - Executing <Task(BranchPythonOperator): Choose_Best_Model> on 2021-10-19T00:00:00+00:00
[2021-10-20 00:00:07,603] {standard_task_runner.py:52} INFO - Started process 34105 to run task
[2021-10-20 00:00:07,613] {standard_task_runner.py:76} INFO - Running: ['***', 'tasks', 'run', 'my_dag', 'Choose_Best_Model', '2021-10-19T00:00:00+00:00', '--job-id', '222', '--pool', 'default_pool', '--raw', '--subdir', 'DAGS_FOLDER/my_dag.py', '--cfg-path', '/tmp/tmpb08sm95r', '--error-file', '/tmp/tmpz8ps16ik']
[2021-10-20 00:00:07,615] {standard_task_runner.py:77} INFO - Job 222: Subtask Choose_Best_Model
[2021-10-20 00:00:07,709] {logging_mixin.py:109} INFO - Running <TaskInstance: my_dag.Choose_Best_Model 2021-10-19T00:00:00+00:00 [running]> on host d6b4131456ad
[2021-10-20 00:00:07,804] {taskinstance.py:1254} INFO - Exporting the following env vars:
AIRFLOW_CTX_DAG_OWNER=***
AIRFLOW_CTX_DAG_ID=my_dag
AIRFLOW_CTX_TASK_ID=Choose_Best_Model
AIRFLOW_CTX_EXECUTION_DATE=2021-10-19T00:00:00+00:00
AIRFLOW_CTX_DAG_RUN_ID=scheduled__2021-10-19T00:00:00+00:00
[2021-10-20 00:00:07,828] {logging_mixin.py:109} INFO - Accuracies: [9, 3, 1]
[2021-10-20 00:00:07,830] {python.py:151} INFO - Done. Returned value was: Accurate
[2021-10-20 00:00:07,833] {skipmixin.py:124} INFO - Following branch Accurate
[2021-10-20 00:00:07,856] {skipmixin.py:155} INFO - Skipping tasks ['Not_Accurate']
[2021-10-20 00:00:07,960] {taskinstance.py:1219} INFO - Marking task as SUCCESS. dag_id=my_dag, task_id=Choose_Best_Model, execution_date=20211019T000000, start_date=20211020T000007, end_date=20211020T000007
[2021-10-20 00:00:08,037] {local_task_job.py:151} INFO - Task exited with return code 0
[2021-10-20 00:00:08,090] {local_task_job.py:261} INFO - 1 downstream tasks scheduled from follow-on schedule check
