[2021-10-03 01:27:11,829] {taskinstance.py:903} INFO - Dependencies all met for <TaskInstance: my_dag.Training_Model_A 2021-10-03T01:27:10.863529+00:00 [queued]>
[2021-10-03 01:27:11,865] {taskinstance.py:903} INFO - Dependencies all met for <TaskInstance: my_dag.Training_Model_A 2021-10-03T01:27:10.863529+00:00 [queued]>
[2021-10-03 01:27:11,866] {taskinstance.py:1095} INFO - 
--------------------------------------------------------------------------------
[2021-10-03 01:27:11,867] {taskinstance.py:1096} INFO - Starting attempt 1 of 1
[2021-10-03 01:27:11,869] {taskinstance.py:1097} INFO - 
--------------------------------------------------------------------------------
[2021-10-03 01:27:11,887] {taskinstance.py:1115} INFO - Executing <Task(PythonOperator): Training_Model_A> on 2021-10-03T01:27:10.863529+00:00
[2021-10-03 01:27:11,896] {standard_task_runner.py:52} INFO - Started process 25945 to run task
[2021-10-03 01:27:11,908] {standard_task_runner.py:76} INFO - Running: ['***', 'tasks', 'run', 'my_dag', 'Training_Model_A', '2021-10-03T01:27:10.863529+00:00', '--job-id', '78', '--pool', 'default_pool', '--raw', '--subdir', 'DAGS_FOLDER/my_dag.py', '--cfg-path', '/tmp/tmp3cg3sj94', '--error-file', '/tmp/tmpo0u31n54']
[2021-10-03 01:27:11,910] {standard_task_runner.py:77} INFO - Job 78: Subtask Training_Model_A
[2021-10-03 01:27:12,062] {logging_mixin.py:109} INFO - Running <TaskInstance: my_dag.Training_Model_A 2021-10-03T01:27:10.863529+00:00 [running]> on host d6b4131456ad
[2021-10-03 01:27:12,255] {taskinstance.py:1254} INFO - Exporting the following env vars:
AIRFLOW_CTX_DAG_OWNER=***
AIRFLOW_CTX_DAG_ID=my_dag
AIRFLOW_CTX_TASK_ID=Training_Model_A
AIRFLOW_CTX_EXECUTION_DATE=2021-10-03T01:27:10.863529+00:00
AIRFLOW_CTX_DAG_RUN_ID=manual__2021-10-03T01:27:10.863529+00:00
[2021-10-03 01:27:12,310] {python.py:151} INFO - Done. Returned value was: None
[2021-10-03 01:27:12,337] {taskinstance.py:1219} INFO - Marking task as SUCCESS. dag_id=my_dag, task_id=Training_Model_A, execution_date=20211003T012710, start_date=20211003T012711, end_date=20211003T012712
[2021-10-03 01:27:12,409] {local_task_job.py:151} INFO - Task exited with return code 0
[2021-10-03 01:27:12,472] {local_task_job.py:261} INFO - 0 downstream tasks scheduled from follow-on schedule check
