[2021-10-19 00:00:05,055] {taskinstance.py:903} INFO - Dependencies all met for <TaskInstance: my_dag.Accurate 2021-10-18T00:00:00+00:00 [queued]>
[2021-10-19 00:00:05,070] {taskinstance.py:903} INFO - Dependencies all met for <TaskInstance: my_dag.Accurate 2021-10-18T00:00:00+00:00 [queued]>
[2021-10-19 00:00:05,072] {taskinstance.py:1095} INFO - 
--------------------------------------------------------------------------------
[2021-10-19 00:00:05,073] {taskinstance.py:1096} INFO - Starting attempt 1 of 1
[2021-10-19 00:00:05,074] {taskinstance.py:1097} INFO - 
--------------------------------------------------------------------------------
[2021-10-19 00:00:05,101] {taskinstance.py:1115} INFO - Executing <Task(BashOperator): Accurate> on 2021-10-18T00:00:00+00:00
[2021-10-19 00:00:05,106] {standard_task_runner.py:52} INFO - Started process 38918 to run task
[2021-10-19 00:00:05,111] {standard_task_runner.py:76} INFO - Running: ['***', 'tasks', 'run', 'my_dag', 'Accurate', '2021-10-18T00:00:00+00:00', '--job-id', '218', '--pool', 'default_pool', '--raw', '--subdir', 'DAGS_FOLDER/my_dag.py', '--cfg-path', '/tmp/tmpq2jo0eov', '--error-file', '/tmp/tmpk2a13d53']
[2021-10-19 00:00:05,114] {standard_task_runner.py:77} INFO - Job 218: Subtask Accurate
[2021-10-19 00:00:05,187] {logging_mixin.py:109} INFO - Running <TaskInstance: my_dag.Accurate 2021-10-18T00:00:00+00:00 [running]> on host d6b4131456ad
[2021-10-19 00:00:05,318] {taskinstance.py:1254} INFO - Exporting the following env vars:
AIRFLOW_CTX_DAG_OWNER=***
AIRFLOW_CTX_DAG_ID=my_dag
AIRFLOW_CTX_TASK_ID=Accurate
AIRFLOW_CTX_EXECUTION_DATE=2021-10-18T00:00:00+00:00
AIRFLOW_CTX_DAG_RUN_ID=scheduled__2021-10-18T00:00:00+00:00
[2021-10-19 00:00:05,320] {subprocess.py:52} INFO - Tmp dir root location: 
 /tmp
[2021-10-19 00:00:05,326] {subprocess.py:63} INFO - Running command: ['bash', '-c', "printf '============\n\nAccurate\n\n=============' "]
[2021-10-19 00:00:05,357] {subprocess.py:74} INFO - Output:
[2021-10-19 00:00:05,386] {subprocess.py:78} INFO - ============
[2021-10-19 00:00:05,393] {subprocess.py:78} INFO - 
[2021-10-19 00:00:05,394] {subprocess.py:78} INFO - Accurate
[2021-10-19 00:00:05,396] {subprocess.py:78} INFO - 
[2021-10-19 00:00:05,398] {subprocess.py:78} INFO - =============
[2021-10-19 00:00:05,401] {subprocess.py:82} INFO - Command exited with return code 0
[2021-10-19 00:00:05,448] {taskinstance.py:1219} INFO - Marking task as SUCCESS. dag_id=my_dag, task_id=Accurate, execution_date=20211018T000000, start_date=20211019T000005, end_date=20211019T000005
[2021-10-19 00:00:05,496] {local_task_job.py:151} INFO - Task exited with return code 0
[2021-10-19 00:00:05,532] {local_task_job.py:261} INFO - 0 downstream tasks scheduled from follow-on schedule check
