[2021-10-03 00:28:32,324] {taskinstance.py:903} INFO - Dependencies all met for <TaskInstance: my_dag.Training_Model_A 2021-10-03T00:28:30.781844+00:00 [queued]>
[2021-10-03 00:28:32,384] {taskinstance.py:903} INFO - Dependencies all met for <TaskInstance: my_dag.Training_Model_A 2021-10-03T00:28:30.781844+00:00 [queued]>
[2021-10-03 00:28:32,387] {taskinstance.py:1095} INFO - 
--------------------------------------------------------------------------------
[2021-10-03 00:28:32,388] {taskinstance.py:1096} INFO - Starting attempt 1 of 1
[2021-10-03 00:28:32,390] {taskinstance.py:1097} INFO - 
--------------------------------------------------------------------------------
[2021-10-03 00:28:32,415] {taskinstance.py:1115} INFO - Executing <Task(PythonOperator): Training_Model_A> on 2021-10-03T00:28:30.781844+00:00
[2021-10-03 00:28:32,434] {standard_task_runner.py:76} INFO - Running: ['***', 'tasks', 'run', 'my_dag', 'Training_Model_A', '2021-10-03T00:28:30.781844+00:00', '--job-id', '45', '--pool', 'default_pool', '--raw', '--subdir', 'DAGS_FOLDER/my_dag.py', '--cfg-path', '/tmp/tmp0wpri_bw', '--error-file', '/tmp/tmpj3_kajio']
[2021-10-03 00:28:32,437] {standard_task_runner.py:77} INFO - Job 45: Subtask Training_Model_A
[2021-10-03 00:28:32,424] {standard_task_runner.py:52} INFO - Started process 23611 to run task
[2021-10-03 00:28:32,604] {logging_mixin.py:109} INFO - Running <TaskInstance: my_dag.Training_Model_A 2021-10-03T00:28:30.781844+00:00 [running]> on host d6b4131456ad
[2021-10-03 00:28:32,775] {taskinstance.py:1254} INFO - Exporting the following env vars:
AIRFLOW_CTX_DAG_OWNER=***
AIRFLOW_CTX_DAG_ID=my_dag
AIRFLOW_CTX_TASK_ID=Training_Model_A
AIRFLOW_CTX_EXECUTION_DATE=2021-10-03T00:28:30.781844+00:00
AIRFLOW_CTX_DAG_RUN_ID=manual__2021-10-03T00:28:30.781844+00:00
[2021-10-03 00:28:32,823] {python.py:151} INFO - Done. Returned value was: None
[2021-10-03 00:28:32,852] {taskinstance.py:1219} INFO - Marking task as SUCCESS. dag_id=my_dag, task_id=Training_Model_A, execution_date=20211003T002830, start_date=20211003T002832, end_date=20211003T002832
[2021-10-03 00:28:32,923] {local_task_job.py:151} INFO - Task exited with return code 0
[2021-10-03 00:28:32,970] {local_task_job.py:261} INFO - 1 downstream tasks scheduled from follow-on schedule check
