[2021-10-04 02:06:22,127] {taskinstance.py:903} INFO - Dependencies all met for <TaskInstance: my_dag.Accurate 2021-10-03T00:00:00+00:00 [queued]>
[2021-10-04 02:06:22,163] {taskinstance.py:903} INFO - Dependencies all met for <TaskInstance: my_dag.Accurate 2021-10-03T00:00:00+00:00 [queued]>
[2021-10-04 02:06:22,165] {taskinstance.py:1095} INFO - 
--------------------------------------------------------------------------------
[2021-10-04 02:06:22,166] {taskinstance.py:1096} INFO - Starting attempt 1 of 1
[2021-10-04 02:06:22,167] {taskinstance.py:1097} INFO - 
--------------------------------------------------------------------------------
[2021-10-04 02:06:22,183] {taskinstance.py:1115} INFO - Executing <Task(BashOperator): Accurate> on 2021-10-03T00:00:00+00:00
[2021-10-04 02:06:22,196] {standard_task_runner.py:76} INFO - Running: ['***', 'tasks', 'run', 'my_dag', 'Accurate', '2021-10-03T00:00:00+00:00', '--job-id', '117', '--pool', 'default_pool', '--raw', '--subdir', 'DAGS_FOLDER/my_dag.py', '--cfg-path', '/tmp/tmpilwv2tgg', '--error-file', '/tmp/tmprd2t2n23']
[2021-10-04 02:06:22,198] {standard_task_runner.py:77} INFO - Job 117: Subtask Accurate
[2021-10-04 02:06:22,190] {standard_task_runner.py:52} INFO - Started process 32281 to run task
[2021-10-04 02:06:22,295] {logging_mixin.py:109} INFO - Running <TaskInstance: my_dag.Accurate 2021-10-03T00:00:00+00:00 [running]> on host d6b4131456ad
[2021-10-04 02:06:22,379] {taskinstance.py:1254} INFO - Exporting the following env vars:
AIRFLOW_CTX_DAG_OWNER=***
AIRFLOW_CTX_DAG_ID=my_dag
AIRFLOW_CTX_TASK_ID=Accurate
AIRFLOW_CTX_EXECUTION_DATE=2021-10-03T00:00:00+00:00
AIRFLOW_CTX_DAG_RUN_ID=scheduled__2021-10-03T00:00:00+00:00
[2021-10-04 02:06:22,382] {subprocess.py:52} INFO - Tmp dir root location: 
 /tmp
[2021-10-04 02:06:22,384] {subprocess.py:63} INFO - Running command: ['bash', '-c', "printf '============\n\nAccurate\n\n=============' "]
[2021-10-04 02:06:22,395] {subprocess.py:74} INFO - Output:
[2021-10-04 02:06:22,401] {subprocess.py:78} INFO - ============
[2021-10-04 02:06:22,405] {subprocess.py:78} INFO - 
[2021-10-04 02:06:22,406] {subprocess.py:78} INFO - Accurate
[2021-10-04 02:06:22,407] {subprocess.py:78} INFO - 
[2021-10-04 02:06:22,408] {subprocess.py:78} INFO - =============
[2021-10-04 02:06:22,409] {subprocess.py:82} INFO - Command exited with return code 0
[2021-10-04 02:06:22,455] {taskinstance.py:1219} INFO - Marking task as SUCCESS. dag_id=my_dag, task_id=Accurate, execution_date=20211003T000000, start_date=20211004T020622, end_date=20211004T020622
[2021-10-04 02:06:22,523] {local_task_job.py:151} INFO - Task exited with return code 0
[2021-10-04 02:06:22,582] {local_task_job.py:261} INFO - 0 downstream tasks scheduled from follow-on schedule check
