[2021-10-03 01:27:11,960] {taskinstance.py:903} INFO - Dependencies all met for <TaskInstance: my_dag.Training_Model_C 2021-10-03T01:27:10.863529+00:00 [queued]>
[2021-10-03 01:27:11,987] {taskinstance.py:903} INFO - Dependencies all met for <TaskInstance: my_dag.Training_Model_C 2021-10-03T01:27:10.863529+00:00 [queued]>
[2021-10-03 01:27:11,991] {taskinstance.py:1095} INFO - 
--------------------------------------------------------------------------------
[2021-10-03 01:27:11,993] {taskinstance.py:1096} INFO - Starting attempt 1 of 1
[2021-10-03 01:27:11,994] {taskinstance.py:1097} INFO - 
--------------------------------------------------------------------------------
[2021-10-03 01:27:12,010] {taskinstance.py:1115} INFO - Executing <Task(PythonOperator): Training_Model_C> on 2021-10-03T01:27:10.863529+00:00
[2021-10-03 01:27:12,019] {standard_task_runner.py:52} INFO - Started process 25947 to run task
[2021-10-03 01:27:12,052] {standard_task_runner.py:76} INFO - Running: ['***', 'tasks', 'run', 'my_dag', 'Training_Model_C', '2021-10-03T01:27:10.863529+00:00', '--job-id', '80', '--pool', 'default_pool', '--raw', '--subdir', 'DAGS_FOLDER/my_dag.py', '--cfg-path', '/tmp/tmpenq25v_y', '--error-file', '/tmp/tmp2tby0w4q']
[2021-10-03 01:27:12,056] {standard_task_runner.py:77} INFO - Job 80: Subtask Training_Model_C
[2021-10-03 01:27:12,194] {logging_mixin.py:109} INFO - Running <TaskInstance: my_dag.Training_Model_C 2021-10-03T01:27:10.863529+00:00 [running]> on host d6b4131456ad
[2021-10-03 01:27:12,306] {taskinstance.py:1254} INFO - Exporting the following env vars:
AIRFLOW_CTX_DAG_OWNER=***
AIRFLOW_CTX_DAG_ID=my_dag
AIRFLOW_CTX_TASK_ID=Training_Model_C
AIRFLOW_CTX_EXECUTION_DATE=2021-10-03T01:27:10.863529+00:00
AIRFLOW_CTX_DAG_RUN_ID=manual__2021-10-03T01:27:10.863529+00:00
[2021-10-03 01:27:12,333] {python.py:151} INFO - Done. Returned value was: None
[2021-10-03 01:27:12,357] {taskinstance.py:1219} INFO - Marking task as SUCCESS. dag_id=my_dag, task_id=Training_Model_C, execution_date=20211003T012710, start_date=20211003T012711, end_date=20211003T012712
[2021-10-03 01:27:12,394] {local_task_job.py:151} INFO - Task exited with return code 0
[2021-10-03 01:27:12,458] {local_task_job.py:261} INFO - 0 downstream tasks scheduled from follow-on schedule check
