[2021-10-09 00:00:01,073] {taskinstance.py:903} INFO - Dependencies all met for <TaskInstance: my_dag.Training_Model_C 2021-10-08T00:00:00+00:00 [queued]>
[2021-10-09 00:00:01,095] {taskinstance.py:903} INFO - Dependencies all met for <TaskInstance: my_dag.Training_Model_C 2021-10-08T00:00:00+00:00 [queued]>
[2021-10-09 00:00:01,096] {taskinstance.py:1095} INFO - 
--------------------------------------------------------------------------------
[2021-10-09 00:00:01,097] {taskinstance.py:1096} INFO - Starting attempt 1 of 1
[2021-10-09 00:00:01,099] {taskinstance.py:1097} INFO - 
--------------------------------------------------------------------------------
[2021-10-09 00:00:01,119] {taskinstance.py:1115} INFO - Executing <Task(PythonOperator): Training_Model_C> on 2021-10-08T00:00:00+00:00
[2021-10-09 00:00:01,126] {standard_task_runner.py:52} INFO - Started process 56717 to run task
[2021-10-09 00:00:01,139] {standard_task_runner.py:76} INFO - Running: ['***', 'tasks', 'run', 'my_dag', 'Training_Model_C', '2021-10-08T00:00:00+00:00', '--job-id', '164', '--pool', 'default_pool', '--raw', '--subdir', 'DAGS_FOLDER/my_dag.py', '--cfg-path', '/tmp/tmpsw2bwap2', '--error-file', '/tmp/tmp2xd9bw4i']
[2021-10-09 00:00:01,143] {standard_task_runner.py:77} INFO - Job 164: Subtask Training_Model_C
[2021-10-09 00:00:01,226] {logging_mixin.py:109} INFO - Running <TaskInstance: my_dag.Training_Model_C 2021-10-08T00:00:00+00:00 [running]> on host d6b4131456ad
[2021-10-09 00:00:01,335] {taskinstance.py:1254} INFO - Exporting the following env vars:
AIRFLOW_CTX_DAG_OWNER=***
AIRFLOW_CTX_DAG_ID=my_dag
AIRFLOW_CTX_TASK_ID=Training_Model_C
AIRFLOW_CTX_EXECUTION_DATE=2021-10-08T00:00:00+00:00
AIRFLOW_CTX_DAG_RUN_ID=scheduled__2021-10-08T00:00:00+00:00
[2021-10-09 00:00:01,366] {python.py:151} INFO - Done. Returned value was: None
[2021-10-09 00:00:01,381] {taskinstance.py:1219} INFO - Marking task as SUCCESS. dag_id=my_dag, task_id=Training_Model_C, execution_date=20211008T000000, start_date=20211009T000001, end_date=20211009T000001
[2021-10-09 00:00:01,439] {local_task_job.py:151} INFO - Task exited with return code 0
[2021-10-09 00:00:01,483] {local_task_job.py:261} INFO - 1 downstream tasks scheduled from follow-on schedule check
