[2021-10-05 14:05:34,333] {taskinstance.py:903} INFO - Dependencies all met for <TaskInstance: my_dag.Training_Model_C 2021-10-05T14:05:32.544102+00:00 [queued]>
[2021-10-05 14:05:34,382] {taskinstance.py:903} INFO - Dependencies all met for <TaskInstance: my_dag.Training_Model_C 2021-10-05T14:05:32.544102+00:00 [queued]>
[2021-10-05 14:05:34,384] {taskinstance.py:1095} INFO - 
--------------------------------------------------------------------------------
[2021-10-05 14:05:34,387] {taskinstance.py:1096} INFO - Starting attempt 1 of 1
[2021-10-05 14:05:34,391] {taskinstance.py:1097} INFO - 
--------------------------------------------------------------------------------
[2021-10-05 14:05:34,413] {taskinstance.py:1115} INFO - Executing <Task(PythonOperator): Training_Model_C> on 2021-10-05T14:05:32.544102+00:00
[2021-10-05 14:05:34,420] {standard_task_runner.py:52} INFO - Started process 82165 to run task
[2021-10-05 14:05:34,436] {standard_task_runner.py:76} INFO - Running: ['***', 'tasks', 'run', 'my_dag', 'Training_Model_C', '2021-10-05T14:05:32.544102+00:00', '--job-id', '143', '--pool', 'default_pool', '--raw', '--subdir', 'DAGS_FOLDER/my_dag.py', '--cfg-path', '/tmp/tmpsjqsnifk', '--error-file', '/tmp/tmp5up3vvkc']
[2021-10-05 14:05:34,448] {standard_task_runner.py:77} INFO - Job 143: Subtask Training_Model_C
[2021-10-05 14:05:34,567] {logging_mixin.py:109} INFO - Running <TaskInstance: my_dag.Training_Model_C 2021-10-05T14:05:32.544102+00:00 [running]> on host d6b4131456ad
[2021-10-05 14:05:34,693] {taskinstance.py:1254} INFO - Exporting the following env vars:
AIRFLOW_CTX_DAG_OWNER=***
AIRFLOW_CTX_DAG_ID=my_dag
AIRFLOW_CTX_TASK_ID=Training_Model_C
AIRFLOW_CTX_EXECUTION_DATE=2021-10-05T14:05:32.544102+00:00
AIRFLOW_CTX_DAG_RUN_ID=manual__2021-10-05T14:05:32.544102+00:00
[2021-10-05 14:05:34,740] {python.py:151} INFO - Done. Returned value was: None
[2021-10-05 14:05:34,765] {taskinstance.py:1219} INFO - Marking task as SUCCESS. dag_id=my_dag, task_id=Training_Model_C, execution_date=20211005T140532, start_date=20211005T140534, end_date=20211005T140534
[2021-10-05 14:05:34,828] {local_task_job.py:151} INFO - Task exited with return code 0
[2021-10-05 14:05:34,905] {local_task_job.py:261} INFO - 1 downstream tasks scheduled from follow-on schedule check
