[2021-10-03 01:27:56,200] {taskinstance.py:903} INFO - Dependencies all met for <TaskInstance: my_dag.Not_Accurate 2021-10-03T01:27:52.683228+00:00 [queued]>
[2021-10-03 01:27:56,224] {taskinstance.py:903} INFO - Dependencies all met for <TaskInstance: my_dag.Not_Accurate 2021-10-03T01:27:52.683228+00:00 [queued]>
[2021-10-03 01:27:56,226] {taskinstance.py:1095} INFO - 
--------------------------------------------------------------------------------
[2021-10-03 01:27:56,227] {taskinstance.py:1096} INFO - Starting attempt 1 of 1
[2021-10-03 01:27:56,228] {taskinstance.py:1097} INFO - 
--------------------------------------------------------------------------------
[2021-10-03 01:27:56,239] {taskinstance.py:1115} INFO - Executing <Task(BashOperator): Not_Accurate> on 2021-10-03T01:27:52.683228+00:00
[2021-10-03 01:27:56,250] {standard_task_runner.py:76} INFO - Running: ['***', 'tasks', 'run', 'my_dag', 'Not_Accurate', '2021-10-03T01:27:52.683228+00:00', '--job-id', '92', '--pool', 'default_pool', '--raw', '--subdir', 'DAGS_FOLDER/my_dag.py', '--cfg-path', '/tmp/tmpdipcljgx', '--error-file', '/tmp/tmpn0_ynp9m']
[2021-10-03 01:27:56,246] {standard_task_runner.py:52} INFO - Started process 26016 to run task
[2021-10-03 01:27:56,252] {standard_task_runner.py:77} INFO - Job 92: Subtask Not_Accurate
[2021-10-03 01:27:56,323] {logging_mixin.py:109} INFO - Running <TaskInstance: my_dag.Not_Accurate 2021-10-03T01:27:52.683228+00:00 [running]> on host d6b4131456ad
[2021-10-03 01:27:56,387] {taskinstance.py:1254} INFO - Exporting the following env vars:
AIRFLOW_CTX_DAG_OWNER=***
AIRFLOW_CTX_DAG_ID=my_dag
AIRFLOW_CTX_TASK_ID=Not_Accurate
AIRFLOW_CTX_EXECUTION_DATE=2021-10-03T01:27:52.683228+00:00
AIRFLOW_CTX_DAG_RUN_ID=manual__2021-10-03T01:27:52.683228+00:00
[2021-10-03 01:27:56,390] {subprocess.py:52} INFO - Tmp dir root location: 
 /tmp
[2021-10-03 01:27:56,391] {subprocess.py:63} INFO - Running command: ['bash', '-c', "printf '============\n\nNot Accurate\n\n=============' "]
[2021-10-03 01:27:56,402] {subprocess.py:74} INFO - Output:
[2021-10-03 01:27:56,403] {subprocess.py:78} INFO - ============
[2021-10-03 01:27:56,405] {subprocess.py:78} INFO - 
[2021-10-03 01:27:56,406] {subprocess.py:78} INFO - Not Accurate
[2021-10-03 01:27:56,406] {subprocess.py:78} INFO - 
[2021-10-03 01:27:56,407] {subprocess.py:78} INFO - =============
[2021-10-03 01:27:56,408] {subprocess.py:82} INFO - Command exited with return code 0
[2021-10-03 01:27:56,443] {taskinstance.py:1219} INFO - Marking task as SUCCESS. dag_id=my_dag, task_id=Not_Accurate, execution_date=20211003T012752, start_date=20211003T012756, end_date=20211003T012756
[2021-10-03 01:27:56,472] {local_task_job.py:151} INFO - Task exited with return code 0
[2021-10-03 01:27:56,500] {local_task_job.py:261} INFO - 0 downstream tasks scheduled from follow-on schedule check
