[2021-10-07 00:00:06,084] {taskinstance.py:903} INFO - Dependencies all met for <TaskInstance: my_dag.Choose_Best_Model 2021-10-06T00:00:00+00:00 [queued]>
[2021-10-07 00:00:06,118] {taskinstance.py:903} INFO - Dependencies all met for <TaskInstance: my_dag.Choose_Best_Model 2021-10-06T00:00:00+00:00 [queued]>
[2021-10-07 00:00:06,121] {taskinstance.py:1095} INFO - 
--------------------------------------------------------------------------------
[2021-10-07 00:00:06,123] {taskinstance.py:1096} INFO - Starting attempt 1 of 1
[2021-10-07 00:00:06,124] {taskinstance.py:1097} INFO - 
--------------------------------------------------------------------------------
[2021-10-07 00:00:06,142] {taskinstance.py:1115} INFO - Executing <Task(BranchPythonOperator): Choose_Best_Model> on 2021-10-06T00:00:00+00:00
[2021-10-07 00:00:06,157] {standard_task_runner.py:76} INFO - Running: ['***', 'tasks', 'run', 'my_dag', 'Choose_Best_Model', '2021-10-06T00:00:00+00:00', '--job-id', '156', '--pool', 'default_pool', '--raw', '--subdir', 'DAGS_FOLDER/my_dag.py', '--cfg-path', '/tmp/tmp6c2enp5m', '--error-file', '/tmp/tmpoozmvfpy']
[2021-10-07 00:00:06,148] {standard_task_runner.py:52} INFO - Started process 68026 to run task
[2021-10-07 00:00:06,159] {standard_task_runner.py:77} INFO - Job 156: Subtask Choose_Best_Model
[2021-10-07 00:00:06,227] {logging_mixin.py:109} INFO - Running <TaskInstance: my_dag.Choose_Best_Model 2021-10-06T00:00:00+00:00 [running]> on host d6b4131456ad
[2021-10-07 00:00:06,322] {taskinstance.py:1254} INFO - Exporting the following env vars:
AIRFLOW_CTX_DAG_OWNER=***
AIRFLOW_CTX_DAG_ID=my_dag
AIRFLOW_CTX_TASK_ID=Choose_Best_Model
AIRFLOW_CTX_EXECUTION_DATE=2021-10-06T00:00:00+00:00
AIRFLOW_CTX_DAG_RUN_ID=scheduled__2021-10-06T00:00:00+00:00
[2021-10-07 00:00:06,342] {logging_mixin.py:109} INFO - Accuracies: [3, 6, 2]
[2021-10-07 00:00:06,343] {python.py:151} INFO - Done. Returned value was: Not_Accurate
[2021-10-07 00:00:06,345] {skipmixin.py:124} INFO - Following branch Not_Accurate
[2021-10-07 00:00:06,358] {skipmixin.py:155} INFO - Skipping tasks ['Accurate']
[2021-10-07 00:00:06,434] {taskinstance.py:1219} INFO - Marking task as SUCCESS. dag_id=my_dag, task_id=Choose_Best_Model, execution_date=20211006T000000, start_date=20211007T000006, end_date=20211007T000006
[2021-10-07 00:00:06,511] {local_task_job.py:151} INFO - Task exited with return code 0
[2021-10-07 00:00:06,558] {local_task_job.py:261} INFO - 1 downstream tasks scheduled from follow-on schedule check
