[2021-10-19 00:00:01,940] {taskinstance.py:903} INFO - Dependencies all met for <TaskInstance: my_dag.Training_Model_B 2021-10-18T00:00:00+00:00 [queued]>
[2021-10-19 00:00:01,989] {taskinstance.py:903} INFO - Dependencies all met for <TaskInstance: my_dag.Training_Model_B 2021-10-18T00:00:00+00:00 [queued]>
[2021-10-19 00:00:01,991] {taskinstance.py:1095} INFO - 
--------------------------------------------------------------------------------
[2021-10-19 00:00:01,993] {taskinstance.py:1096} INFO - Starting attempt 1 of 1
[2021-10-19 00:00:01,995] {taskinstance.py:1097} INFO - 
--------------------------------------------------------------------------------
[2021-10-19 00:00:02,024] {taskinstance.py:1115} INFO - Executing <Task(PythonOperator): Training_Model_B> on 2021-10-18T00:00:00+00:00
[2021-10-19 00:00:02,047] {standard_task_runner.py:76} INFO - Running: ['***', 'tasks', 'run', 'my_dag', 'Training_Model_B', '2021-10-18T00:00:00+00:00', '--job-id', '214', '--pool', 'default_pool', '--raw', '--subdir', 'DAGS_FOLDER/my_dag.py', '--cfg-path', '/tmp/tmpys8jgl95', '--error-file', '/tmp/tmpteg37ifc']
[2021-10-19 00:00:02,052] {standard_task_runner.py:77} INFO - Job 214: Subtask Training_Model_B
[2021-10-19 00:00:02,039] {standard_task_runner.py:52} INFO - Started process 38912 to run task
[2021-10-19 00:00:02,191] {logging_mixin.py:109} INFO - Running <TaskInstance: my_dag.Training_Model_B 2021-10-18T00:00:00+00:00 [running]> on host d6b4131456ad
[2021-10-19 00:00:02,296] {taskinstance.py:1254} INFO - Exporting the following env vars:
AIRFLOW_CTX_DAG_OWNER=***
AIRFLOW_CTX_DAG_ID=my_dag
AIRFLOW_CTX_TASK_ID=Training_Model_B
AIRFLOW_CTX_EXECUTION_DATE=2021-10-18T00:00:00+00:00
AIRFLOW_CTX_DAG_RUN_ID=scheduled__2021-10-18T00:00:00+00:00
[2021-10-19 00:00:02,329] {python.py:151} INFO - Done. Returned value was: None
[2021-10-19 00:00:02,351] {taskinstance.py:1219} INFO - Marking task as SUCCESS. dag_id=my_dag, task_id=Training_Model_B, execution_date=20211018T000000, start_date=20211019T000001, end_date=20211019T000002
[2021-10-19 00:00:02,434] {local_task_job.py:151} INFO - Task exited with return code 0
[2021-10-19 00:00:02,485] {local_task_job.py:261} INFO - 1 downstream tasks scheduled from follow-on schedule check
