[2021-10-02 19:27:15,310] {taskinstance.py:903} INFO - Dependencies all met for <TaskInstance: my_dag.Training_Model_C 2021-10-02T19:27:13.821631+00:00 [queued]>
[2021-10-02 19:27:15,357] {taskinstance.py:903} INFO - Dependencies all met for <TaskInstance: my_dag.Training_Model_C 2021-10-02T19:27:13.821631+00:00 [queued]>
[2021-10-02 19:27:15,358] {taskinstance.py:1095} INFO - 
--------------------------------------------------------------------------------
[2021-10-02 19:27:15,360] {taskinstance.py:1096} INFO - Starting attempt 1 of 1
[2021-10-02 19:27:15,361] {taskinstance.py:1097} INFO - 
--------------------------------------------------------------------------------
[2021-10-02 19:27:15,392] {taskinstance.py:1115} INFO - Executing <Task(PythonOperator): Training_Model_C> on 2021-10-02T19:27:13.821631+00:00
[2021-10-02 19:27:15,406] {standard_task_runner.py:52} INFO - Started process 20727 to run task
[2021-10-02 19:27:15,419] {standard_task_runner.py:76} INFO - Running: ['***', 'tasks', 'run', 'my_dag', 'Training_Model_C', '2021-10-02T19:27:13.821631+00:00', '--job-id', '35', '--pool', 'default_pool', '--raw', '--subdir', 'DAGS_FOLDER/my_dag.py', '--cfg-path', '/tmp/tmp86a_c92q', '--error-file', '/tmp/tmpq50rx7_m']
[2021-10-02 19:27:15,421] {standard_task_runner.py:77} INFO - Job 35: Subtask Training_Model_C
[2021-10-02 19:27:15,520] {logging_mixin.py:109} INFO - Running <TaskInstance: my_dag.Training_Model_C 2021-10-02T19:27:13.821631+00:00 [running]> on host d6b4131456ad
[2021-10-02 19:27:15,638] {taskinstance.py:1254} INFO - Exporting the following env vars:
AIRFLOW_CTX_DAG_OWNER=***
AIRFLOW_CTX_DAG_ID=my_dag
AIRFLOW_CTX_TASK_ID=Training_Model_C
AIRFLOW_CTX_EXECUTION_DATE=2021-10-02T19:27:13.821631+00:00
AIRFLOW_CTX_DAG_RUN_ID=manual__2021-10-02T19:27:13.821631+00:00
[2021-10-02 19:27:15,673] {python.py:151} INFO - Done. Returned value was: None
[2021-10-02 19:27:15,693] {taskinstance.py:1219} INFO - Marking task as SUCCESS. dag_id=my_dag, task_id=Training_Model_C, execution_date=20211002T192713, start_date=20211002T192715, end_date=20211002T192715
[2021-10-02 19:27:15,754] {local_task_job.py:151} INFO - Task exited with return code 0
[2021-10-02 19:27:15,812] {local_task_job.py:261} INFO - 0 downstream tasks scheduled from follow-on schedule check
