[2021-10-18 02:08:31,145] {taskinstance.py:903} INFO - Dependencies all met for <TaskInstance: my_dag.Not_Accurate 2021-10-17T00:00:00+00:00 [queued]>
[2021-10-18 02:08:38,487] {taskinstance.py:903} INFO - Dependencies all met for <TaskInstance: my_dag.Not_Accurate 2021-10-17T00:00:00+00:00 [queued]>
[2021-10-18 02:08:38,497] {taskinstance.py:1095} INFO - 
--------------------------------------------------------------------------------
[2021-10-18 02:08:38,505] {taskinstance.py:1096} INFO - Starting attempt 1 of 1
[2021-10-18 02:08:38,528] {taskinstance.py:1097} INFO - 
--------------------------------------------------------------------------------
[2021-10-18 02:08:39,507] {taskinstance.py:1115} INFO - Executing <Task(BashOperator): Not_Accurate> on 2021-10-17T00:00:00+00:00
[2021-10-18 02:08:39,787] {standard_task_runner.py:76} INFO - Running: ['***', 'tasks', 'run', 'my_dag', 'Not_Accurate', '2021-10-17T00:00:00+00:00', '--job-id', '213', '--pool', 'default_pool', '--raw', '--subdir', 'DAGS_FOLDER/my_dag.py', '--cfg-path', '/tmp/tmpggfydxrk', '--error-file', '/tmp/tmp8cbti1ty']
[2021-10-18 02:08:39,831] {standard_task_runner.py:77} INFO - Job 213: Subtask Not_Accurate
[2021-10-18 02:08:39,567] {standard_task_runner.py:52} INFO - Started process 88756 to run task
[2021-10-18 02:08:42,778] {logging_mixin.py:109} INFO - Running <TaskInstance: my_dag.Not_Accurate 2021-10-17T00:00:00+00:00 [running]> on host d6b4131456ad
[2021-10-18 02:08:44,045] {taskinstance.py:1254} INFO - Exporting the following env vars:
AIRFLOW_CTX_DAG_OWNER=***
AIRFLOW_CTX_DAG_ID=my_dag
AIRFLOW_CTX_TASK_ID=Not_Accurate
AIRFLOW_CTX_EXECUTION_DATE=2021-10-17T00:00:00+00:00
AIRFLOW_CTX_DAG_RUN_ID=scheduled__2021-10-17T00:00:00+00:00
[2021-10-18 02:08:44,218] {subprocess.py:52} INFO - Tmp dir root location: 
 /tmp
[2021-10-18 02:08:44,267] {subprocess.py:63} INFO - Running command: ['bash', '-c', "printf '============\n\nNot Accurate\n\n=============' "]
[2021-10-18 02:08:46,927] {subprocess.py:74} INFO - Output:
[2021-10-18 02:08:47,129] {subprocess.py:78} INFO - ============
[2021-10-18 02:08:47,160] {subprocess.py:78} INFO - 
[2021-10-18 02:08:47,163] {subprocess.py:78} INFO - Not Accurate
[2021-10-18 02:08:47,164] {subprocess.py:78} INFO - 
[2021-10-18 02:08:47,216] {subprocess.py:78} INFO - =============
[2021-10-18 02:08:47,225] {subprocess.py:82} INFO - Command exited with return code 0
[2021-10-18 02:08:47,466] {taskinstance.py:1219} INFO - Marking task as SUCCESS. dag_id=my_dag, task_id=Not_Accurate, execution_date=20211017T000000, start_date=20211018T020837, end_date=20211018T020847
[2021-10-18 02:08:47,604] {local_task_job.py:151} INFO - Task exited with return code 0
[2021-10-18 02:08:47,690] {local_task_job.py:261} INFO - 0 downstream tasks scheduled from follow-on schedule check
