[2021-10-11 00:45:37,110] {taskinstance.py:903} INFO - Dependencies all met for <TaskInstance: my_dag.Accurate 2021-10-10T00:00:00+00:00 [queued]>
[2021-10-11 00:45:37,139] {taskinstance.py:903} INFO - Dependencies all met for <TaskInstance: my_dag.Accurate 2021-10-10T00:00:00+00:00 [queued]>
[2021-10-11 00:45:37,140] {taskinstance.py:1095} INFO - 
--------------------------------------------------------------------------------
[2021-10-11 00:45:37,142] {taskinstance.py:1096} INFO - Starting attempt 1 of 1
[2021-10-11 00:45:37,143] {taskinstance.py:1097} INFO - 
--------------------------------------------------------------------------------
[2021-10-11 00:45:37,154] {taskinstance.py:1115} INFO - Executing <Task(BashOperator): Accurate> on 2021-10-10T00:00:00+00:00
[2021-10-11 00:45:37,159] {standard_task_runner.py:52} INFO - Started process 69848 to run task
[2021-10-11 00:45:37,167] {standard_task_runner.py:76} INFO - Running: ['***', 'tasks', 'run', 'my_dag', 'Accurate', '2021-10-10T00:00:00+00:00', '--job-id', '177', '--pool', 'default_pool', '--raw', '--subdir', 'DAGS_FOLDER/my_dag.py', '--cfg-path', '/tmp/tmp1os71xi4', '--error-file', '/tmp/tmpp3tu3zeo']
[2021-10-11 00:45:37,169] {standard_task_runner.py:77} INFO - Job 177: Subtask Accurate
[2021-10-11 00:45:37,242] {logging_mixin.py:109} INFO - Running <TaskInstance: my_dag.Accurate 2021-10-10T00:00:00+00:00 [running]> on host d6b4131456ad
[2021-10-11 00:45:37,325] {taskinstance.py:1254} INFO - Exporting the following env vars:
AIRFLOW_CTX_DAG_OWNER=***
AIRFLOW_CTX_DAG_ID=my_dag
AIRFLOW_CTX_TASK_ID=Accurate
AIRFLOW_CTX_EXECUTION_DATE=2021-10-10T00:00:00+00:00
AIRFLOW_CTX_DAG_RUN_ID=scheduled__2021-10-10T00:00:00+00:00
[2021-10-11 00:45:37,330] {subprocess.py:52} INFO - Tmp dir root location: 
 /tmp
[2021-10-11 00:45:37,336] {subprocess.py:63} INFO - Running command: ['bash', '-c', "printf '============\n\nAccurate\n\n=============' "]
[2021-10-11 00:45:37,356] {subprocess.py:74} INFO - Output:
[2021-10-11 00:45:37,380] {subprocess.py:78} INFO - ============
[2021-10-11 00:45:37,381] {subprocess.py:78} INFO - 
[2021-10-11 00:45:37,382] {subprocess.py:78} INFO - Accurate
[2021-10-11 00:45:37,383] {subprocess.py:78} INFO - 
[2021-10-11 00:45:37,385] {subprocess.py:78} INFO - =============
[2021-10-11 00:45:37,387] {subprocess.py:82} INFO - Command exited with return code 0
[2021-10-11 00:45:37,453] {taskinstance.py:1219} INFO - Marking task as SUCCESS. dag_id=my_dag, task_id=Accurate, execution_date=20211010T000000, start_date=20211011T004537, end_date=20211011T004537
[2021-10-11 00:45:37,546] {local_task_job.py:151} INFO - Task exited with return code 0
[2021-10-11 00:45:37,576] {local_task_job.py:261} INFO - 0 downstream tasks scheduled from follow-on schedule check
