[2021-10-03 01:27:13,115] {taskinstance.py:903} INFO - Dependencies all met for <TaskInstance: my_dag.Choose_Best_Model 2021-10-03T01:27:10.863529+00:00 [queued]>
[2021-10-03 01:27:13,134] {taskinstance.py:903} INFO - Dependencies all met for <TaskInstance: my_dag.Choose_Best_Model 2021-10-03T01:27:10.863529+00:00 [queued]>
[2021-10-03 01:27:13,135] {taskinstance.py:1095} INFO - 
--------------------------------------------------------------------------------
[2021-10-03 01:27:13,136] {taskinstance.py:1096} INFO - Starting attempt 1 of 1
[2021-10-03 01:27:13,137] {taskinstance.py:1097} INFO - 
--------------------------------------------------------------------------------
[2021-10-03 01:27:13,149] {taskinstance.py:1115} INFO - Executing <Task(BranchPythonOperator): Choose_Best_Model> on 2021-10-03T01:27:10.863529+00:00
[2021-10-03 01:27:13,153] {standard_task_runner.py:52} INFO - Started process 25949 to run task
[2021-10-03 01:27:13,158] {standard_task_runner.py:76} INFO - Running: ['***', 'tasks', 'run', 'my_dag', 'Choose_Best_Model', '2021-10-03T01:27:10.863529+00:00', '--job-id', '81', '--pool', 'default_pool', '--raw', '--subdir', 'DAGS_FOLDER/my_dag.py', '--cfg-path', '/tmp/tmploay4kc8', '--error-file', '/tmp/tmp8rt28i5u']
[2021-10-03 01:27:13,160] {standard_task_runner.py:77} INFO - Job 81: Subtask Choose_Best_Model
[2021-10-03 01:27:13,216] {logging_mixin.py:109} INFO - Running <TaskInstance: my_dag.Choose_Best_Model 2021-10-03T01:27:10.863529+00:00 [running]> on host d6b4131456ad
[2021-10-03 01:27:13,285] {taskinstance.py:1254} INFO - Exporting the following env vars:
AIRFLOW_CTX_DAG_OWNER=***
AIRFLOW_CTX_DAG_ID=my_dag
AIRFLOW_CTX_TASK_ID=Choose_Best_Model
AIRFLOW_CTX_EXECUTION_DATE=2021-10-03T01:27:10.863529+00:00
AIRFLOW_CTX_DAG_RUN_ID=manual__2021-10-03T01:27:10.863529+00:00
[2021-10-03 01:27:13,297] {logging_mixin.py:109} INFO - Accuracies: [2, 3, 6]
[2021-10-03 01:27:13,298] {python.py:151} INFO - Done. Returned value was: Not_Accurate
[2021-10-03 01:27:13,299] {skipmixin.py:124} INFO - Following branch Not_Accurate
[2021-10-03 01:27:13,309] {skipmixin.py:155} INFO - Skipping tasks ['Accurate']
[2021-10-03 01:27:13,369] {taskinstance.py:1219} INFO - Marking task as SUCCESS. dag_id=my_dag, task_id=Choose_Best_Model, execution_date=20211003T012710, start_date=20211003T012713, end_date=20211003T012713
[2021-10-03 01:27:13,417] {local_task_job.py:151} INFO - Task exited with return code 0
[2021-10-03 01:27:13,453] {local_task_job.py:261} INFO - 1 downstream tasks scheduled from follow-on schedule check
