[2021-10-03 01:43:16,920] {taskinstance.py:903} INFO - Dependencies all met for <TaskInstance: my_dag.Choose_Best_Model 2021-10-03T01:43:14.233292+00:00 [queued]>
[2021-10-03 01:43:16,939] {taskinstance.py:903} INFO - Dependencies all met for <TaskInstance: my_dag.Choose_Best_Model 2021-10-03T01:43:14.233292+00:00 [queued]>
[2021-10-03 01:43:16,940] {taskinstance.py:1095} INFO - 
--------------------------------------------------------------------------------
[2021-10-03 01:43:16,941] {taskinstance.py:1096} INFO - Starting attempt 1 of 1
[2021-10-03 01:43:16,942] {taskinstance.py:1097} INFO - 
--------------------------------------------------------------------------------
[2021-10-03 01:43:16,954] {taskinstance.py:1115} INFO - Executing <Task(BranchPythonOperator): Choose_Best_Model> on 2021-10-03T01:43:14.233292+00:00
[2021-10-03 01:43:16,958] {standard_task_runner.py:52} INFO - Started process 27114 to run task
[2021-10-03 01:43:16,962] {standard_task_runner.py:76} INFO - Running: ['***', 'tasks', 'run', 'my_dag', 'Choose_Best_Model', '2021-10-03T01:43:14.233292+00:00', '--job-id', '111', '--pool', 'default_pool', '--raw', '--subdir', 'DAGS_FOLDER/my_dag.py', '--cfg-path', '/tmp/tmpcc3_lrxq', '--error-file', '/tmp/tmpu5lemou2']
[2021-10-03 01:43:16,965] {standard_task_runner.py:77} INFO - Job 111: Subtask Choose_Best_Model
[2021-10-03 01:43:17,024] {logging_mixin.py:109} INFO - Running <TaskInstance: my_dag.Choose_Best_Model 2021-10-03T01:43:14.233292+00:00 [running]> on host d6b4131456ad
[2021-10-03 01:43:17,090] {taskinstance.py:1254} INFO - Exporting the following env vars:
AIRFLOW_CTX_DAG_OWNER=***
AIRFLOW_CTX_DAG_ID=my_dag
AIRFLOW_CTX_TASK_ID=Choose_Best_Model
AIRFLOW_CTX_EXECUTION_DATE=2021-10-03T01:43:14.233292+00:00
AIRFLOW_CTX_DAG_RUN_ID=manual__2021-10-03T01:43:14.233292+00:00
[2021-10-03 01:43:17,102] {logging_mixin.py:109} INFO - Accuracies: [2, 6, 3]
[2021-10-03 01:43:17,103] {python.py:151} INFO - Done. Returned value was: Accurate
[2021-10-03 01:43:17,104] {skipmixin.py:124} INFO - Following branch Accurate
[2021-10-03 01:43:17,113] {skipmixin.py:155} INFO - Skipping tasks ['Not_Accurate']
[2021-10-03 01:43:17,168] {taskinstance.py:1219} INFO - Marking task as SUCCESS. dag_id=my_dag, task_id=Choose_Best_Model, execution_date=20211003T014314, start_date=20211003T014316, end_date=20211003T014317
[2021-10-03 01:43:17,223] {local_task_job.py:151} INFO - Task exited with return code 0
[2021-10-03 01:43:17,263] {local_task_job.py:261} INFO - 1 downstream tasks scheduled from follow-on schedule check
