[2021-10-05 11:59:28,410] {taskinstance.py:903} INFO - Dependencies all met for <TaskInstance: my_dag.Choose_Best_Model 2021-10-05T11:59:26.012521+00:00 [queued]>
[2021-10-05 11:59:28,442] {taskinstance.py:903} INFO - Dependencies all met for <TaskInstance: my_dag.Choose_Best_Model 2021-10-05T11:59:26.012521+00:00 [queued]>
[2021-10-05 11:59:28,444] {taskinstance.py:1095} INFO - 
--------------------------------------------------------------------------------
[2021-10-05 11:59:28,446] {taskinstance.py:1096} INFO - Starting attempt 1 of 1
[2021-10-05 11:59:28,447] {taskinstance.py:1097} INFO - 
--------------------------------------------------------------------------------
[2021-10-05 11:59:28,459] {taskinstance.py:1115} INFO - Executing <Task(BranchPythonOperator): Choose_Best_Model> on 2021-10-05T11:59:26.012521+00:00
[2021-10-05 11:59:28,465] {standard_task_runner.py:52} INFO - Started process 74215 to run task
[2021-10-05 11:59:28,472] {standard_task_runner.py:76} INFO - Running: ['***', 'tasks', 'run', 'my_dag', 'Choose_Best_Model', '2021-10-05T11:59:26.012521+00:00', '--job-id', '131', '--pool', 'default_pool', '--raw', '--subdir', 'DAGS_FOLDER/my_dag.py', '--cfg-path', '/tmp/tmpufmggefm', '--error-file', '/tmp/tmp0ko5e99n']
[2021-10-05 11:59:28,474] {standard_task_runner.py:77} INFO - Job 131: Subtask Choose_Best_Model
[2021-10-05 11:59:28,549] {logging_mixin.py:109} INFO - Running <TaskInstance: my_dag.Choose_Best_Model 2021-10-05T11:59:26.012521+00:00 [running]> on host d6b4131456ad
[2021-10-05 11:59:28,627] {taskinstance.py:1254} INFO - Exporting the following env vars:
AIRFLOW_CTX_DAG_OWNER=***
AIRFLOW_CTX_DAG_ID=my_dag
AIRFLOW_CTX_TASK_ID=Choose_Best_Model
AIRFLOW_CTX_EXECUTION_DATE=2021-10-05T11:59:26.012521+00:00
AIRFLOW_CTX_DAG_RUN_ID=manual__2021-10-05T11:59:26.012521+00:00
[2021-10-05 11:59:28,641] {logging_mixin.py:109} INFO - Accuracies: [6, 2, 3]
[2021-10-05 11:59:28,642] {python.py:151} INFO - Done. Returned value was: Accurate
[2021-10-05 11:59:28,644] {skipmixin.py:124} INFO - Following branch Accurate
[2021-10-05 11:59:28,656] {skipmixin.py:155} INFO - Skipping tasks ['Not_Accurate']
[2021-10-05 11:59:28,724] {taskinstance.py:1219} INFO - Marking task as SUCCESS. dag_id=my_dag, task_id=Choose_Best_Model, execution_date=20211005T115926, start_date=20211005T115928, end_date=20211005T115928
[2021-10-05 11:59:28,771] {local_task_job.py:151} INFO - Task exited with return code 0
[2021-10-05 11:59:28,819] {local_task_job.py:261} INFO - 1 downstream tasks scheduled from follow-on schedule check
