[2021-10-13 00:43:32,707] {taskinstance.py:903} INFO - Dependencies all met for <TaskInstance: my_dag.Choose_Best_Model 2021-10-12T00:00:00+00:00 [queued]>
[2021-10-13 00:43:32,766] {taskinstance.py:903} INFO - Dependencies all met for <TaskInstance: my_dag.Choose_Best_Model 2021-10-12T00:00:00+00:00 [queued]>
[2021-10-13 00:43:32,768] {taskinstance.py:1095} INFO - 
--------------------------------------------------------------------------------
[2021-10-13 00:43:32,770] {taskinstance.py:1096} INFO - Starting attempt 1 of 1
[2021-10-13 00:43:32,772] {taskinstance.py:1097} INFO - 
--------------------------------------------------------------------------------
[2021-10-13 00:43:32,796] {taskinstance.py:1115} INFO - Executing <Task(BranchPythonOperator): Choose_Best_Model> on 2021-10-12T00:00:00+00:00
[2021-10-13 00:43:32,809] {standard_task_runner.py:52} INFO - Started process 48097 to run task
[2021-10-13 00:43:32,833] {standard_task_runner.py:76} INFO - Running: ['***', 'tasks', 'run', 'my_dag', 'Choose_Best_Model', '2021-10-12T00:00:00+00:00', '--job-id', '186', '--pool', 'default_pool', '--raw', '--subdir', 'DAGS_FOLDER/my_dag.py', '--cfg-path', '/tmp/tmps6fp8261', '--error-file', '/tmp/tmpy4p6fr8e']
[2021-10-13 00:43:32,837] {standard_task_runner.py:77} INFO - Job 186: Subtask Choose_Best_Model
[2021-10-13 00:43:32,963] {logging_mixin.py:109} INFO - Running <TaskInstance: my_dag.Choose_Best_Model 2021-10-12T00:00:00+00:00 [running]> on host d6b4131456ad
[2021-10-13 00:43:33,079] {taskinstance.py:1254} INFO - Exporting the following env vars:
AIRFLOW_CTX_DAG_OWNER=***
AIRFLOW_CTX_DAG_ID=my_dag
AIRFLOW_CTX_TASK_ID=Choose_Best_Model
AIRFLOW_CTX_EXECUTION_DATE=2021-10-12T00:00:00+00:00
AIRFLOW_CTX_DAG_RUN_ID=scheduled__2021-10-12T00:00:00+00:00
[2021-10-13 00:43:33,110] {logging_mixin.py:109} INFO - Accuracies: [2, 3, 6]
[2021-10-13 00:43:33,112] {python.py:151} INFO - Done. Returned value was: Not_Accurate
[2021-10-13 00:43:33,117] {skipmixin.py:124} INFO - Following branch Not_Accurate
[2021-10-13 00:43:33,132] {skipmixin.py:155} INFO - Skipping tasks ['Accurate']
[2021-10-13 00:43:33,267] {taskinstance.py:1219} INFO - Marking task as SUCCESS. dag_id=my_dag, task_id=Choose_Best_Model, execution_date=20211012T000000, start_date=20211013T004332, end_date=20211013T004333
[2021-10-13 00:43:33,333] {local_task_job.py:151} INFO - Task exited with return code 0
[2021-10-13 00:43:33,418] {local_task_job.py:261} INFO - 0 downstream tasks scheduled from follow-on schedule check
