[2021-10-03 00:46:15,648] {taskinstance.py:903} INFO - Dependencies all met for <TaskInstance: my_dag.Training_Model_B 2021-10-03T00:46:13.787815+00:00 [queued]>
[2021-10-03 00:46:15,670] {taskinstance.py:903} INFO - Dependencies all met for <TaskInstance: my_dag.Training_Model_B 2021-10-03T00:46:13.787815+00:00 [queued]>
[2021-10-03 00:46:15,672] {taskinstance.py:1095} INFO - 
--------------------------------------------------------------------------------
[2021-10-03 00:46:15,673] {taskinstance.py:1096} INFO - Starting attempt 1 of 1
[2021-10-03 00:46:15,674] {taskinstance.py:1097} INFO - 
--------------------------------------------------------------------------------
[2021-10-03 00:46:15,684] {taskinstance.py:1115} INFO - Executing <Task(PythonOperator): Training_Model_B> on 2021-10-03T00:46:13.787815+00:00
[2021-10-03 00:46:15,691] {standard_task_runner.py:52} INFO - Started process 24845 to run task
[2021-10-03 00:46:15,706] {standard_task_runner.py:76} INFO - Running: ['***', 'tasks', 'run', 'my_dag', 'Training_Model_B', '2021-10-03T00:46:13.787815+00:00', '--job-id', '69', '--pool', 'default_pool', '--raw', '--subdir', 'DAGS_FOLDER/my_dag.py', '--cfg-path', '/tmp/tmpf7k3_1by', '--error-file', '/tmp/tmphr9j0n4e']
[2021-10-03 00:46:15,707] {standard_task_runner.py:77} INFO - Job 69: Subtask Training_Model_B
[2021-10-03 00:46:15,790] {logging_mixin.py:109} INFO - Running <TaskInstance: my_dag.Training_Model_B 2021-10-03T00:46:13.787815+00:00 [running]> on host d6b4131456ad
[2021-10-03 00:46:15,927] {taskinstance.py:1254} INFO - Exporting the following env vars:
AIRFLOW_CTX_DAG_OWNER=***
AIRFLOW_CTX_DAG_ID=my_dag
AIRFLOW_CTX_TASK_ID=Training_Model_B
AIRFLOW_CTX_EXECUTION_DATE=2021-10-03T00:46:13.787815+00:00
AIRFLOW_CTX_DAG_RUN_ID=manual__2021-10-03T00:46:13.787815+00:00
[2021-10-03 00:46:15,974] {python.py:151} INFO - Done. Returned value was: None
[2021-10-03 00:46:15,998] {taskinstance.py:1219} INFO - Marking task as SUCCESS. dag_id=my_dag, task_id=Training_Model_B, execution_date=20211003T004613, start_date=20211003T004615, end_date=20211003T004615
[2021-10-03 00:46:16,078] {local_task_job.py:151} INFO - Task exited with return code 0
[2021-10-03 00:46:16,130] {local_task_job.py:261} INFO - 0 downstream tasks scheduled from follow-on schedule check
