[2021-10-03 00:33:47,595] {taskinstance.py:903} INFO - Dependencies all met for <TaskInstance: my_dag.Choose_Best_Model 2021-10-03T00:33:45.208996+00:00 [queued]>
[2021-10-03 00:33:47,612] {taskinstance.py:903} INFO - Dependencies all met for <TaskInstance: my_dag.Choose_Best_Model 2021-10-03T00:33:45.208996+00:00 [queued]>
[2021-10-03 00:33:47,613] {taskinstance.py:1095} INFO - 
--------------------------------------------------------------------------------
[2021-10-03 00:33:47,614] {taskinstance.py:1096} INFO - Starting attempt 1 of 1
[2021-10-03 00:33:47,615] {taskinstance.py:1097} INFO - 
--------------------------------------------------------------------------------
[2021-10-03 00:33:47,625] {taskinstance.py:1115} INFO - Executing <Task(BranchPythonOperator): Choose_Best_Model> on 2021-10-03T00:33:45.208996+00:00
[2021-10-03 00:33:47,630] {standard_task_runner.py:52} INFO - Started process 23982 to run task
[2021-10-03 00:33:47,634] {standard_task_runner.py:76} INFO - Running: ['***', 'tasks', 'run', 'my_dag', 'Choose_Best_Model', '2021-10-03T00:33:45.208996+00:00', '--job-id', '56', '--pool', 'default_pool', '--raw', '--subdir', 'DAGS_FOLDER/my_dag.py', '--cfg-path', '/tmp/tmpwlmiu4a3', '--error-file', '/tmp/tmp6y2f1yil']
[2021-10-03 00:33:47,636] {standard_task_runner.py:77} INFO - Job 56: Subtask Choose_Best_Model
[2021-10-03 00:33:47,690] {logging_mixin.py:109} INFO - Running <TaskInstance: my_dag.Choose_Best_Model 2021-10-03T00:33:45.208996+00:00 [running]> on host d6b4131456ad
[2021-10-03 00:33:47,748] {taskinstance.py:1254} INFO - Exporting the following env vars:
AIRFLOW_CTX_DAG_OWNER=***
AIRFLOW_CTX_DAG_ID=my_dag
AIRFLOW_CTX_TASK_ID=Choose_Best_Model
AIRFLOW_CTX_EXECUTION_DATE=2021-10-03T00:33:45.208996+00:00
AIRFLOW_CTX_DAG_RUN_ID=manual__2021-10-03T00:33:45.208996+00:00
[2021-10-03 00:33:47,759] {logging_mixin.py:109} INFO - Accuracies: [2, 3, 6]
[2021-10-03 00:33:47,760] {python.py:151} INFO - Done. Returned value was: Not_Accurate
[2021-10-03 00:33:47,763] {skipmixin.py:124} INFO - Following branch Not_Accurate
[2021-10-03 00:33:47,773] {skipmixin.py:155} INFO - Skipping tasks ['Accurate']
[2021-10-03 00:33:47,832] {taskinstance.py:1219} INFO - Marking task as SUCCESS. dag_id=my_dag, task_id=Choose_Best_Model, execution_date=20211003T003345, start_date=20211003T003347, end_date=20211003T003347
[2021-10-03 00:33:47,892] {local_task_job.py:151} INFO - Task exited with return code 0
[2021-10-03 00:33:47,935] {local_task_job.py:261} INFO - 1 downstream tasks scheduled from follow-on schedule check
