[2021-10-03 00:30:15,544] {taskinstance.py:903} INFO - Dependencies all met for <TaskInstance: my_dag.Training_Model_A 2021-10-03T00:30:14.112867+00:00 [queued]>
[2021-10-03 00:30:15,574] {taskinstance.py:903} INFO - Dependencies all met for <TaskInstance: my_dag.Training_Model_A 2021-10-03T00:30:14.112867+00:00 [queued]>
[2021-10-03 00:30:15,576] {taskinstance.py:1095} INFO - 
--------------------------------------------------------------------------------
[2021-10-03 00:30:15,577] {taskinstance.py:1096} INFO - Starting attempt 1 of 1
[2021-10-03 00:30:15,578] {taskinstance.py:1097} INFO - 
--------------------------------------------------------------------------------
[2021-10-03 00:30:15,593] {taskinstance.py:1115} INFO - Executing <Task(PythonOperator): Training_Model_A> on 2021-10-03T00:30:14.112867+00:00
[2021-10-03 00:30:15,599] {standard_task_runner.py:52} INFO - Started process 23731 to run task
[2021-10-03 00:30:15,615] {standard_task_runner.py:76} INFO - Running: ['***', 'tasks', 'run', 'my_dag', 'Training_Model_A', '2021-10-03T00:30:14.112867+00:00', '--job-id', '49', '--pool', 'default_pool', '--raw', '--subdir', 'DAGS_FOLDER/my_dag.py', '--cfg-path', '/tmp/tmpvmdyu7rr', '--error-file', '/tmp/tmpaatxws6a']
[2021-10-03 00:30:15,618] {standard_task_runner.py:77} INFO - Job 49: Subtask Training_Model_A
[2021-10-03 00:30:15,700] {logging_mixin.py:109} INFO - Running <TaskInstance: my_dag.Training_Model_A 2021-10-03T00:30:14.112867+00:00 [running]> on host d6b4131456ad
[2021-10-03 00:30:15,815] {taskinstance.py:1254} INFO - Exporting the following env vars:
AIRFLOW_CTX_DAG_OWNER=***
AIRFLOW_CTX_DAG_ID=my_dag
AIRFLOW_CTX_TASK_ID=Training_Model_A
AIRFLOW_CTX_EXECUTION_DATE=2021-10-03T00:30:14.112867+00:00
AIRFLOW_CTX_DAG_RUN_ID=manual__2021-10-03T00:30:14.112867+00:00
[2021-10-03 00:30:15,849] {python.py:151} INFO - Done. Returned value was: None
[2021-10-03 00:30:15,866] {taskinstance.py:1219} INFO - Marking task as SUCCESS. dag_id=my_dag, task_id=Training_Model_A, execution_date=20211003T003014, start_date=20211003T003015, end_date=20211003T003015
[2021-10-03 00:30:15,903] {local_task_job.py:151} INFO - Task exited with return code 0
[2021-10-03 00:30:15,945] {local_task_job.py:261} INFO - 0 downstream tasks scheduled from follow-on schedule check
