[2021-10-03 01:27:53,665] {taskinstance.py:903} INFO - Dependencies all met for <TaskInstance: my_dag.Training_Model_B 2021-10-03T01:27:52.683228+00:00 [queued]>
[2021-10-03 01:27:53,690] {taskinstance.py:903} INFO - Dependencies all met for <TaskInstance: my_dag.Training_Model_B 2021-10-03T01:27:52.683228+00:00 [queued]>
[2021-10-03 01:27:53,691] {taskinstance.py:1095} INFO - 
--------------------------------------------------------------------------------
[2021-10-03 01:27:53,693] {taskinstance.py:1096} INFO - Starting attempt 1 of 1
[2021-10-03 01:27:53,694] {taskinstance.py:1097} INFO - 
--------------------------------------------------------------------------------
[2021-10-03 01:27:53,712] {taskinstance.py:1115} INFO - Executing <Task(PythonOperator): Training_Model_B> on 2021-10-03T01:27:52.683228+00:00
[2021-10-03 01:27:53,717] {standard_task_runner.py:52} INFO - Started process 26010 to run task
[2021-10-03 01:27:53,731] {standard_task_runner.py:76} INFO - Running: ['***', 'tasks', 'run', 'my_dag', 'Training_Model_B', '2021-10-03T01:27:52.683228+00:00', '--job-id', '88', '--pool', 'default_pool', '--raw', '--subdir', 'DAGS_FOLDER/my_dag.py', '--cfg-path', '/tmp/tmp5iuupyp9', '--error-file', '/tmp/tmp27crkk87']
[2021-10-03 01:27:53,732] {standard_task_runner.py:77} INFO - Job 88: Subtask Training_Model_B
[2021-10-03 01:27:53,841] {logging_mixin.py:109} INFO - Running <TaskInstance: my_dag.Training_Model_B 2021-10-03T01:27:52.683228+00:00 [running]> on host d6b4131456ad
[2021-10-03 01:27:53,963] {taskinstance.py:1254} INFO - Exporting the following env vars:
AIRFLOW_CTX_DAG_OWNER=***
AIRFLOW_CTX_DAG_ID=my_dag
AIRFLOW_CTX_TASK_ID=Training_Model_B
AIRFLOW_CTX_EXECUTION_DATE=2021-10-03T01:27:52.683228+00:00
AIRFLOW_CTX_DAG_RUN_ID=manual__2021-10-03T01:27:52.683228+00:00
[2021-10-03 01:27:54,001] {python.py:151} INFO - Done. Returned value was: None
[2021-10-03 01:27:54,024] {taskinstance.py:1219} INFO - Marking task as SUCCESS. dag_id=my_dag, task_id=Training_Model_B, execution_date=20211003T012752, start_date=20211003T012753, end_date=20211003T012754
[2021-10-03 01:27:54,069] {local_task_job.py:151} INFO - Task exited with return code 0
[2021-10-03 01:27:54,120] {local_task_job.py:261} INFO - 1 downstream tasks scheduled from follow-on schedule check
