[2021-10-03 01:27:41,171] {taskinstance.py:903} INFO - Dependencies all met for <TaskInstance: my_dag.Training_Model_A 2021-10-03T01:27:39.864161+00:00 [queued]>
[2021-10-03 01:27:41,210] {taskinstance.py:903} INFO - Dependencies all met for <TaskInstance: my_dag.Training_Model_A 2021-10-03T01:27:39.864161+00:00 [queued]>
[2021-10-03 01:27:41,212] {taskinstance.py:1095} INFO - 
--------------------------------------------------------------------------------
[2021-10-03 01:27:41,214] {taskinstance.py:1096} INFO - Starting attempt 1 of 1
[2021-10-03 01:27:41,215] {taskinstance.py:1097} INFO - 
--------------------------------------------------------------------------------
[2021-10-03 01:27:41,236] {taskinstance.py:1115} INFO - Executing <Task(PythonOperator): Training_Model_A> on 2021-10-03T01:27:39.864161+00:00
[2021-10-03 01:27:41,245] {standard_task_runner.py:52} INFO - Started process 25986 to run task
[2021-10-03 01:27:41,262] {standard_task_runner.py:76} INFO - Running: ['***', 'tasks', 'run', 'my_dag', 'Training_Model_A', '2021-10-03T01:27:39.864161+00:00', '--job-id', '85', '--pool', 'default_pool', '--raw', '--subdir', 'DAGS_FOLDER/my_dag.py', '--cfg-path', '/tmp/tmpvh7eu0b5', '--error-file', '/tmp/tmpsuo0ma1l']
[2021-10-03 01:27:41,264] {standard_task_runner.py:77} INFO - Job 85: Subtask Training_Model_A
[2021-10-03 01:27:41,331] {logging_mixin.py:109} INFO - Running <TaskInstance: my_dag.Training_Model_A 2021-10-03T01:27:39.864161+00:00 [running]> on host d6b4131456ad
[2021-10-03 01:27:41,410] {taskinstance.py:1254} INFO - Exporting the following env vars:
AIRFLOW_CTX_DAG_OWNER=***
AIRFLOW_CTX_DAG_ID=my_dag
AIRFLOW_CTX_TASK_ID=Training_Model_A
AIRFLOW_CTX_EXECUTION_DATE=2021-10-03T01:27:39.864161+00:00
AIRFLOW_CTX_DAG_RUN_ID=manual__2021-10-03T01:27:39.864161+00:00
[2021-10-03 01:27:41,434] {python.py:151} INFO - Done. Returned value was: None
[2021-10-03 01:27:41,454] {taskinstance.py:1219} INFO - Marking task as SUCCESS. dag_id=my_dag, task_id=Training_Model_A, execution_date=20211003T012739, start_date=20211003T012741, end_date=20211003T012741
[2021-10-03 01:27:41,517] {local_task_job.py:151} INFO - Task exited with return code 0
[2021-10-03 01:27:41,566] {local_task_job.py:261} INFO - 0 downstream tasks scheduled from follow-on schedule check
