[2021-10-03 01:31:45,446] {taskinstance.py:903} INFO - Dependencies all met for <TaskInstance: my_dag.Training_Model_C 2021-10-03T01:31:43.794362+00:00 [queued]>
[2021-10-03 01:31:45,485] {taskinstance.py:903} INFO - Dependencies all met for <TaskInstance: my_dag.Training_Model_C 2021-10-03T01:31:43.794362+00:00 [queued]>
[2021-10-03 01:31:45,486] {taskinstance.py:1095} INFO - 
--------------------------------------------------------------------------------
[2021-10-03 01:31:45,487] {taskinstance.py:1096} INFO - Starting attempt 1 of 1
[2021-10-03 01:31:45,488] {taskinstance.py:1097} INFO - 
--------------------------------------------------------------------------------
[2021-10-03 01:31:45,508] {taskinstance.py:1115} INFO - Executing <Task(PythonOperator): Training_Model_C> on 2021-10-03T01:31:43.794362+00:00
[2021-10-03 01:31:45,513] {standard_task_runner.py:52} INFO - Started process 26314 to run task
[2021-10-03 01:31:45,527] {standard_task_runner.py:76} INFO - Running: ['***', 'tasks', 'run', 'my_dag', 'Training_Model_C', '2021-10-03T01:31:43.794362+00:00', '--job-id', '105', '--pool', 'default_pool', '--raw', '--subdir', 'DAGS_FOLDER/my_dag.py', '--cfg-path', '/tmp/tmp4qf7gw0t', '--error-file', '/tmp/tmpwh8m470b']
[2021-10-03 01:31:45,528] {standard_task_runner.py:77} INFO - Job 105: Subtask Training_Model_C
[2021-10-03 01:31:45,627] {logging_mixin.py:109} INFO - Running <TaskInstance: my_dag.Training_Model_C 2021-10-03T01:31:43.794362+00:00 [running]> on host d6b4131456ad
[2021-10-03 01:31:45,707] {taskinstance.py:1254} INFO - Exporting the following env vars:
AIRFLOW_CTX_DAG_OWNER=***
AIRFLOW_CTX_DAG_ID=my_dag
AIRFLOW_CTX_TASK_ID=Training_Model_C
AIRFLOW_CTX_EXECUTION_DATE=2021-10-03T01:31:43.794362+00:00
AIRFLOW_CTX_DAG_RUN_ID=manual__2021-10-03T01:31:43.794362+00:00
[2021-10-03 01:31:45,737] {python.py:151} INFO - Done. Returned value was: None
[2021-10-03 01:31:45,758] {taskinstance.py:1219} INFO - Marking task as SUCCESS. dag_id=my_dag, task_id=Training_Model_C, execution_date=20211003T013143, start_date=20211003T013145, end_date=20211003T013145
[2021-10-03 01:31:45,828] {local_task_job.py:151} INFO - Task exited with return code 0
[2021-10-03 01:31:45,860] {local_task_job.py:261} INFO - 0 downstream tasks scheduled from follow-on schedule check
