[2021-10-05 14:04:38,679] {taskinstance.py:903} INFO - Dependencies all met for <TaskInstance: my_dag.Not_Accurate 2021-10-05T14:04:35.342710+00:00 [queued]>
[2021-10-05 14:04:38,706] {taskinstance.py:903} INFO - Dependencies all met for <TaskInstance: my_dag.Not_Accurate 2021-10-05T14:04:35.342710+00:00 [queued]>
[2021-10-05 14:04:38,708] {taskinstance.py:1095} INFO - 
--------------------------------------------------------------------------------
[2021-10-05 14:04:38,709] {taskinstance.py:1096} INFO - Starting attempt 1 of 1
[2021-10-05 14:04:38,710] {taskinstance.py:1097} INFO - 
--------------------------------------------------------------------------------
[2021-10-05 14:04:38,722] {taskinstance.py:1115} INFO - Executing <Task(BashOperator): Not_Accurate> on 2021-10-05T14:04:35.342710+00:00
[2021-10-05 14:04:38,727] {standard_task_runner.py:52} INFO - Started process 82095 to run task
[2021-10-05 14:04:38,731] {standard_task_runner.py:76} INFO - Running: ['***', 'tasks', 'run', 'my_dag', 'Not_Accurate', '2021-10-05T14:04:35.342710+00:00', '--job-id', '142', '--pool', 'default_pool', '--raw', '--subdir', 'DAGS_FOLDER/my_dag.py', '--cfg-path', '/tmp/tmpef0r95j0', '--error-file', '/tmp/tmpqdn5684d']
[2021-10-05 14:04:38,734] {standard_task_runner.py:77} INFO - Job 142: Subtask Not_Accurate
[2021-10-05 14:04:38,794] {logging_mixin.py:109} INFO - Running <TaskInstance: my_dag.Not_Accurate 2021-10-05T14:04:35.342710+00:00 [running]> on host d6b4131456ad
[2021-10-05 14:04:38,863] {taskinstance.py:1254} INFO - Exporting the following env vars:
AIRFLOW_CTX_DAG_OWNER=***
AIRFLOW_CTX_DAG_ID=my_dag
AIRFLOW_CTX_TASK_ID=Not_Accurate
AIRFLOW_CTX_EXECUTION_DATE=2021-10-05T14:04:35.342710+00:00
AIRFLOW_CTX_DAG_RUN_ID=manual__2021-10-05T14:04:35.342710+00:00
[2021-10-05 14:04:38,866] {subprocess.py:52} INFO - Tmp dir root location: 
 /tmp
[2021-10-05 14:04:38,868] {subprocess.py:63} INFO - Running command: ['bash', '-c', "printf '============\n\nNot Accurate\n\n=============' "]
[2021-10-05 14:04:38,880] {subprocess.py:74} INFO - Output:
[2021-10-05 14:04:38,882] {subprocess.py:78} INFO - ============
[2021-10-05 14:04:38,884] {subprocess.py:78} INFO - 
[2021-10-05 14:04:38,885] {subprocess.py:78} INFO - Not Accurate
[2021-10-05 14:04:38,886] {subprocess.py:78} INFO - 
[2021-10-05 14:04:38,887] {subprocess.py:78} INFO - =============
[2021-10-05 14:04:38,889] {subprocess.py:82} INFO - Command exited with return code 0
[2021-10-05 14:04:38,930] {taskinstance.py:1219} INFO - Marking task as SUCCESS. dag_id=my_dag, task_id=Not_Accurate, execution_date=20211005T140435, start_date=20211005T140438, end_date=20211005T140438
[2021-10-05 14:04:38,991] {local_task_job.py:151} INFO - Task exited with return code 0
[2021-10-05 14:04:39,029] {local_task_job.py:261} INFO - 0 downstream tasks scheduled from follow-on schedule check
