[2021-10-03 01:43:15,668] {taskinstance.py:903} INFO - Dependencies all met for <TaskInstance: my_dag.Training_Model_C 2021-10-03T01:43:14.233292+00:00 [queued]>
[2021-10-03 01:43:15,709] {taskinstance.py:903} INFO - Dependencies all met for <TaskInstance: my_dag.Training_Model_C 2021-10-03T01:43:14.233292+00:00 [queued]>
[2021-10-03 01:43:15,714] {taskinstance.py:1095} INFO - 
--------------------------------------------------------------------------------
[2021-10-03 01:43:15,717] {taskinstance.py:1096} INFO - Starting attempt 1 of 1
[2021-10-03 01:43:15,720] {taskinstance.py:1097} INFO - 
--------------------------------------------------------------------------------
[2021-10-03 01:43:15,739] {taskinstance.py:1115} INFO - Executing <Task(PythonOperator): Training_Model_C> on 2021-10-03T01:43:14.233292+00:00
[2021-10-03 01:43:15,750] {standard_task_runner.py:76} INFO - Running: ['***', 'tasks', 'run', 'my_dag', 'Training_Model_C', '2021-10-03T01:43:14.233292+00:00', '--job-id', '108', '--pool', 'default_pool', '--raw', '--subdir', 'DAGS_FOLDER/my_dag.py', '--cfg-path', '/tmp/tmpjl0ly5_j', '--error-file', '/tmp/tmph5c5jnpv']
[2021-10-03 01:43:15,752] {standard_task_runner.py:77} INFO - Job 108: Subtask Training_Model_C
[2021-10-03 01:43:15,745] {standard_task_runner.py:52} INFO - Started process 27110 to run task
[2021-10-03 01:43:15,853] {logging_mixin.py:109} INFO - Running <TaskInstance: my_dag.Training_Model_C 2021-10-03T01:43:14.233292+00:00 [running]> on host d6b4131456ad
[2021-10-03 01:43:15,968] {taskinstance.py:1254} INFO - Exporting the following env vars:
AIRFLOW_CTX_DAG_OWNER=***
AIRFLOW_CTX_DAG_ID=my_dag
AIRFLOW_CTX_TASK_ID=Training_Model_C
AIRFLOW_CTX_EXECUTION_DATE=2021-10-03T01:43:14.233292+00:00
AIRFLOW_CTX_DAG_RUN_ID=manual__2021-10-03T01:43:14.233292+00:00
[2021-10-03 01:43:15,992] {python.py:151} INFO - Done. Returned value was: None
[2021-10-03 01:43:16,008] {taskinstance.py:1219} INFO - Marking task as SUCCESS. dag_id=my_dag, task_id=Training_Model_C, execution_date=20211003T014314, start_date=20211003T014315, end_date=20211003T014316
[2021-10-03 01:43:16,064] {local_task_job.py:151} INFO - Task exited with return code 0
[2021-10-03 01:43:16,104] {local_task_job.py:261} INFO - 0 downstream tasks scheduled from follow-on schedule check
