[2021-10-06 00:00:03,653] {taskinstance.py:903} INFO - Dependencies all met for <TaskInstance: my_dag.Choose_Best_Model 2021-10-05T00:00:00+00:00 [queued]>
[2021-10-06 00:00:03,685] {taskinstance.py:903} INFO - Dependencies all met for <TaskInstance: my_dag.Choose_Best_Model 2021-10-05T00:00:00+00:00 [queued]>
[2021-10-06 00:00:03,687] {taskinstance.py:1095} INFO - 
--------------------------------------------------------------------------------
[2021-10-06 00:00:03,689] {taskinstance.py:1096} INFO - Starting attempt 1 of 1
[2021-10-06 00:00:03,690] {taskinstance.py:1097} INFO - 
--------------------------------------------------------------------------------
[2021-10-06 00:00:03,712] {taskinstance.py:1115} INFO - Executing <Task(BranchPythonOperator): Choose_Best_Model> on 2021-10-05T00:00:00+00:00
[2021-10-06 00:00:03,728] {standard_task_runner.py:76} INFO - Running: ['***', 'tasks', 'run', 'my_dag', 'Choose_Best_Model', '2021-10-05T00:00:00+00:00', '--job-id', '151', '--pool', 'default_pool', '--raw', '--subdir', 'DAGS_FOLDER/my_dag.py', '--cfg-path', '/tmp/tmpaye6w3hs', '--error-file', '/tmp/tmp2d1j9rwq']
[2021-10-06 00:00:03,722] {standard_task_runner.py:52} INFO - Started process 15115 to run task
[2021-10-06 00:00:03,731] {standard_task_runner.py:77} INFO - Job 151: Subtask Choose_Best_Model
[2021-10-06 00:00:03,805] {logging_mixin.py:109} INFO - Running <TaskInstance: my_dag.Choose_Best_Model 2021-10-05T00:00:00+00:00 [running]> on host d6b4131456ad
[2021-10-06 00:00:03,903] {taskinstance.py:1254} INFO - Exporting the following env vars:
AIRFLOW_CTX_DAG_OWNER=***
AIRFLOW_CTX_DAG_ID=my_dag
AIRFLOW_CTX_TASK_ID=Choose_Best_Model
AIRFLOW_CTX_EXECUTION_DATE=2021-10-05T00:00:00+00:00
AIRFLOW_CTX_DAG_RUN_ID=scheduled__2021-10-05T00:00:00+00:00
[2021-10-06 00:00:03,921] {logging_mixin.py:109} INFO - Accuracies: [2, 3, 6]
[2021-10-06 00:00:03,923] {python.py:151} INFO - Done. Returned value was: Not_Accurate
[2021-10-06 00:00:03,924] {skipmixin.py:124} INFO - Following branch Not_Accurate
[2021-10-06 00:00:03,942] {skipmixin.py:155} INFO - Skipping tasks ['Accurate']
[2021-10-06 00:00:04,026] {taskinstance.py:1219} INFO - Marking task as SUCCESS. dag_id=my_dag, task_id=Choose_Best_Model, execution_date=20211005T000000, start_date=20211006T000003, end_date=20211006T000004
[2021-10-06 00:00:04,077] {local_task_job.py:151} INFO - Task exited with return code 0
[2021-10-06 00:00:04,153] {local_task_job.py:261} INFO - 1 downstream tasks scheduled from follow-on schedule check
