[2021-10-03 00:37:06,675] {taskinstance.py:903} INFO - Dependencies all met for <TaskInstance: my_dag.Training_Model_B 2021-10-03T00:37:05.394662+00:00 [queued]>
[2021-10-03 00:37:06,721] {taskinstance.py:903} INFO - Dependencies all met for <TaskInstance: my_dag.Training_Model_B 2021-10-03T00:37:05.394662+00:00 [queued]>
[2021-10-03 00:37:06,722] {taskinstance.py:1095} INFO - 
--------------------------------------------------------------------------------
[2021-10-03 00:37:06,725] {taskinstance.py:1096} INFO - Starting attempt 1 of 1
[2021-10-03 00:37:06,727] {taskinstance.py:1097} INFO - 
--------------------------------------------------------------------------------
[2021-10-03 00:37:06,749] {taskinstance.py:1115} INFO - Executing <Task(PythonOperator): Training_Model_B> on 2021-10-03T00:37:05.394662+00:00
[2021-10-03 00:37:06,764] {standard_task_runner.py:52} INFO - Started process 24218 to run task
[2021-10-03 00:37:06,776] {standard_task_runner.py:76} INFO - Running: ['***', 'tasks', 'run', 'my_dag', 'Training_Model_B', '2021-10-03T00:37:05.394662+00:00', '--job-id', '60', '--pool', 'default_pool', '--raw', '--subdir', 'DAGS_FOLDER/my_dag.py', '--cfg-path', '/tmp/tmpx3nxov_z', '--error-file', '/tmp/tmpycq1x20g']
[2021-10-03 00:37:06,778] {standard_task_runner.py:77} INFO - Job 60: Subtask Training_Model_B
[2021-10-03 00:37:06,896] {logging_mixin.py:109} INFO - Running <TaskInstance: my_dag.Training_Model_B 2021-10-03T00:37:05.394662+00:00 [running]> on host d6b4131456ad
[2021-10-03 00:37:07,020] {taskinstance.py:1254} INFO - Exporting the following env vars:
AIRFLOW_CTX_DAG_OWNER=***
AIRFLOW_CTX_DAG_ID=my_dag
AIRFLOW_CTX_TASK_ID=Training_Model_B
AIRFLOW_CTX_EXECUTION_DATE=2021-10-03T00:37:05.394662+00:00
AIRFLOW_CTX_DAG_RUN_ID=manual__2021-10-03T00:37:05.394662+00:00
[2021-10-03 00:37:07,058] {python.py:151} INFO - Done. Returned value was: None
[2021-10-03 00:37:07,075] {taskinstance.py:1219} INFO - Marking task as SUCCESS. dag_id=my_dag, task_id=Training_Model_B, execution_date=20211003T003705, start_date=20211003T003706, end_date=20211003T003707
[2021-10-03 00:37:07,163] {local_task_job.py:151} INFO - Task exited with return code 0
[2021-10-03 00:37:07,205] {local_task_job.py:261} INFO - 0 downstream tasks scheduled from follow-on schedule check
