[2021-10-08 00:38:45,358] {taskinstance.py:903} INFO - Dependencies all met for <TaskInstance: my_dag.Choose_Best_Model 2021-10-07T00:00:00+00:00 [queued]>
[2021-10-08 00:38:45,413] {taskinstance.py:903} INFO - Dependencies all met for <TaskInstance: my_dag.Choose_Best_Model 2021-10-07T00:00:00+00:00 [queued]>
[2021-10-08 00:38:45,415] {taskinstance.py:1095} INFO - 
--------------------------------------------------------------------------------
[2021-10-08 00:38:45,416] {taskinstance.py:1096} INFO - Starting attempt 1 of 1
[2021-10-08 00:38:45,417] {taskinstance.py:1097} INFO - 
--------------------------------------------------------------------------------
[2021-10-08 00:38:45,450] {taskinstance.py:1115} INFO - Executing <Task(BranchPythonOperator): Choose_Best_Model> on 2021-10-07T00:00:00+00:00
[2021-10-08 00:38:45,474] {standard_task_runner.py:76} INFO - Running: ['***', 'tasks', 'run', 'my_dag', 'Choose_Best_Model', '2021-10-07T00:00:00+00:00', '--job-id', '161', '--pool', 'default_pool', '--raw', '--subdir', 'DAGS_FOLDER/my_dag.py', '--cfg-path', '/tmp/tmp1ufyqswy', '--error-file', '/tmp/tmpltbmhnyh']
[2021-10-08 00:38:45,479] {standard_task_runner.py:77} INFO - Job 161: Subtask Choose_Best_Model
[2021-10-08 00:38:45,464] {standard_task_runner.py:52} INFO - Started process 5242 to run task
[2021-10-08 00:38:45,611] {logging_mixin.py:109} INFO - Running <TaskInstance: my_dag.Choose_Best_Model 2021-10-07T00:00:00+00:00 [running]> on host d6b4131456ad
[2021-10-08 00:38:45,756] {taskinstance.py:1254} INFO - Exporting the following env vars:
AIRFLOW_CTX_DAG_OWNER=***
AIRFLOW_CTX_DAG_ID=my_dag
AIRFLOW_CTX_TASK_ID=Choose_Best_Model
AIRFLOW_CTX_EXECUTION_DATE=2021-10-07T00:00:00+00:00
AIRFLOW_CTX_DAG_RUN_ID=scheduled__2021-10-07T00:00:00+00:00
[2021-10-08 00:38:45,789] {logging_mixin.py:109} INFO - Accuracies: [6, 3, 2]
[2021-10-08 00:38:45,806] {python.py:151} INFO - Done. Returned value was: Accurate
[2021-10-08 00:38:45,811] {skipmixin.py:124} INFO - Following branch Accurate
[2021-10-08 00:38:45,836] {skipmixin.py:155} INFO - Skipping tasks ['Not_Accurate']
[2021-10-08 00:38:45,954] {taskinstance.py:1219} INFO - Marking task as SUCCESS. dag_id=my_dag, task_id=Choose_Best_Model, execution_date=20211007T000000, start_date=20211008T003845, end_date=20211008T003845
[2021-10-08 00:38:46,037] {local_task_job.py:151} INFO - Task exited with return code 0
[2021-10-08 00:38:46,134] {local_task_job.py:261} INFO - 1 downstream tasks scheduled from follow-on schedule check
