[2021-10-03 01:28:13,027] {taskinstance.py:903} INFO - Dependencies all met for <TaskInstance: my_dag.Choose_Best_Model 2021-10-03T01:28:10.388830+00:00 [queued]>
[2021-10-03 01:28:13,057] {taskinstance.py:903} INFO - Dependencies all met for <TaskInstance: my_dag.Choose_Best_Model 2021-10-03T01:28:10.388830+00:00 [queued]>
[2021-10-03 01:28:13,058] {taskinstance.py:1095} INFO - 
--------------------------------------------------------------------------------
[2021-10-03 01:28:13,060] {taskinstance.py:1096} INFO - Starting attempt 1 of 1
[2021-10-03 01:28:13,061] {taskinstance.py:1097} INFO - 
--------------------------------------------------------------------------------
[2021-10-03 01:28:13,079] {taskinstance.py:1115} INFO - Executing <Task(BranchPythonOperator): Choose_Best_Model> on 2021-10-03T01:28:10.388830+00:00
[2021-10-03 01:28:13,098] {standard_task_runner.py:76} INFO - Running: ['***', 'tasks', 'run', 'my_dag', 'Choose_Best_Model', '2021-10-03T01:28:10.388830+00:00', '--job-id', '101', '--pool', 'default_pool', '--raw', '--subdir', 'DAGS_FOLDER/my_dag.py', '--cfg-path', '/tmp/tmpdy6cgnhx', '--error-file', '/tmp/tmp_ydu_s_h']
[2021-10-03 01:28:13,091] {standard_task_runner.py:52} INFO - Started process 26065 to run task
[2021-10-03 01:28:13,100] {standard_task_runner.py:77} INFO - Job 101: Subtask Choose_Best_Model
[2021-10-03 01:28:13,166] {logging_mixin.py:109} INFO - Running <TaskInstance: my_dag.Choose_Best_Model 2021-10-03T01:28:10.388830+00:00 [running]> on host d6b4131456ad
[2021-10-03 01:28:13,241] {taskinstance.py:1254} INFO - Exporting the following env vars:
AIRFLOW_CTX_DAG_OWNER=***
AIRFLOW_CTX_DAG_ID=my_dag
AIRFLOW_CTX_TASK_ID=Choose_Best_Model
AIRFLOW_CTX_EXECUTION_DATE=2021-10-03T01:28:10.388830+00:00
AIRFLOW_CTX_DAG_RUN_ID=manual__2021-10-03T01:28:10.388830+00:00
[2021-10-03 01:28:13,253] {logging_mixin.py:109} INFO - Accuracies: [6, 3, 2]
[2021-10-03 01:28:13,254] {python.py:151} INFO - Done. Returned value was: Not_Accurate
[2021-10-03 01:28:13,255] {skipmixin.py:124} INFO - Following branch Not_Accurate
[2021-10-03 01:28:13,265] {skipmixin.py:155} INFO - Skipping tasks ['Accurate']
[2021-10-03 01:28:13,330] {taskinstance.py:1219} INFO - Marking task as SUCCESS. dag_id=my_dag, task_id=Choose_Best_Model, execution_date=20211003T012810, start_date=20211003T012813, end_date=20211003T012813
[2021-10-03 01:28:13,358] {local_task_job.py:151} INFO - Task exited with return code 0
[2021-10-03 01:28:13,394] {local_task_job.py:261} INFO - 1 downstream tasks scheduled from follow-on schedule check
