[2021-10-12 00:00:10,419] {taskinstance.py:903} INFO - Dependencies all met for <TaskInstance: my_dag.Choose_Best_Model 2021-10-11T00:00:00+00:00 [queued]>
[2021-10-12 00:00:10,440] {taskinstance.py:903} INFO - Dependencies all met for <TaskInstance: my_dag.Choose_Best_Model 2021-10-11T00:00:00+00:00 [queued]>
[2021-10-12 00:00:10,448] {taskinstance.py:1095} INFO - 
--------------------------------------------------------------------------------
[2021-10-12 00:00:10,449] {taskinstance.py:1096} INFO - Starting attempt 1 of 1
[2021-10-12 00:00:10,450] {taskinstance.py:1097} INFO - 
--------------------------------------------------------------------------------
[2021-10-12 00:00:10,461] {taskinstance.py:1115} INFO - Executing <Task(BranchPythonOperator): Choose_Best_Model> on 2021-10-11T00:00:00+00:00
[2021-10-12 00:00:10,474] {standard_task_runner.py:76} INFO - Running: ['***', 'tasks', 'run', 'my_dag', 'Choose_Best_Model', '2021-10-11T00:00:00+00:00', '--job-id', '181', '--pool', 'default_pool', '--raw', '--subdir', 'DAGS_FOLDER/my_dag.py', '--cfg-path', '/tmp/tmp_q7zfj8r', '--error-file', '/tmp/tmpmvzrb4tg']
[2021-10-12 00:00:10,476] {standard_task_runner.py:77} INFO - Job 181: Subtask Choose_Best_Model
[2021-10-12 00:00:10,468] {standard_task_runner.py:52} INFO - Started process 90720 to run task
[2021-10-12 00:00:10,548] {logging_mixin.py:109} INFO - Running <TaskInstance: my_dag.Choose_Best_Model 2021-10-11T00:00:00+00:00 [running]> on host d6b4131456ad
[2021-10-12 00:00:10,628] {taskinstance.py:1254} INFO - Exporting the following env vars:
AIRFLOW_CTX_DAG_OWNER=***
AIRFLOW_CTX_DAG_ID=my_dag
AIRFLOW_CTX_TASK_ID=Choose_Best_Model
AIRFLOW_CTX_EXECUTION_DATE=2021-10-11T00:00:00+00:00
AIRFLOW_CTX_DAG_RUN_ID=scheduled__2021-10-11T00:00:00+00:00
[2021-10-12 00:00:10,639] {logging_mixin.py:109} INFO - Accuracies: [6, 2, 3]
[2021-10-12 00:00:10,640] {python.py:151} INFO - Done. Returned value was: Accurate
[2021-10-12 00:00:10,641] {skipmixin.py:124} INFO - Following branch Accurate
[2021-10-12 00:00:10,654] {skipmixin.py:155} INFO - Skipping tasks ['Not_Accurate']
[2021-10-12 00:00:10,749] {taskinstance.py:1219} INFO - Marking task as SUCCESS. dag_id=my_dag, task_id=Choose_Best_Model, execution_date=20211011T000000, start_date=20211012T000010, end_date=20211012T000010
[2021-10-12 00:00:10,786] {local_task_job.py:151} INFO - Task exited with return code 0
[2021-10-12 00:00:10,828] {local_task_job.py:261} INFO - 1 downstream tasks scheduled from follow-on schedule check
