[2021-10-19 00:00:03,763] {taskinstance.py:903} INFO - Dependencies all met for <TaskInstance: my_dag.Choose_Best_Model 2021-10-18T00:00:00+00:00 [queued]>
[2021-10-19 00:00:03,786] {taskinstance.py:903} INFO - Dependencies all met for <TaskInstance: my_dag.Choose_Best_Model 2021-10-18T00:00:00+00:00 [queued]>
[2021-10-19 00:00:03,789] {taskinstance.py:1095} INFO - 
--------------------------------------------------------------------------------
[2021-10-19 00:00:03,791] {taskinstance.py:1096} INFO - Starting attempt 1 of 1
[2021-10-19 00:00:03,793] {taskinstance.py:1097} INFO - 
--------------------------------------------------------------------------------
[2021-10-19 00:00:03,819] {taskinstance.py:1115} INFO - Executing <Task(BranchPythonOperator): Choose_Best_Model> on 2021-10-18T00:00:00+00:00
[2021-10-19 00:00:03,840] {standard_task_runner.py:52} INFO - Started process 38916 to run task
[2021-10-19 00:00:03,847] {standard_task_runner.py:76} INFO - Running: ['***', 'tasks', 'run', 'my_dag', 'Choose_Best_Model', '2021-10-18T00:00:00+00:00', '--job-id', '217', '--pool', 'default_pool', '--raw', '--subdir', 'DAGS_FOLDER/my_dag.py', '--cfg-path', '/tmp/tmpx304dyba', '--error-file', '/tmp/tmpur60zdrf']
[2021-10-19 00:00:03,851] {standard_task_runner.py:77} INFO - Job 217: Subtask Choose_Best_Model
[2021-10-19 00:00:03,961] {logging_mixin.py:109} INFO - Running <TaskInstance: my_dag.Choose_Best_Model 2021-10-18T00:00:00+00:00 [running]> on host d6b4131456ad
[2021-10-19 00:00:04,086] {taskinstance.py:1254} INFO - Exporting the following env vars:
AIRFLOW_CTX_DAG_OWNER=***
AIRFLOW_CTX_DAG_ID=my_dag
AIRFLOW_CTX_TASK_ID=Choose_Best_Model
AIRFLOW_CTX_EXECUTION_DATE=2021-10-18T00:00:00+00:00
AIRFLOW_CTX_DAG_RUN_ID=scheduled__2021-10-18T00:00:00+00:00
[2021-10-19 00:00:04,109] {logging_mixin.py:109} INFO - Accuracies: [9, 3, 1]
[2021-10-19 00:00:04,111] {python.py:151} INFO - Done. Returned value was: Accurate
[2021-10-19 00:00:04,113] {skipmixin.py:124} INFO - Following branch Accurate
[2021-10-19 00:00:04,132] {skipmixin.py:155} INFO - Skipping tasks ['Not_Accurate']
[2021-10-19 00:00:04,217] {taskinstance.py:1219} INFO - Marking task as SUCCESS. dag_id=my_dag, task_id=Choose_Best_Model, execution_date=20211018T000000, start_date=20211019T000003, end_date=20211019T000004
[2021-10-19 00:00:04,275] {local_task_job.py:151} INFO - Task exited with return code 0
[2021-10-19 00:00:04,331] {local_task_job.py:261} INFO - 1 downstream tasks scheduled from follow-on schedule check
