[2021-10-15 00:00:03,710] {taskinstance.py:903} INFO - Dependencies all met for <TaskInstance: my_dag.Choose_Best_Model 2021-10-14T00:00:00+00:00 [queued]>
[2021-10-15 00:00:03,719] {taskinstance.py:903} INFO - Dependencies all met for <TaskInstance: my_dag.Choose_Best_Model 2021-10-14T00:00:00+00:00 [queued]>
[2021-10-15 00:00:03,720] {taskinstance.py:1095} INFO - 
--------------------------------------------------------------------------------
[2021-10-15 00:00:03,721] {taskinstance.py:1096} INFO - Starting attempt 1 of 1
[2021-10-15 00:00:03,722] {taskinstance.py:1097} INFO - 
--------------------------------------------------------------------------------
[2021-10-15 00:00:03,735] {taskinstance.py:1115} INFO - Executing <Task(BranchPythonOperator): Choose_Best_Model> on 2021-10-14T00:00:00+00:00
[2021-10-15 00:00:03,739] {standard_task_runner.py:52} INFO - Started process 38259 to run task
[2021-10-15 00:00:03,743] {standard_task_runner.py:76} INFO - Running: ['***', 'tasks', 'run', 'my_dag', 'Choose_Best_Model', '2021-10-14T00:00:00+00:00', '--job-id', '197', '--pool', 'default_pool', '--raw', '--subdir', 'DAGS_FOLDER/my_dag.py', '--cfg-path', '/tmp/tmp77c1h8b2', '--error-file', '/tmp/tmp_9d49bnt']
[2021-10-15 00:00:03,745] {standard_task_runner.py:77} INFO - Job 197: Subtask Choose_Best_Model
[2021-10-15 00:00:03,790] {logging_mixin.py:109} INFO - Running <TaskInstance: my_dag.Choose_Best_Model 2021-10-14T00:00:00+00:00 [running]> on host d6b4131456ad
[2021-10-15 00:00:03,838] {taskinstance.py:1254} INFO - Exporting the following env vars:
AIRFLOW_CTX_DAG_OWNER=***
AIRFLOW_CTX_DAG_ID=my_dag
AIRFLOW_CTX_TASK_ID=Choose_Best_Model
AIRFLOW_CTX_EXECUTION_DATE=2021-10-14T00:00:00+00:00
AIRFLOW_CTX_DAG_RUN_ID=scheduled__2021-10-14T00:00:00+00:00
[2021-10-15 00:00:03,847] {logging_mixin.py:109} INFO - Accuracies: [3, 1, 9]
[2021-10-15 00:00:03,848] {python.py:151} INFO - Done. Returned value was: Not_Accurate
[2021-10-15 00:00:03,849] {skipmixin.py:124} INFO - Following branch Not_Accurate
[2021-10-15 00:00:03,857] {skipmixin.py:155} INFO - Skipping tasks ['Accurate']
[2021-10-15 00:00:03,902] {taskinstance.py:1219} INFO - Marking task as SUCCESS. dag_id=my_dag, task_id=Choose_Best_Model, execution_date=20211014T000000, start_date=20211015T000003, end_date=20211015T000003
[2021-10-15 00:00:03,960] {local_task_job.py:151} INFO - Task exited with return code 0
[2021-10-15 00:00:03,998] {local_task_job.py:261} INFO - 1 downstream tasks scheduled from follow-on schedule check
