[2021-10-02 19:08:39,095] {taskinstance.py:903} INFO - Dependencies all met for <TaskInstance: my_dag.Training_Model_A 2021-10-02T19:08:37.240812+00:00 [queued]>
[2021-10-02 19:08:39,136] {taskinstance.py:903} INFO - Dependencies all met for <TaskInstance: my_dag.Training_Model_A 2021-10-02T19:08:37.240812+00:00 [queued]>
[2021-10-02 19:08:39,139] {taskinstance.py:1095} INFO - 
--------------------------------------------------------------------------------
[2021-10-02 19:08:39,143] {taskinstance.py:1096} INFO - Starting attempt 1 of 1
[2021-10-02 19:08:39,144] {taskinstance.py:1097} INFO - 
--------------------------------------------------------------------------------
[2021-10-02 19:08:39,167] {taskinstance.py:1115} INFO - Executing <Task(PythonOperator): Training_Model_A> on 2021-10-02T19:08:37.240812+00:00
[2021-10-02 19:08:39,179] {standard_task_runner.py:52} INFO - Started process 19467 to run task
[2021-10-02 19:08:39,188] {standard_task_runner.py:76} INFO - Running: ['***', 'tasks', 'run', 'my_dag', 'Training_Model_A', '2021-10-02T19:08:37.240812+00:00', '--job-id', '27', '--pool', 'default_pool', '--raw', '--subdir', 'DAGS_FOLDER/my_dag.py', '--cfg-path', '/tmp/tmpbe3wly0k', '--error-file', '/tmp/tmpe99j6bhd']
[2021-10-02 19:08:39,190] {standard_task_runner.py:77} INFO - Job 27: Subtask Training_Model_A
[2021-10-02 19:08:39,289] {logging_mixin.py:109} INFO - Running <TaskInstance: my_dag.Training_Model_A 2021-10-02T19:08:37.240812+00:00 [running]> on host d6b4131456ad
[2021-10-02 19:08:39,396] {taskinstance.py:1254} INFO - Exporting the following env vars:
AIRFLOW_CTX_DAG_OWNER=***
AIRFLOW_CTX_DAG_ID=my_dag
AIRFLOW_CTX_TASK_ID=Training_Model_A
AIRFLOW_CTX_EXECUTION_DATE=2021-10-02T19:08:37.240812+00:00
AIRFLOW_CTX_DAG_RUN_ID=manual__2021-10-02T19:08:37.240812+00:00
[2021-10-02 19:08:39,399] {python.py:151} INFO - Done. Returned value was: 6
[2021-10-02 19:08:39,457] {taskinstance.py:1219} INFO - Marking task as SUCCESS. dag_id=my_dag, task_id=Training_Model_A, execution_date=20211002T190837, start_date=20211002T190839, end_date=20211002T190839
[2021-10-02 19:08:39,532] {local_task_job.py:151} INFO - Task exited with return code 0
[2021-10-02 19:08:39,631] {local_task_job.py:261} INFO - 0 downstream tasks scheduled from follow-on schedule check
