[2021-10-10 01:59:32,373] {taskinstance.py:903} INFO - Dependencies all met for <TaskInstance: my_dag.Choose_Best_Model 2021-10-09T00:00:00+00:00 [queued]>
[2021-10-10 01:59:32,403] {taskinstance.py:903} INFO - Dependencies all met for <TaskInstance: my_dag.Choose_Best_Model 2021-10-09T00:00:00+00:00 [queued]>
[2021-10-10 01:59:32,405] {taskinstance.py:1095} INFO - 
--------------------------------------------------------------------------------
[2021-10-10 01:59:32,406] {taskinstance.py:1096} INFO - Starting attempt 1 of 1
[2021-10-10 01:59:32,407] {taskinstance.py:1097} INFO - 
--------------------------------------------------------------------------------
[2021-10-10 01:59:32,426] {taskinstance.py:1115} INFO - Executing <Task(BranchPythonOperator): Choose_Best_Model> on 2021-10-09T00:00:00+00:00
[2021-10-10 01:59:32,434] {standard_task_runner.py:52} INFO - Started process 63759 to run task
[2021-10-10 01:59:32,444] {standard_task_runner.py:76} INFO - Running: ['***', 'tasks', 'run', 'my_dag', 'Choose_Best_Model', '2021-10-09T00:00:00+00:00', '--job-id', '171', '--pool', 'default_pool', '--raw', '--subdir', 'DAGS_FOLDER/my_dag.py', '--cfg-path', '/tmp/tmpnmkehfgb', '--error-file', '/tmp/tmph4w2se_m']
[2021-10-10 01:59:32,448] {standard_task_runner.py:77} INFO - Job 171: Subtask Choose_Best_Model
[2021-10-10 01:59:32,555] {logging_mixin.py:109} INFO - Running <TaskInstance: my_dag.Choose_Best_Model 2021-10-09T00:00:00+00:00 [running]> on host d6b4131456ad
[2021-10-10 01:59:32,668] {taskinstance.py:1254} INFO - Exporting the following env vars:
AIRFLOW_CTX_DAG_OWNER=***
AIRFLOW_CTX_DAG_ID=my_dag
AIRFLOW_CTX_TASK_ID=Choose_Best_Model
AIRFLOW_CTX_EXECUTION_DATE=2021-10-09T00:00:00+00:00
AIRFLOW_CTX_DAG_RUN_ID=scheduled__2021-10-09T00:00:00+00:00
[2021-10-10 01:59:32,697] {logging_mixin.py:109} INFO - Accuracies: [2, 6, 3]
[2021-10-10 01:59:32,698] {python.py:151} INFO - Done. Returned value was: Not_Accurate
[2021-10-10 01:59:32,701] {skipmixin.py:124} INFO - Following branch Not_Accurate
[2021-10-10 01:59:32,726] {skipmixin.py:155} INFO - Skipping tasks ['Accurate']
[2021-10-10 01:59:32,888] {taskinstance.py:1219} INFO - Marking task as SUCCESS. dag_id=my_dag, task_id=Choose_Best_Model, execution_date=20211009T000000, start_date=20211010T015932, end_date=20211010T015932
[2021-10-10 01:59:32,948] {local_task_job.py:151} INFO - Task exited with return code 0
[2021-10-10 01:59:33,012] {local_task_job.py:261} INFO - 1 downstream tasks scheduled from follow-on schedule check
