[2021-10-03 01:27:53,727] {taskinstance.py:903} INFO - Dependencies all met for <TaskInstance: my_dag.Training_Model_C 2021-10-03T01:27:52.683228+00:00 [queued]>
[2021-10-03 01:27:53,755] {taskinstance.py:903} INFO - Dependencies all met for <TaskInstance: my_dag.Training_Model_C 2021-10-03T01:27:52.683228+00:00 [queued]>
[2021-10-03 01:27:53,757] {taskinstance.py:1095} INFO - 
--------------------------------------------------------------------------------
[2021-10-03 01:27:53,758] {taskinstance.py:1096} INFO - Starting attempt 1 of 1
[2021-10-03 01:27:53,760] {taskinstance.py:1097} INFO - 
--------------------------------------------------------------------------------
[2021-10-03 01:27:53,777] {taskinstance.py:1115} INFO - Executing <Task(PythonOperator): Training_Model_C> on 2021-10-03T01:27:52.683228+00:00
[2021-10-03 01:27:53,790] {standard_task_runner.py:76} INFO - Running: ['***', 'tasks', 'run', 'my_dag', 'Training_Model_C', '2021-10-03T01:27:52.683228+00:00', '--job-id', '90', '--pool', 'default_pool', '--raw', '--subdir', 'DAGS_FOLDER/my_dag.py', '--cfg-path', '/tmp/tmpksuy8waz', '--error-file', '/tmp/tmp98qe4l64']
[2021-10-03 01:27:53,792] {standard_task_runner.py:77} INFO - Job 90: Subtask Training_Model_C
[2021-10-03 01:27:53,784] {standard_task_runner.py:52} INFO - Started process 26011 to run task
[2021-10-03 01:27:53,889] {logging_mixin.py:109} INFO - Running <TaskInstance: my_dag.Training_Model_C 2021-10-03T01:27:52.683228+00:00 [running]> on host d6b4131456ad
[2021-10-03 01:27:54,001] {taskinstance.py:1254} INFO - Exporting the following env vars:
AIRFLOW_CTX_DAG_OWNER=***
AIRFLOW_CTX_DAG_ID=my_dag
AIRFLOW_CTX_TASK_ID=Training_Model_C
AIRFLOW_CTX_EXECUTION_DATE=2021-10-03T01:27:52.683228+00:00
AIRFLOW_CTX_DAG_RUN_ID=manual__2021-10-03T01:27:52.683228+00:00
[2021-10-03 01:27:54,041] {python.py:151} INFO - Done. Returned value was: None
[2021-10-03 01:27:54,074] {taskinstance.py:1219} INFO - Marking task as SUCCESS. dag_id=my_dag, task_id=Training_Model_C, execution_date=20211003T012752, start_date=20211003T012753, end_date=20211003T012754
[2021-10-03 01:27:54,139] {local_task_job.py:151} INFO - Task exited with return code 0
[2021-10-03 01:27:54,209] {local_task_job.py:261} INFO - 0 downstream tasks scheduled from follow-on schedule check
