[2021-10-02 04:10:38,769] {taskinstance.py:903} INFO - Dependencies all met for <TaskInstance: my_dag.Training_Model_B 2021-10-01T00:00:00+00:00 [queued]>
[2021-10-02 04:10:38,977] {taskinstance.py:903} INFO - Dependencies all met for <TaskInstance: my_dag.Training_Model_B 2021-10-01T00:00:00+00:00 [queued]>
[2021-10-02 04:10:38,979] {taskinstance.py:1095} INFO - 
--------------------------------------------------------------------------------
[2021-10-02 04:10:38,981] {taskinstance.py:1096} INFO - Starting attempt 1 of 1
[2021-10-02 04:10:38,985] {taskinstance.py:1097} INFO - 
--------------------------------------------------------------------------------
[2021-10-02 04:10:39,025] {taskinstance.py:1115} INFO - Executing <Task(PythonOperator): Training_Model_B> on 2021-10-01T00:00:00+00:00
[2021-10-02 04:10:39,043] {standard_task_runner.py:52} INFO - Started process 17343 to run task
[2021-10-02 04:10:39,057] {standard_task_runner.py:76} INFO - Running: ['***', 'tasks', 'run', 'my_dag', 'Training_Model_B', '2021-10-01T00:00:00+00:00', '--job-id', '18', '--pool', 'default_pool', '--raw', '--subdir', 'DAGS_FOLDER/my_dag.py', '--cfg-path', '/tmp/tmpufbec925', '--error-file', '/tmp/tmpsdv3arnm']
[2021-10-02 04:10:39,065] {standard_task_runner.py:77} INFO - Job 18: Subtask Training_Model_B
[2021-10-02 04:10:39,404] {logging_mixin.py:109} INFO - Running <TaskInstance: my_dag.Training_Model_B 2021-10-01T00:00:00+00:00 [running]> on host d6b4131456ad
[2021-10-02 04:10:39,884] {taskinstance.py:1254} INFO - Exporting the following env vars:
AIRFLOW_CTX_DAG_OWNER=***
AIRFLOW_CTX_DAG_ID=my_dag
AIRFLOW_CTX_TASK_ID=Training_Model_B
AIRFLOW_CTX_EXECUTION_DATE=2021-10-01T00:00:00+00:00
AIRFLOW_CTX_DAG_RUN_ID=scheduled__2021-10-01T00:00:00+00:00
[2021-10-02 04:10:39,891] {python.py:151} INFO - Done. Returned value was: 3
[2021-10-02 04:10:40,044] {taskinstance.py:1219} INFO - Marking task as SUCCESS. dag_id=my_dag, task_id=Training_Model_B, execution_date=20211001T000000, start_date=20211002T041038, end_date=20211002T041040
[2021-10-02 04:10:40,110] {local_task_job.py:151} INFO - Task exited with return code 0
[2021-10-02 04:10:40,182] {local_task_job.py:261} INFO - 1 downstream tasks scheduled from follow-on schedule check
