[2021-10-02 19:08:39,029] {taskinstance.py:903} INFO - Dependencies all met for <TaskInstance: my_dag.Training_Model_B 2021-10-02T19:08:37.240812+00:00 [queued]>
[2021-10-02 19:08:39,078] {taskinstance.py:903} INFO - Dependencies all met for <TaskInstance: my_dag.Training_Model_B 2021-10-02T19:08:37.240812+00:00 [queued]>
[2021-10-02 19:08:39,080] {taskinstance.py:1095} INFO - 
--------------------------------------------------------------------------------
[2021-10-02 19:08:39,081] {taskinstance.py:1096} INFO - Starting attempt 1 of 1
[2021-10-02 19:08:39,084] {taskinstance.py:1097} INFO - 
--------------------------------------------------------------------------------
[2021-10-02 19:08:39,110] {taskinstance.py:1115} INFO - Executing <Task(PythonOperator): Training_Model_B> on 2021-10-02T19:08:37.240812+00:00
[2021-10-02 19:08:39,130] {standard_task_runner.py:76} INFO - Running: ['***', 'tasks', 'run', 'my_dag', 'Training_Model_B', '2021-10-02T19:08:37.240812+00:00', '--job-id', '25', '--pool', 'default_pool', '--raw', '--subdir', 'DAGS_FOLDER/my_dag.py', '--cfg-path', '/tmp/tmpkh8wo30k', '--error-file', '/tmp/tmpykiirspg']
[2021-10-02 19:08:39,133] {standard_task_runner.py:77} INFO - Job 25: Subtask Training_Model_B
[2021-10-02 19:08:39,119] {standard_task_runner.py:52} INFO - Started process 19466 to run task
[2021-10-02 19:08:39,213] {logging_mixin.py:109} INFO - Running <TaskInstance: my_dag.Training_Model_B 2021-10-02T19:08:37.240812+00:00 [running]> on host d6b4131456ad
[2021-10-02 19:08:39,313] {taskinstance.py:1254} INFO - Exporting the following env vars:
AIRFLOW_CTX_DAG_OWNER=***
AIRFLOW_CTX_DAG_ID=my_dag
AIRFLOW_CTX_TASK_ID=Training_Model_B
AIRFLOW_CTX_EXECUTION_DATE=2021-10-02T19:08:37.240812+00:00
AIRFLOW_CTX_DAG_RUN_ID=manual__2021-10-02T19:08:37.240812+00:00
[2021-10-02 19:08:39,317] {python.py:151} INFO - Done. Returned value was: 3
[2021-10-02 19:08:39,375] {taskinstance.py:1219} INFO - Marking task as SUCCESS. dag_id=my_dag, task_id=Training_Model_B, execution_date=20211002T190837, start_date=20211002T190839, end_date=20211002T190839
[2021-10-02 19:08:39,442] {local_task_job.py:151} INFO - Task exited with return code 0
[2021-10-02 19:08:39,508] {local_task_job.py:261} INFO - 1 downstream tasks scheduled from follow-on schedule check
