[2021-10-12 00:00:12,294] {taskinstance.py:903} INFO - Dependencies all met for <TaskInstance: my_dag.Accurate 2021-10-11T00:00:00+00:00 [queued]>
[2021-10-12 00:00:12,326] {taskinstance.py:903} INFO - Dependencies all met for <TaskInstance: my_dag.Accurate 2021-10-11T00:00:00+00:00 [queued]>
[2021-10-12 00:00:12,327] {taskinstance.py:1095} INFO - 
--------------------------------------------------------------------------------
[2021-10-12 00:00:12,329] {taskinstance.py:1096} INFO - Starting attempt 1 of 1
[2021-10-12 00:00:12,330] {taskinstance.py:1097} INFO - 
--------------------------------------------------------------------------------
[2021-10-12 00:00:12,354] {taskinstance.py:1115} INFO - Executing <Task(BashOperator): Accurate> on 2021-10-11T00:00:00+00:00
[2021-10-12 00:00:12,362] {standard_task_runner.py:52} INFO - Started process 90722 to run task
[2021-10-12 00:00:12,385] {standard_task_runner.py:76} INFO - Running: ['***', 'tasks', 'run', 'my_dag', 'Accurate', '2021-10-11T00:00:00+00:00', '--job-id', '182', '--pool', 'default_pool', '--raw', '--subdir', 'DAGS_FOLDER/my_dag.py', '--cfg-path', '/tmp/tmp2kachbjv', '--error-file', '/tmp/tmpqylrthfu']
[2021-10-12 00:00:12,388] {standard_task_runner.py:77} INFO - Job 182: Subtask Accurate
[2021-10-12 00:00:12,499] {logging_mixin.py:109} INFO - Running <TaskInstance: my_dag.Accurate 2021-10-11T00:00:00+00:00 [running]> on host d6b4131456ad
[2021-10-12 00:00:12,588] {taskinstance.py:1254} INFO - Exporting the following env vars:
AIRFLOW_CTX_DAG_OWNER=***
AIRFLOW_CTX_DAG_ID=my_dag
AIRFLOW_CTX_TASK_ID=Accurate
AIRFLOW_CTX_EXECUTION_DATE=2021-10-11T00:00:00+00:00
AIRFLOW_CTX_DAG_RUN_ID=scheduled__2021-10-11T00:00:00+00:00
[2021-10-12 00:00:12,592] {subprocess.py:52} INFO - Tmp dir root location: 
 /tmp
[2021-10-12 00:00:12,595] {subprocess.py:63} INFO - Running command: ['bash', '-c', "printf '============\n\nAccurate\n\n=============' "]
[2021-10-12 00:00:12,617] {subprocess.py:74} INFO - Output:
[2021-10-12 00:00:12,622] {subprocess.py:78} INFO - ============
[2021-10-12 00:00:12,623] {subprocess.py:78} INFO - 
[2021-10-12 00:00:12,625] {subprocess.py:78} INFO - Accurate
[2021-10-12 00:00:12,626] {subprocess.py:78} INFO - 
[2021-10-12 00:00:12,632] {subprocess.py:78} INFO - =============
[2021-10-12 00:00:12,634] {subprocess.py:82} INFO - Command exited with return code 0
[2021-10-12 00:00:12,690] {taskinstance.py:1219} INFO - Marking task as SUCCESS. dag_id=my_dag, task_id=Accurate, execution_date=20211011T000000, start_date=20211012T000012, end_date=20211012T000012
[2021-10-12 00:00:12,754] {local_task_job.py:151} INFO - Task exited with return code 0
[2021-10-12 00:00:12,803] {local_task_job.py:261} INFO - 0 downstream tasks scheduled from follow-on schedule check
