[2021-10-12 00:00:08,093] {taskinstance.py:903} INFO - Dependencies all met for <TaskInstance: my_dag.Training_Model_C 2021-10-11T00:00:00+00:00 [queued]>
[2021-10-12 00:00:08,170] {taskinstance.py:903} INFO - Dependencies all met for <TaskInstance: my_dag.Training_Model_C 2021-10-11T00:00:00+00:00 [queued]>
[2021-10-12 00:00:08,171] {taskinstance.py:1095} INFO - 
--------------------------------------------------------------------------------
[2021-10-12 00:00:08,173] {taskinstance.py:1096} INFO - Starting attempt 1 of 1
[2021-10-12 00:00:08,174] {taskinstance.py:1097} INFO - 
--------------------------------------------------------------------------------
[2021-10-12 00:00:08,203] {taskinstance.py:1115} INFO - Executing <Task(PythonOperator): Training_Model_C> on 2021-10-11T00:00:00+00:00
[2021-10-12 00:00:08,223] {standard_task_runner.py:52} INFO - Started process 90717 to run task
[2021-10-12 00:00:08,243] {standard_task_runner.py:76} INFO - Running: ['***', 'tasks', 'run', 'my_dag', 'Training_Model_C', '2021-10-11T00:00:00+00:00', '--job-id', '179', '--pool', 'default_pool', '--raw', '--subdir', 'DAGS_FOLDER/my_dag.py', '--cfg-path', '/tmp/tmph6qghnqc', '--error-file', '/tmp/tmp48a58qyy']
[2021-10-12 00:00:08,254] {standard_task_runner.py:77} INFO - Job 179: Subtask Training_Model_C
[2021-10-12 00:00:08,436] {logging_mixin.py:109} INFO - Running <TaskInstance: my_dag.Training_Model_C 2021-10-11T00:00:00+00:00 [running]> on host d6b4131456ad
[2021-10-12 00:00:08,614] {taskinstance.py:1254} INFO - Exporting the following env vars:
AIRFLOW_CTX_DAG_OWNER=***
AIRFLOW_CTX_DAG_ID=my_dag
AIRFLOW_CTX_TASK_ID=Training_Model_C
AIRFLOW_CTX_EXECUTION_DATE=2021-10-11T00:00:00+00:00
AIRFLOW_CTX_DAG_RUN_ID=scheduled__2021-10-11T00:00:00+00:00
[2021-10-12 00:00:08,668] {python.py:151} INFO - Done. Returned value was: None
[2021-10-12 00:00:08,698] {taskinstance.py:1219} INFO - Marking task as SUCCESS. dag_id=my_dag, task_id=Training_Model_C, execution_date=20211011T000000, start_date=20211012T000008, end_date=20211012T000008
[2021-10-12 00:00:08,772] {local_task_job.py:151} INFO - Task exited with return code 0
[2021-10-12 00:00:08,837] {local_task_job.py:261} INFO - 1 downstream tasks scheduled from follow-on schedule check
