[2021-10-05 00:13:17,570] {taskinstance.py:903} INFO - Dependencies all met for <TaskInstance: my_dag.Choose_Best_Model 2021-10-04T00:00:00+00:00 [queued]>
[2021-10-05 00:13:17,618] {taskinstance.py:903} INFO - Dependencies all met for <TaskInstance: my_dag.Choose_Best_Model 2021-10-04T00:00:00+00:00 [queued]>
[2021-10-05 00:13:17,619] {taskinstance.py:1095} INFO - 
--------------------------------------------------------------------------------
[2021-10-05 00:13:17,622] {taskinstance.py:1096} INFO - Starting attempt 1 of 1
[2021-10-05 00:13:17,623] {taskinstance.py:1097} INFO - 
--------------------------------------------------------------------------------
[2021-10-05 00:13:17,650] {taskinstance.py:1115} INFO - Executing <Task(BranchPythonOperator): Choose_Best_Model> on 2021-10-04T00:00:00+00:00
[2021-10-05 00:13:17,660] {standard_task_runner.py:52} INFO - Started process 66461 to run task
[2021-10-05 00:13:17,690] {standard_task_runner.py:76} INFO - Running: ['***', 'tasks', 'run', 'my_dag', 'Choose_Best_Model', '2021-10-04T00:00:00+00:00', '--job-id', '121', '--pool', 'default_pool', '--raw', '--subdir', 'DAGS_FOLDER/my_dag.py', '--cfg-path', '/tmp/tmpir1g6bn6', '--error-file', '/tmp/tmp556a9a1y']
[2021-10-05 00:13:17,694] {standard_task_runner.py:77} INFO - Job 121: Subtask Choose_Best_Model
[2021-10-05 00:13:17,853] {logging_mixin.py:109} INFO - Running <TaskInstance: my_dag.Choose_Best_Model 2021-10-04T00:00:00+00:00 [running]> on host d6b4131456ad
[2021-10-05 00:13:17,994] {taskinstance.py:1254} INFO - Exporting the following env vars:
AIRFLOW_CTX_DAG_OWNER=***
AIRFLOW_CTX_DAG_ID=my_dag
AIRFLOW_CTX_TASK_ID=Choose_Best_Model
AIRFLOW_CTX_EXECUTION_DATE=2021-10-04T00:00:00+00:00
AIRFLOW_CTX_DAG_RUN_ID=scheduled__2021-10-04T00:00:00+00:00
[2021-10-05 00:13:18,033] {logging_mixin.py:109} INFO - Accuracies: [3, 2, 6]
[2021-10-05 00:13:18,039] {python.py:151} INFO - Done. Returned value was: Accurate
[2021-10-05 00:13:18,046] {skipmixin.py:124} INFO - Following branch Accurate
[2021-10-05 00:13:18,068] {skipmixin.py:155} INFO - Skipping tasks ['Not_Accurate']
[2021-10-05 00:13:18,195] {taskinstance.py:1219} INFO - Marking task as SUCCESS. dag_id=my_dag, task_id=Choose_Best_Model, execution_date=20211004T000000, start_date=20211005T001317, end_date=20211005T001318
[2021-10-05 00:13:18,270] {local_task_job.py:151} INFO - Task exited with return code 0
[2021-10-05 00:13:18,365] {local_task_job.py:261} INFO - 1 downstream tasks scheduled from follow-on schedule check
