[2021-10-20 00:00:08,880] {taskinstance.py:903} INFO - Dependencies all met for <TaskInstance: my_dag.Accurate 2021-10-19T00:00:00+00:00 [queued]>
[2021-10-20 00:00:08,942] {taskinstance.py:903} INFO - Dependencies all met for <TaskInstance: my_dag.Accurate 2021-10-19T00:00:00+00:00 [queued]>
[2021-10-20 00:00:08,945] {taskinstance.py:1095} INFO - 
--------------------------------------------------------------------------------
[2021-10-20 00:00:08,947] {taskinstance.py:1096} INFO - Starting attempt 1 of 1
[2021-10-20 00:00:08,948] {taskinstance.py:1097} INFO - 
--------------------------------------------------------------------------------
[2021-10-20 00:00:08,976] {taskinstance.py:1115} INFO - Executing <Task(BashOperator): Accurate> on 2021-10-19T00:00:00+00:00
[2021-10-20 00:00:08,982] {standard_task_runner.py:52} INFO - Started process 34120 to run task
[2021-10-20 00:00:08,988] {standard_task_runner.py:76} INFO - Running: ['***', 'tasks', 'run', 'my_dag', 'Accurate', '2021-10-19T00:00:00+00:00', '--job-id', '223', '--pool', 'default_pool', '--raw', '--subdir', 'DAGS_FOLDER/my_dag.py', '--cfg-path', '/tmp/tmpjnf6ows4', '--error-file', '/tmp/tmp_vpjwce4']
[2021-10-20 00:00:08,991] {standard_task_runner.py:77} INFO - Job 223: Subtask Accurate
[2021-10-20 00:00:09,070] {logging_mixin.py:109} INFO - Running <TaskInstance: my_dag.Accurate 2021-10-19T00:00:00+00:00 [running]> on host d6b4131456ad
[2021-10-20 00:00:09,187] {taskinstance.py:1254} INFO - Exporting the following env vars:
AIRFLOW_CTX_DAG_OWNER=***
AIRFLOW_CTX_DAG_ID=my_dag
AIRFLOW_CTX_TASK_ID=Accurate
AIRFLOW_CTX_EXECUTION_DATE=2021-10-19T00:00:00+00:00
AIRFLOW_CTX_DAG_RUN_ID=scheduled__2021-10-19T00:00:00+00:00
[2021-10-20 00:00:09,189] {subprocess.py:52} INFO - Tmp dir root location: 
 /tmp
[2021-10-20 00:00:09,193] {subprocess.py:63} INFO - Running command: ['bash', '-c', "printf '============\n\nAccurate\n\n=============' "]
[2021-10-20 00:00:09,214] {subprocess.py:74} INFO - Output:
[2021-10-20 00:00:09,242] {subprocess.py:78} INFO - ============
[2021-10-20 00:00:09,244] {subprocess.py:78} INFO - 
[2021-10-20 00:00:09,244] {subprocess.py:78} INFO - Accurate
[2021-10-20 00:00:09,246] {subprocess.py:78} INFO - 
[2021-10-20 00:00:09,247] {subprocess.py:78} INFO - =============
[2021-10-20 00:00:09,250] {subprocess.py:82} INFO - Command exited with return code 0
[2021-10-20 00:00:09,301] {taskinstance.py:1219} INFO - Marking task as SUCCESS. dag_id=my_dag, task_id=Accurate, execution_date=20211019T000000, start_date=20211020T000008, end_date=20211020T000009
[2021-10-20 00:00:09,371] {local_task_job.py:151} INFO - Task exited with return code 0
[2021-10-20 00:00:09,408] {local_task_job.py:261} INFO - 0 downstream tasks scheduled from follow-on schedule check
