[2021-10-05 14:04:37,460] {taskinstance.py:903} INFO - Dependencies all met for <TaskInstance: my_dag.Choose_Best_Model 2021-10-05T14:04:35.342710+00:00 [queued]>
[2021-10-05 14:04:37,482] {taskinstance.py:903} INFO - Dependencies all met for <TaskInstance: my_dag.Choose_Best_Model 2021-10-05T14:04:35.342710+00:00 [queued]>
[2021-10-05 14:04:37,483] {taskinstance.py:1095} INFO - 
--------------------------------------------------------------------------------
[2021-10-05 14:04:37,484] {taskinstance.py:1096} INFO - Starting attempt 1 of 1
[2021-10-05 14:04:37,485] {taskinstance.py:1097} INFO - 
--------------------------------------------------------------------------------
[2021-10-05 14:04:37,497] {taskinstance.py:1115} INFO - Executing <Task(BranchPythonOperator): Choose_Best_Model> on 2021-10-05T14:04:35.342710+00:00
[2021-10-05 14:04:37,508] {standard_task_runner.py:76} INFO - Running: ['***', 'tasks', 'run', 'my_dag', 'Choose_Best_Model', '2021-10-05T14:04:35.342710+00:00', '--job-id', '141', '--pool', 'default_pool', '--raw', '--subdir', 'DAGS_FOLDER/my_dag.py', '--cfg-path', '/tmp/tmpo87mi5e9', '--error-file', '/tmp/tmpyn7y3uj8']
[2021-10-05 14:04:37,502] {standard_task_runner.py:52} INFO - Started process 82093 to run task
[2021-10-05 14:04:37,510] {standard_task_runner.py:77} INFO - Job 141: Subtask Choose_Best_Model
[2021-10-05 14:04:37,578] {logging_mixin.py:109} INFO - Running <TaskInstance: my_dag.Choose_Best_Model 2021-10-05T14:04:35.342710+00:00 [running]> on host d6b4131456ad
[2021-10-05 14:04:37,650] {taskinstance.py:1254} INFO - Exporting the following env vars:
AIRFLOW_CTX_DAG_OWNER=***
AIRFLOW_CTX_DAG_ID=my_dag
AIRFLOW_CTX_TASK_ID=Choose_Best_Model
AIRFLOW_CTX_EXECUTION_DATE=2021-10-05T14:04:35.342710+00:00
AIRFLOW_CTX_DAG_RUN_ID=manual__2021-10-05T14:04:35.342710+00:00
[2021-10-05 14:04:37,663] {logging_mixin.py:109} INFO - Accuracies: [3, 2, 6]
[2021-10-05 14:04:37,665] {python.py:151} INFO - Done. Returned value was: Not_Accurate
[2021-10-05 14:04:37,666] {skipmixin.py:124} INFO - Following branch Not_Accurate
[2021-10-05 14:04:37,679] {skipmixin.py:155} INFO - Skipping tasks ['Accurate']
[2021-10-05 14:04:37,749] {taskinstance.py:1219} INFO - Marking task as SUCCESS. dag_id=my_dag, task_id=Choose_Best_Model, execution_date=20211005T140435, start_date=20211005T140437, end_date=20211005T140437
[2021-10-05 14:04:37,808] {local_task_job.py:151} INFO - Task exited with return code 0
[2021-10-05 14:04:37,853] {local_task_job.py:261} INFO - 1 downstream tasks scheduled from follow-on schedule check
