[2021-10-02 04:10:37,844] {taskinstance.py:903} INFO - Dependencies all met for <TaskInstance: my_dag.Training_Model_B 2021-10-02T03:54:22.719241+00:00 [queued]>
[2021-10-02 04:10:38,012] {taskinstance.py:903} INFO - Dependencies all met for <TaskInstance: my_dag.Training_Model_B 2021-10-02T03:54:22.719241+00:00 [queued]>
[2021-10-02 04:10:38,013] {taskinstance.py:1095} INFO - 
--------------------------------------------------------------------------------
[2021-10-02 04:10:38,015] {taskinstance.py:1096} INFO - Starting attempt 1 of 1
[2021-10-02 04:10:38,017] {taskinstance.py:1097} INFO - 
--------------------------------------------------------------------------------
[2021-10-02 04:10:38,066] {taskinstance.py:1115} INFO - Executing <Task(PythonOperator): Training_Model_B> on 2021-10-02T03:54:22.719241+00:00
[2021-10-02 04:10:38,132] {standard_task_runner.py:76} INFO - Running: ['***', 'tasks', 'run', 'my_dag', 'Training_Model_B', '2021-10-02T03:54:22.719241+00:00', '--job-id', '13', '--pool', 'default_pool', '--raw', '--subdir', 'DAGS_FOLDER/my_dag.py', '--cfg-path', '/tmp/tmp1tmq0dca', '--error-file', '/tmp/tmpc1lbal4b']
[2021-10-02 04:10:38,137] {standard_task_runner.py:77} INFO - Job 13: Subtask Training_Model_B
[2021-10-02 04:10:38,097] {standard_task_runner.py:52} INFO - Started process 17337 to run task
[2021-10-02 04:10:38,383] {logging_mixin.py:109} INFO - Running <TaskInstance: my_dag.Training_Model_B 2021-10-02T03:54:22.719241+00:00 [running]> on host d6b4131456ad
[2021-10-02 04:10:38,692] {taskinstance.py:1254} INFO - Exporting the following env vars:
AIRFLOW_CTX_DAG_OWNER=***
AIRFLOW_CTX_DAG_ID=my_dag
AIRFLOW_CTX_TASK_ID=Training_Model_B
AIRFLOW_CTX_EXECUTION_DATE=2021-10-02T03:54:22.719241+00:00
AIRFLOW_CTX_DAG_RUN_ID=manual__2021-10-02T03:54:22.719241+00:00
[2021-10-02 04:10:38,700] {python.py:151} INFO - Done. Returned value was: 1
[2021-10-02 04:10:38,908] {taskinstance.py:1219} INFO - Marking task as SUCCESS. dag_id=my_dag, task_id=Training_Model_B, execution_date=20211002T035422, start_date=20211002T041037, end_date=20211002T041038
[2021-10-02 04:10:39,046] {local_task_job.py:151} INFO - Task exited with return code 0
[2021-10-02 04:10:39,221] {local_task_job.py:261} INFO - 0 downstream tasks scheduled from follow-on schedule check
