[2021-10-03 01:31:47,865] {taskinstance.py:903} INFO - Dependencies all met for <TaskInstance: my_dag.Accurate 2021-10-03T01:31:43.794362+00:00 [queued]>
[2021-10-03 01:31:47,890] {taskinstance.py:903} INFO - Dependencies all met for <TaskInstance: my_dag.Accurate 2021-10-03T01:31:43.794362+00:00 [queued]>
[2021-10-03 01:31:47,891] {taskinstance.py:1095} INFO - 
--------------------------------------------------------------------------------
[2021-10-03 01:31:47,893] {taskinstance.py:1096} INFO - Starting attempt 1 of 1
[2021-10-03 01:31:47,894] {taskinstance.py:1097} INFO - 
--------------------------------------------------------------------------------
[2021-10-03 01:31:47,904] {taskinstance.py:1115} INFO - Executing <Task(BashOperator): Accurate> on 2021-10-03T01:31:43.794362+00:00
[2021-10-03 01:31:47,912] {standard_task_runner.py:52} INFO - Started process 26319 to run task
[2021-10-03 01:31:47,917] {standard_task_runner.py:76} INFO - Running: ['***', 'tasks', 'run', 'my_dag', 'Accurate', '2021-10-03T01:31:43.794362+00:00', '--job-id', '107', '--pool', 'default_pool', '--raw', '--subdir', 'DAGS_FOLDER/my_dag.py', '--cfg-path', '/tmp/tmpigm9ef_o', '--error-file', '/tmp/tmpx3jxh942']
[2021-10-03 01:31:47,919] {standard_task_runner.py:77} INFO - Job 107: Subtask Accurate
[2021-10-03 01:31:47,976] {logging_mixin.py:109} INFO - Running <TaskInstance: my_dag.Accurate 2021-10-03T01:31:43.794362+00:00 [running]> on host d6b4131456ad
[2021-10-03 01:31:48,041] {taskinstance.py:1254} INFO - Exporting the following env vars:
AIRFLOW_CTX_DAG_OWNER=***
AIRFLOW_CTX_DAG_ID=my_dag
AIRFLOW_CTX_TASK_ID=Accurate
AIRFLOW_CTX_EXECUTION_DATE=2021-10-03T01:31:43.794362+00:00
AIRFLOW_CTX_DAG_RUN_ID=manual__2021-10-03T01:31:43.794362+00:00
[2021-10-03 01:31:48,045] {subprocess.py:52} INFO - Tmp dir root location: 
 /tmp
[2021-10-03 01:31:48,047] {subprocess.py:63} INFO - Running command: ['bash', '-c', "printf '============\n\nAccurate\n\n=============' "]
[2021-10-03 01:31:48,058] {subprocess.py:74} INFO - Output:
[2021-10-03 01:31:48,060] {subprocess.py:78} INFO - ============
[2021-10-03 01:31:48,062] {subprocess.py:78} INFO - 
[2021-10-03 01:31:48,063] {subprocess.py:78} INFO - Accurate
[2021-10-03 01:31:48,064] {subprocess.py:78} INFO - 
[2021-10-03 01:31:48,065] {subprocess.py:78} INFO - =============
[2021-10-03 01:31:48,067] {subprocess.py:82} INFO - Command exited with return code 0
[2021-10-03 01:31:48,103] {taskinstance.py:1219} INFO - Marking task as SUCCESS. dag_id=my_dag, task_id=Accurate, execution_date=20211003T013143, start_date=20211003T013147, end_date=20211003T013148
[2021-10-03 01:31:48,137] {local_task_job.py:151} INFO - Task exited with return code 0
[2021-10-03 01:31:48,167] {local_task_job.py:261} INFO - 0 downstream tasks scheduled from follow-on schedule check
