[2021-10-17 02:46:39,347] {taskinstance.py:903} INFO - Dependencies all met for <TaskInstance: my_dag.Choose_Best_Model 2021-10-16T00:00:00+00:00 [queued]>
[2021-10-17 02:46:39,405] {taskinstance.py:903} INFO - Dependencies all met for <TaskInstance: my_dag.Choose_Best_Model 2021-10-16T00:00:00+00:00 [queued]>
[2021-10-17 02:46:39,411] {taskinstance.py:1095} INFO - 
--------------------------------------------------------------------------------
[2021-10-17 02:46:39,415] {taskinstance.py:1096} INFO - Starting attempt 1 of 1
[2021-10-17 02:46:39,418] {taskinstance.py:1097} INFO - 
--------------------------------------------------------------------------------
[2021-10-17 02:46:39,472] {taskinstance.py:1115} INFO - Executing <Task(BranchPythonOperator): Choose_Best_Model> on 2021-10-16T00:00:00+00:00
[2021-10-17 02:46:39,518] {standard_task_runner.py:76} INFO - Running: ['***', 'tasks', 'run', 'my_dag', 'Choose_Best_Model', '2021-10-16T00:00:00+00:00', '--job-id', '207', '--pool', 'default_pool', '--raw', '--subdir', 'DAGS_FOLDER/my_dag.py', '--cfg-path', '/tmp/tmp8sdllpfb', '--error-file', '/tmp/tmp5mtqn6u7']
[2021-10-17 02:46:39,521] {standard_task_runner.py:77} INFO - Job 207: Subtask Choose_Best_Model
[2021-10-17 02:46:39,488] {standard_task_runner.py:52} INFO - Started process 57109 to run task
[2021-10-17 02:46:39,824] {logging_mixin.py:109} INFO - Running <TaskInstance: my_dag.Choose_Best_Model 2021-10-16T00:00:00+00:00 [running]> on host d6b4131456ad
[2021-10-17 02:46:40,071] {taskinstance.py:1254} INFO - Exporting the following env vars:
AIRFLOW_CTX_DAG_OWNER=***
AIRFLOW_CTX_DAG_ID=my_dag
AIRFLOW_CTX_TASK_ID=Choose_Best_Model
AIRFLOW_CTX_EXECUTION_DATE=2021-10-16T00:00:00+00:00
AIRFLOW_CTX_DAG_RUN_ID=scheduled__2021-10-16T00:00:00+00:00
[2021-10-17 02:46:40,135] {logging_mixin.py:109} INFO - Accuracies: [1, 3, 9]
[2021-10-17 02:46:40,137] {python.py:151} INFO - Done. Returned value was: Not_Accurate
[2021-10-17 02:46:40,140] {skipmixin.py:124} INFO - Following branch Not_Accurate
[2021-10-17 02:46:40,190] {skipmixin.py:155} INFO - Skipping tasks ['Accurate']
[2021-10-17 02:46:40,430] {taskinstance.py:1219} INFO - Marking task as SUCCESS. dag_id=my_dag, task_id=Choose_Best_Model, execution_date=20211016T000000, start_date=20211017T024639, end_date=20211017T024640
[2021-10-17 02:46:40,516] {local_task_job.py:151} INFO - Task exited with return code 0
[2021-10-17 02:46:40,770] {local_task_job.py:261} INFO - 0 downstream tasks scheduled from follow-on schedule check
