[2021-10-03 01:27:54,952] {taskinstance.py:903} INFO - Dependencies all met for <TaskInstance: my_dag.Choose_Best_Model 2021-10-03T01:27:52.683228+00:00 [queued]>
[2021-10-03 01:27:54,969] {taskinstance.py:903} INFO - Dependencies all met for <TaskInstance: my_dag.Choose_Best_Model 2021-10-03T01:27:52.683228+00:00 [queued]>
[2021-10-03 01:27:54,970] {taskinstance.py:1095} INFO - 
--------------------------------------------------------------------------------
[2021-10-03 01:27:54,971] {taskinstance.py:1096} INFO - Starting attempt 1 of 1
[2021-10-03 01:27:54,972] {taskinstance.py:1097} INFO - 
--------------------------------------------------------------------------------
[2021-10-03 01:27:54,986] {taskinstance.py:1115} INFO - Executing <Task(BranchPythonOperator): Choose_Best_Model> on 2021-10-03T01:27:52.683228+00:00
[2021-10-03 01:27:54,992] {standard_task_runner.py:52} INFO - Started process 26014 to run task
[2021-10-03 01:27:54,997] {standard_task_runner.py:76} INFO - Running: ['***', 'tasks', 'run', 'my_dag', 'Choose_Best_Model', '2021-10-03T01:27:52.683228+00:00', '--job-id', '91', '--pool', 'default_pool', '--raw', '--subdir', 'DAGS_FOLDER/my_dag.py', '--cfg-path', '/tmp/tmphfx79cqn', '--error-file', '/tmp/tmpo68hxc0_']
[2021-10-03 01:27:55,001] {standard_task_runner.py:77} INFO - Job 91: Subtask Choose_Best_Model
[2021-10-03 01:27:55,063] {logging_mixin.py:109} INFO - Running <TaskInstance: my_dag.Choose_Best_Model 2021-10-03T01:27:52.683228+00:00 [running]> on host d6b4131456ad
[2021-10-03 01:27:55,125] {taskinstance.py:1254} INFO - Exporting the following env vars:
AIRFLOW_CTX_DAG_OWNER=***
AIRFLOW_CTX_DAG_ID=my_dag
AIRFLOW_CTX_TASK_ID=Choose_Best_Model
AIRFLOW_CTX_EXECUTION_DATE=2021-10-03T01:27:52.683228+00:00
AIRFLOW_CTX_DAG_RUN_ID=manual__2021-10-03T01:27:52.683228+00:00
[2021-10-03 01:27:55,143] {logging_mixin.py:109} INFO - Accuracies: [6, 2, 3]
[2021-10-03 01:27:55,145] {python.py:151} INFO - Done. Returned value was: Not_Accurate
[2021-10-03 01:27:55,146] {skipmixin.py:124} INFO - Following branch Not_Accurate
[2021-10-03 01:27:55,156] {skipmixin.py:155} INFO - Skipping tasks ['Accurate']
[2021-10-03 01:27:55,224] {taskinstance.py:1219} INFO - Marking task as SUCCESS. dag_id=my_dag, task_id=Choose_Best_Model, execution_date=20211003T012752, start_date=20211003T012754, end_date=20211003T012755
[2021-10-03 01:27:55,257] {local_task_job.py:151} INFO - Task exited with return code 0
[2021-10-03 01:27:55,298] {local_task_job.py:261} INFO - 1 downstream tasks scheduled from follow-on schedule check
