[2021-10-03 01:31:46,558] {taskinstance.py:903} INFO - Dependencies all met for <TaskInstance: my_dag.Choose_Best_Model 2021-10-03T01:31:43.794362+00:00 [queued]>
[2021-10-03 01:31:46,583] {taskinstance.py:903} INFO - Dependencies all met for <TaskInstance: my_dag.Choose_Best_Model 2021-10-03T01:31:43.794362+00:00 [queued]>
[2021-10-03 01:31:46,584] {taskinstance.py:1095} INFO - 
--------------------------------------------------------------------------------
[2021-10-03 01:31:46,585] {taskinstance.py:1096} INFO - Starting attempt 1 of 1
[2021-10-03 01:31:46,586] {taskinstance.py:1097} INFO - 
--------------------------------------------------------------------------------
[2021-10-03 01:31:46,601] {taskinstance.py:1115} INFO - Executing <Task(BranchPythonOperator): Choose_Best_Model> on 2021-10-03T01:31:43.794362+00:00
[2021-10-03 01:31:46,613] {standard_task_runner.py:76} INFO - Running: ['***', 'tasks', 'run', 'my_dag', 'Choose_Best_Model', '2021-10-03T01:31:43.794362+00:00', '--job-id', '106', '--pool', 'default_pool', '--raw', '--subdir', 'DAGS_FOLDER/my_dag.py', '--cfg-path', '/tmp/tmpxm5njbrv', '--error-file', '/tmp/tmp2qrvm_12']
[2021-10-03 01:31:46,615] {standard_task_runner.py:77} INFO - Job 106: Subtask Choose_Best_Model
[2021-10-03 01:31:46,609] {standard_task_runner.py:52} INFO - Started process 26317 to run task
[2021-10-03 01:31:46,677] {logging_mixin.py:109} INFO - Running <TaskInstance: my_dag.Choose_Best_Model 2021-10-03T01:31:43.794362+00:00 [running]> on host d6b4131456ad
[2021-10-03 01:31:46,747] {taskinstance.py:1254} INFO - Exporting the following env vars:
AIRFLOW_CTX_DAG_OWNER=***
AIRFLOW_CTX_DAG_ID=my_dag
AIRFLOW_CTX_TASK_ID=Choose_Best_Model
AIRFLOW_CTX_EXECUTION_DATE=2021-10-03T01:31:43.794362+00:00
AIRFLOW_CTX_DAG_RUN_ID=manual__2021-10-03T01:31:43.794362+00:00
[2021-10-03 01:31:46,764] {logging_mixin.py:109} INFO - Accuracies: [6, 2, 3]
[2021-10-03 01:31:46,766] {python.py:151} INFO - Done. Returned value was: Accurate
[2021-10-03 01:31:46,767] {skipmixin.py:124} INFO - Following branch Accurate
[2021-10-03 01:31:46,781] {skipmixin.py:155} INFO - Skipping tasks ['Not_Accurate']
[2021-10-03 01:31:46,846] {taskinstance.py:1219} INFO - Marking task as SUCCESS. dag_id=my_dag, task_id=Choose_Best_Model, execution_date=20211003T013143, start_date=20211003T013146, end_date=20211003T013146
[2021-10-03 01:31:46,918] {local_task_job.py:151} INFO - Task exited with return code 0
[2021-10-03 01:31:46,952] {local_task_job.py:261} INFO - 1 downstream tasks scheduled from follow-on schedule check
