[2021-10-03 00:51:22,867] {taskinstance.py:903} INFO - Dependencies all met for <TaskInstance: my_dag.Not_Accurate 2021-10-03T00:51:19.473852+00:00 [queued]>
[2021-10-03 00:51:22,906] {taskinstance.py:903} INFO - Dependencies all met for <TaskInstance: my_dag.Not_Accurate 2021-10-03T00:51:19.473852+00:00 [queued]>
[2021-10-03 00:51:22,907] {taskinstance.py:1095} INFO - 
--------------------------------------------------------------------------------
[2021-10-03 00:51:22,908] {taskinstance.py:1096} INFO - Starting attempt 1 of 1
[2021-10-03 00:51:22,909] {taskinstance.py:1097} INFO - 
--------------------------------------------------------------------------------
[2021-10-03 00:51:22,918] {taskinstance.py:1115} INFO - Executing <Task(BashOperator): Not_Accurate> on 2021-10-03T00:51:19.473852+00:00
[2021-10-03 00:51:22,926] {standard_task_runner.py:76} INFO - Running: ['***', 'tasks', 'run', 'my_dag', 'Not_Accurate', '2021-10-03T00:51:19.473852+00:00', '--job-id', '77', '--pool', 'default_pool', '--raw', '--subdir', 'DAGS_FOLDER/my_dag.py', '--cfg-path', '/tmp/tmpl8apkgb2', '--error-file', '/tmp/tmp6cyf6f6n']
[2021-10-03 00:51:22,922] {standard_task_runner.py:52} INFO - Started process 25193 to run task
[2021-10-03 00:51:22,928] {standard_task_runner.py:77} INFO - Job 77: Subtask Not_Accurate
[2021-10-03 00:51:22,990] {logging_mixin.py:109} INFO - Running <TaskInstance: my_dag.Not_Accurate 2021-10-03T00:51:19.473852+00:00 [running]> on host d6b4131456ad
[2021-10-03 00:51:23,059] {taskinstance.py:1254} INFO - Exporting the following env vars:
AIRFLOW_CTX_DAG_OWNER=***
AIRFLOW_CTX_DAG_ID=my_dag
AIRFLOW_CTX_TASK_ID=Not_Accurate
AIRFLOW_CTX_EXECUTION_DATE=2021-10-03T00:51:19.473852+00:00
AIRFLOW_CTX_DAG_RUN_ID=manual__2021-10-03T00:51:19.473852+00:00
[2021-10-03 00:51:23,063] {subprocess.py:52} INFO - Tmp dir root location: 
 /tmp
[2021-10-03 00:51:23,065] {subprocess.py:63} INFO - Running command: ['bash', '-c', "printf '============\n\nNot Accurate\n\n=============' "]
[2021-10-03 00:51:23,078] {subprocess.py:74} INFO - Output:
[2021-10-03 00:51:23,080] {subprocess.py:78} INFO - ============
[2021-10-03 00:51:23,081] {subprocess.py:78} INFO - 
[2021-10-03 00:51:23,082] {subprocess.py:78} INFO - Not Accurate
[2021-10-03 00:51:23,082] {subprocess.py:78} INFO - 
[2021-10-03 00:51:23,083] {subprocess.py:78} INFO - =============
[2021-10-03 00:51:23,084] {subprocess.py:82} INFO - Command exited with return code 0
[2021-10-03 00:51:23,120] {taskinstance.py:1219} INFO - Marking task as SUCCESS. dag_id=my_dag, task_id=Not_Accurate, execution_date=20211003T005119, start_date=20211003T005122, end_date=20211003T005123
[2021-10-03 00:51:23,186] {local_task_job.py:151} INFO - Task exited with return code 0
[2021-10-03 00:51:23,230] {local_task_job.py:261} INFO - 0 downstream tasks scheduled from follow-on schedule check
