[2021-10-05 11:58:39,840] {taskinstance.py:903} INFO - Dependencies all met for <TaskInstance: my_dag.Choose_Best_Model 2021-10-05T11:58:35.108275+00:00 [queued]>
[2021-10-05 11:58:39,867] {taskinstance.py:903} INFO - Dependencies all met for <TaskInstance: my_dag.Choose_Best_Model 2021-10-05T11:58:35.108275+00:00 [queued]>
[2021-10-05 11:58:39,869] {taskinstance.py:1095} INFO - 
--------------------------------------------------------------------------------
[2021-10-05 11:58:39,870] {taskinstance.py:1096} INFO - Starting attempt 1 of 1
[2021-10-05 11:58:39,871] {taskinstance.py:1097} INFO - 
--------------------------------------------------------------------------------
[2021-10-05 11:58:39,884] {taskinstance.py:1115} INFO - Executing <Task(BranchPythonOperator): Choose_Best_Model> on 2021-10-05T11:58:35.108275+00:00
[2021-10-05 11:58:39,892] {standard_task_runner.py:52} INFO - Started process 74153 to run task
[2021-10-05 11:58:39,899] {standard_task_runner.py:76} INFO - Running: ['***', 'tasks', 'run', 'my_dag', 'Choose_Best_Model', '2021-10-05T11:58:35.108275+00:00', '--job-id', '126', '--pool', 'default_pool', '--raw', '--subdir', 'DAGS_FOLDER/my_dag.py', '--cfg-path', '/tmp/tmpgjs88vep', '--error-file', '/tmp/tmpejo05083']
[2021-10-05 11:58:39,902] {standard_task_runner.py:77} INFO - Job 126: Subtask Choose_Best_Model
[2021-10-05 11:58:39,970] {logging_mixin.py:109} INFO - Running <TaskInstance: my_dag.Choose_Best_Model 2021-10-05T11:58:35.108275+00:00 [running]> on host d6b4131456ad
[2021-10-05 11:58:40,043] {taskinstance.py:1254} INFO - Exporting the following env vars:
AIRFLOW_CTX_DAG_OWNER=***
AIRFLOW_CTX_DAG_ID=my_dag
AIRFLOW_CTX_TASK_ID=Choose_Best_Model
AIRFLOW_CTX_EXECUTION_DATE=2021-10-05T11:58:35.108275+00:00
AIRFLOW_CTX_DAG_RUN_ID=manual__2021-10-05T11:58:35.108275+00:00
[2021-10-05 11:58:40,062] {logging_mixin.py:109} INFO - Accuracies: [2, 3, 6]
[2021-10-05 11:58:40,063] {python.py:151} INFO - Done. Returned value was: Accurate
[2021-10-05 11:58:40,064] {skipmixin.py:124} INFO - Following branch Accurate
[2021-10-05 11:58:40,075] {skipmixin.py:155} INFO - Skipping tasks ['Not_Accurate']
[2021-10-05 11:58:40,138] {taskinstance.py:1219} INFO - Marking task as SUCCESS. dag_id=my_dag, task_id=Choose_Best_Model, execution_date=20211005T115835, start_date=20211005T115839, end_date=20211005T115840
[2021-10-05 11:58:40,199] {local_task_job.py:151} INFO - Task exited with return code 0
[2021-10-05 11:58:40,239] {local_task_job.py:261} INFO - 1 downstream tasks scheduled from follow-on schedule check
