[2021-10-03 00:10:04,489] {taskinstance.py:903} INFO - Dependencies all met for <TaskInstance: my_dag.Training_Model_A 2021-10-02T00:00:00+00:00 [queued]>
[2021-10-03 00:10:04,574] {taskinstance.py:903} INFO - Dependencies all met for <TaskInstance: my_dag.Training_Model_A 2021-10-02T00:00:00+00:00 [queued]>
[2021-10-03 00:10:04,576] {taskinstance.py:1095} INFO - 
--------------------------------------------------------------------------------
[2021-10-03 00:10:04,577] {taskinstance.py:1096} INFO - Starting attempt 1 of 1
[2021-10-03 00:10:04,579] {taskinstance.py:1097} INFO - 
--------------------------------------------------------------------------------
[2021-10-03 00:10:04,619] {taskinstance.py:1115} INFO - Executing <Task(PythonOperator): Training_Model_A> on 2021-10-02T00:00:00+00:00
[2021-10-03 00:10:04,667] {standard_task_runner.py:76} INFO - Running: ['***', 'tasks', 'run', 'my_dag', 'Training_Model_A', '2021-10-02T00:00:00+00:00', '--job-id', '42', '--pool', 'default_pool', '--raw', '--subdir', 'DAGS_FOLDER/my_dag.py', '--cfg-path', '/tmp/tmpdj9rl8b8', '--error-file', '/tmp/tmp_sz7u52h']
[2021-10-03 00:10:04,671] {standard_task_runner.py:77} INFO - Job 42: Subtask Training_Model_A
[2021-10-03 00:10:04,647] {standard_task_runner.py:52} INFO - Started process 22358 to run task
[2021-10-03 00:10:04,875] {logging_mixin.py:109} INFO - Running <TaskInstance: my_dag.Training_Model_A 2021-10-02T00:00:00+00:00 [running]> on host d6b4131456ad
[2021-10-03 00:10:05,183] {taskinstance.py:1254} INFO - Exporting the following env vars:
AIRFLOW_CTX_DAG_OWNER=***
AIRFLOW_CTX_DAG_ID=my_dag
AIRFLOW_CTX_TASK_ID=Training_Model_A
AIRFLOW_CTX_EXECUTION_DATE=2021-10-02T00:00:00+00:00
AIRFLOW_CTX_DAG_RUN_ID=scheduled__2021-10-02T00:00:00+00:00
[2021-10-03 00:10:05,288] {python.py:151} INFO - Done. Returned value was: None
[2021-10-03 00:10:05,371] {taskinstance.py:1219} INFO - Marking task as SUCCESS. dag_id=my_dag, task_id=Training_Model_A, execution_date=20211002T000000, start_date=20211003T001004, end_date=20211003T001005
[2021-10-03 00:10:05,493] {local_task_job.py:151} INFO - Task exited with return code 0
[2021-10-03 00:10:05,619] {local_task_job.py:261} INFO - 1 downstream tasks scheduled from follow-on schedule check
