[2021-10-03 00:46:16,823] {taskinstance.py:903} INFO - Dependencies all met for <TaskInstance: my_dag.Choose_Best_Model 2021-10-03T00:46:13.787815+00:00 [queued]>
[2021-10-03 00:46:16,845] {taskinstance.py:903} INFO - Dependencies all met for <TaskInstance: my_dag.Choose_Best_Model 2021-10-03T00:46:13.787815+00:00 [queued]>
[2021-10-03 00:46:16,846] {taskinstance.py:1095} INFO - 
--------------------------------------------------------------------------------
[2021-10-03 00:46:16,847] {taskinstance.py:1096} INFO - Starting attempt 1 of 1
[2021-10-03 00:46:16,849] {taskinstance.py:1097} INFO - 
--------------------------------------------------------------------------------
[2021-10-03 00:46:16,860] {taskinstance.py:1115} INFO - Executing <Task(BranchPythonOperator): Choose_Best_Model> on 2021-10-03T00:46:13.787815+00:00
[2021-10-03 00:46:16,865] {standard_task_runner.py:52} INFO - Started process 24848 to run task
[2021-10-03 00:46:16,875] {standard_task_runner.py:76} INFO - Running: ['***', 'tasks', 'run', 'my_dag', 'Choose_Best_Model', '2021-10-03T00:46:13.787815+00:00', '--job-id', '71', '--pool', 'default_pool', '--raw', '--subdir', 'DAGS_FOLDER/my_dag.py', '--cfg-path', '/tmp/tmpn49p2d_h', '--error-file', '/tmp/tmpnr6fs9bw']
[2021-10-03 00:46:16,877] {standard_task_runner.py:77} INFO - Job 71: Subtask Choose_Best_Model
[2021-10-03 00:46:16,940] {logging_mixin.py:109} INFO - Running <TaskInstance: my_dag.Choose_Best_Model 2021-10-03T00:46:13.787815+00:00 [running]> on host d6b4131456ad
[2021-10-03 00:46:17,010] {taskinstance.py:1254} INFO - Exporting the following env vars:
AIRFLOW_CTX_DAG_OWNER=***
AIRFLOW_CTX_DAG_ID=my_dag
AIRFLOW_CTX_TASK_ID=Choose_Best_Model
AIRFLOW_CTX_EXECUTION_DATE=2021-10-03T00:46:13.787815+00:00
AIRFLOW_CTX_DAG_RUN_ID=manual__2021-10-03T00:46:13.787815+00:00
[2021-10-03 00:46:17,022] {logging_mixin.py:109} INFO - Accuracies: [6, 3, 2]
[2021-10-03 00:46:17,023] {python.py:151} INFO - Done. Returned value was: Not_Accurate
[2021-10-03 00:46:17,024] {skipmixin.py:124} INFO - Following branch Not_Accurate
[2021-10-03 00:46:17,034] {skipmixin.py:155} INFO - Skipping tasks ['Accurate']
[2021-10-03 00:46:17,096] {taskinstance.py:1219} INFO - Marking task as SUCCESS. dag_id=my_dag, task_id=Choose_Best_Model, execution_date=20211003T004613, start_date=20211003T004616, end_date=20211003T004617
[2021-10-03 00:46:17,129] {local_task_job.py:151} INFO - Task exited with return code 0
[2021-10-03 00:46:17,164] {local_task_job.py:261} INFO - 1 downstream tasks scheduled from follow-on schedule check
