[2021-10-03 00:30:15,612] {taskinstance.py:903} INFO - Dependencies all met for <TaskInstance: my_dag.Training_Model_C 2021-10-03T00:30:14.112867+00:00 [queued]>
[2021-10-03 00:30:15,633] {taskinstance.py:903} INFO - Dependencies all met for <TaskInstance: my_dag.Training_Model_C 2021-10-03T00:30:14.112867+00:00 [queued]>
[2021-10-03 00:30:15,634] {taskinstance.py:1095} INFO - 
--------------------------------------------------------------------------------
[2021-10-03 00:30:15,635] {taskinstance.py:1096} INFO - Starting attempt 1 of 1
[2021-10-03 00:30:15,636] {taskinstance.py:1097} INFO - 
--------------------------------------------------------------------------------
[2021-10-03 00:30:15,662] {taskinstance.py:1115} INFO - Executing <Task(PythonOperator): Training_Model_C> on 2021-10-03T00:30:14.112867+00:00
[2021-10-03 00:30:15,675] {standard_task_runner.py:76} INFO - Running: ['***', 'tasks', 'run', 'my_dag', 'Training_Model_C', '2021-10-03T00:30:14.112867+00:00', '--job-id', '51', '--pool', 'default_pool', '--raw', '--subdir', 'DAGS_FOLDER/my_dag.py', '--cfg-path', '/tmp/tmp0azq15n2', '--error-file', '/tmp/tmpddzcv2if']
[2021-10-03 00:30:15,668] {standard_task_runner.py:52} INFO - Started process 23733 to run task
[2021-10-03 00:30:15,686] {standard_task_runner.py:77} INFO - Job 51: Subtask Training_Model_C
[2021-10-03 00:30:15,784] {logging_mixin.py:109} INFO - Running <TaskInstance: my_dag.Training_Model_C 2021-10-03T00:30:14.112867+00:00 [running]> on host d6b4131456ad
[2021-10-03 00:30:15,872] {taskinstance.py:1254} INFO - Exporting the following env vars:
AIRFLOW_CTX_DAG_OWNER=***
AIRFLOW_CTX_DAG_ID=my_dag
AIRFLOW_CTX_TASK_ID=Training_Model_C
AIRFLOW_CTX_EXECUTION_DATE=2021-10-03T00:30:14.112867+00:00
AIRFLOW_CTX_DAG_RUN_ID=manual__2021-10-03T00:30:14.112867+00:00
[2021-10-03 00:30:15,897] {python.py:151} INFO - Done. Returned value was: None
[2021-10-03 00:30:15,919] {taskinstance.py:1219} INFO - Marking task as SUCCESS. dag_id=my_dag, task_id=Training_Model_C, execution_date=20211003T003014, start_date=20211003T003015, end_date=20211003T003015
[2021-10-03 00:30:15,985] {local_task_job.py:151} INFO - Task exited with return code 0
[2021-10-03 00:30:16,029] {local_task_job.py:261} INFO - 0 downstream tasks scheduled from follow-on schedule check
