[2021-10-03 00:44:36,622] {taskinstance.py:903} INFO - Dependencies all met for <TaskInstance: my_dag.Choose_Best_Model 2021-10-03T00:44:33.783380+00:00 [queued]>
[2021-10-03 00:44:36,677] {taskinstance.py:903} INFO - Dependencies all met for <TaskInstance: my_dag.Choose_Best_Model 2021-10-03T00:44:33.783380+00:00 [queued]>
[2021-10-03 00:44:36,678] {taskinstance.py:1095} INFO - 
--------------------------------------------------------------------------------
[2021-10-03 00:44:36,679] {taskinstance.py:1096} INFO - Starting attempt 1 of 1
[2021-10-03 00:44:36,680] {taskinstance.py:1097} INFO - 
--------------------------------------------------------------------------------
[2021-10-03 00:44:36,695] {taskinstance.py:1115} INFO - Executing <Task(BranchPythonOperator): Choose_Best_Model> on 2021-10-03T00:44:33.783380+00:00
[2021-10-03 00:44:36,706] {standard_task_runner.py:52} INFO - Started process 24730 to run task
[2021-10-03 00:44:36,713] {standard_task_runner.py:76} INFO - Running: ['***', 'tasks', 'run', 'my_dag', 'Choose_Best_Model', '2021-10-03T00:44:33.783380+00:00', '--job-id', '66', '--pool', 'default_pool', '--raw', '--subdir', 'DAGS_FOLDER/my_dag.py', '--cfg-path', '/tmp/tmpzvknxcs2', '--error-file', '/tmp/tmp4gyd573o']
[2021-10-03 00:44:36,718] {standard_task_runner.py:77} INFO - Job 66: Subtask Choose_Best_Model
[2021-10-03 00:44:36,821] {logging_mixin.py:109} INFO - Running <TaskInstance: my_dag.Choose_Best_Model 2021-10-03T00:44:33.783380+00:00 [running]> on host d6b4131456ad
[2021-10-03 00:44:36,915] {taskinstance.py:1254} INFO - Exporting the following env vars:
AIRFLOW_CTX_DAG_OWNER=***
AIRFLOW_CTX_DAG_ID=my_dag
AIRFLOW_CTX_TASK_ID=Choose_Best_Model
AIRFLOW_CTX_EXECUTION_DATE=2021-10-03T00:44:33.783380+00:00
AIRFLOW_CTX_DAG_RUN_ID=manual__2021-10-03T00:44:33.783380+00:00
[2021-10-03 00:44:36,947] {logging_mixin.py:109} INFO - Accuracies: [6, 2, 3]
[2021-10-03 00:44:36,949] {python.py:151} INFO - Done. Returned value was: Not_Accurate
[2021-10-03 00:44:36,951] {skipmixin.py:124} INFO - Following branch Not_Accurate
[2021-10-03 00:44:36,970] {skipmixin.py:155} INFO - Skipping tasks ['Accurate']
[2021-10-03 00:44:37,035] {taskinstance.py:1219} INFO - Marking task as SUCCESS. dag_id=my_dag, task_id=Choose_Best_Model, execution_date=20211003T004433, start_date=20211003T004436, end_date=20211003T004437
[2021-10-03 00:44:37,070] {local_task_job.py:151} INFO - Task exited with return code 0
[2021-10-03 00:44:37,109] {local_task_job.py:261} INFO - 1 downstream tasks scheduled from follow-on schedule check
